Using pre-set license
Built from '2021.3/staging' branch; Version is '2021.3.5f1 (40eb3a945986) revision 4254522'; Using compiler version '192829333'; Build Type 'Release'
OS: 'Windows 11  (10.0.22000) 64bit Education' Language: 'ko' Physical Memory: 16310 MB
BatchMode: 1, IsHumanControllingUs: 0, StartBugReporterOnCrash: 0, Is64bit: 1, IsPro: 1

COMMAND LINE ARGUMENTS:
C:\Program Files\Unity\Hub\Editor\2021.3.5f1\Editor\Unity.exe
-adb2
-batchMode
-noUpm
-name
AssetImportWorker13
-projectPath
D:/GitHub/Tile
-logFile
Logs/AssetImportWorker13.log
-srvPort
62624
Successfully changed project path to: D:/GitHub/Tile
D:/GitHub/Tile
[UnityMemory] Configuration Parameters - Can be set up in boot.config
    "memorysetup-bucket-allocator-granularity=16"
    "memorysetup-bucket-allocator-bucket-count=8"
    "memorysetup-bucket-allocator-block-size=33554432"
    "memorysetup-bucket-allocator-block-count=8"
    "memorysetup-main-allocator-block-size=16777216"
    "memorysetup-thread-allocator-block-size=16777216"
    "memorysetup-gfx-main-allocator-block-size=16777216"
    "memorysetup-gfx-thread-allocator-block-size=16777216"
    "memorysetup-cache-allocator-block-size=4194304"
    "memorysetup-typetree-allocator-block-size=2097152"
    "memorysetup-profiler-bucket-allocator-granularity=16"
    "memorysetup-profiler-bucket-allocator-bucket-count=8"
    "memorysetup-profiler-bucket-allocator-block-size=33554432"
    "memorysetup-profiler-bucket-allocator-block-count=8"
    "memorysetup-profiler-allocator-block-size=16777216"
    "memorysetup-profiler-editor-allocator-block-size=1048576"
    "memorysetup-temp-allocator-size-main=16777216"
    "memorysetup-job-temp-allocator-block-size=2097152"
    "memorysetup-job-temp-allocator-block-size-background=1048576"
    "memorysetup-job-temp-allocator-reduction-small-platforms=262144"
    "memorysetup-temp-allocator-size-background-worker=32768"
    "memorysetup-temp-allocator-size-job-worker=262144"
    "memorysetup-temp-allocator-size-preload-manager=33554432"
    "memorysetup-temp-allocator-size-nav-mesh-worker=65536"
    "memorysetup-temp-allocator-size-audio-worker=65536"
    "memorysetup-temp-allocator-size-cloud-worker=32768"
    "memorysetup-temp-allocator-size-gi-baking-worker=262144"
    "memorysetup-temp-allocator-size-gfx=262144"
Refreshing native plugins compatible for Editor in 103.48 ms, found 5 plugins.
Preloading 0 native plugins for Editor in 0.00 ms.
Initialize engine version: 2021.3.5f1 (40eb3a945986)
[Subsystems] Discovering subsystems at path C:/Program Files/Unity/Hub/Editor/2021.3.5f1/Editor/Data/Resources/UnitySubsystems
[Subsystems] Discovering subsystems at path D:/GitHub/Tile/Assets
GfxDevice: creating device client; threaded=0; jobified=0
Direct3D:
    Version:  Direct3D 11.0 [level 11.1]
    Renderer: NVIDIA GeForce RTX 3060 Ti (ID=0x2486)
    Vendor:   NVIDIA
    VRAM:     8050 MB
    Driver:   31.0.15.1694
Initialize mono
Mono path[0] = 'C:/Program Files/Unity/Hub/Editor/2021.3.5f1/Editor/Data/Managed'
Mono path[1] = 'C:/Program Files/Unity/Hub/Editor/2021.3.5f1/Editor/Data/MonoBleedingEdge/lib/mono/unityjit-win32'
Mono config path = 'C:/Program Files/Unity/Hub/Editor/2021.3.5f1/Editor/Data/MonoBleedingEdge/etc'
Using monoOptions --debugger-agent=transport=dt_socket,embedding=1,server=y,suspend=n,address=127.0.0.1:56464
Begin MonoManager ReloadAssembly
Registering precompiled unity dll's ...
Register platform support module: C:/Program Files/Unity/Hub/Editor/2021.3.5f1/Editor/Data/PlaybackEngines/WindowsStandaloneSupport/UnityEditor.WindowsStandalone.Extensions.dll
Registered in 0.002566 seconds.
Native extension for WindowsStandalone target not found
Refreshing native plugins compatible for Editor in 94.46 ms, found 5 plugins.
Preloading 0 native plugins for Editor in 0.00 ms.
Mono: successfully reloaded assembly
- Completed reload, in  0.630 seconds
Domain Reload Profiling:
	ReloadAssembly (630ms)
		BeginReloadAssembly (67ms)
			ExecutionOrderSort (0ms)
			DisableScriptedObjects (0ms)
			BackupInstance (0ms)
			ReleaseScriptingObjects (0ms)
			CreateAndSetChildDomain (1ms)
		EndReloadAssembly (460ms)
			LoadAssemblies (66ms)
			RebuildTransferFunctionScriptingTraits (0ms)
			SetupTypeCache (98ms)
			ReleaseScriptCaches (0ms)
			RebuildScriptCaches (25ms)
			SetupLoadedEditorAssemblies (292ms)
				LogAssemblyErrors (0ms)
				InitializePlatformSupportModulesInManaged (8ms)
				SetLoadedEditorAssemblies (0ms)
				RefreshPlugins (95ms)
				BeforeProcessingInitializeOnLoad (1ms)
				ProcessInitializeOnLoadAttributes (122ms)
				ProcessInitializeOnLoadMethodAttributes (66ms)
				AfterProcessingInitializeOnLoad (0ms)
				EditorAssembliesLoaded (0ms)
			ExecutionOrderSort2 (0ms)
			AwakeInstancesAfterBackupRestoration (0ms)
Platform modules already initialized, skipping
Registering precompiled user dll's ...
Registered in 0.004377 seconds.
Begin MonoManager ReloadAssembly
Symbol file LoadedFromMemory doesn't match image D:\GitHub\Tile\Library\PackageCache\com.unity.visualscripting@1.7.8\Editor\VisualScripting.Core\Dependencies\YamlDotNet\Unity.VisualScripting.YamlDotNet.dll
Symbol file LoadedFromMemory doesn't match image D:\GitHub\Tile\Library\PackageCache\com.unity.visualscripting@1.7.8\Editor\VisualScripting.Core\Dependencies\DotNetZip\Unity.VisualScripting.IonicZip.dll
Native extension for WindowsStandalone target not found
Refreshing native plugins compatible for Editor in 0.84 ms, found 5 plugins.
Preloading 0 native plugins for Editor in 0.00 ms.
Mono: successfully reloaded assembly
- Completed reload, in  1.039 seconds
Domain Reload Profiling:
	ReloadAssembly (1040ms)
		BeginReloadAssembly (140ms)
			ExecutionOrderSort (0ms)
			DisableScriptedObjects (7ms)
			BackupInstance (0ms)
			ReleaseScriptingObjects (0ms)
			CreateAndSetChildDomain (24ms)
		EndReloadAssembly (787ms)
			LoadAssemblies (104ms)
			RebuildTransferFunctionScriptingTraits (0ms)
			SetupTypeCache (232ms)
			ReleaseScriptCaches (1ms)
			RebuildScriptCaches (61ms)
			SetupLoadedEditorAssemblies (363ms)
				LogAssemblyErrors (0ms)
				InitializePlatformSupportModulesInManaged (4ms)
				SetLoadedEditorAssemblies (0ms)
				RefreshPlugins (1ms)
				BeforeProcessingInitializeOnLoad (85ms)
				ProcessInitializeOnLoadAttributes (240ms)
				ProcessInitializeOnLoadMethodAttributes (29ms)
				AfterProcessingInitializeOnLoad (2ms)
				EditorAssembliesLoaded (0ms)
			ExecutionOrderSort2 (0ms)
			AwakeInstancesAfterBackupRestoration (22ms)
Platform modules already initialized, skipping
========================================================================
Worker process is ready to serve import requests
Launched and connected shader compiler UnityShaderCompiler.exe after 0.08 seconds
Refreshing native plugins compatible for Editor in 0.85 ms, found 5 plugins.
Preloading 0 native plugins for Editor in 0.00 ms.
Unloading 3699 Unused Serialized files (Serialized files now loaded: 0)
Unloading 42 unused Assets / (1.3 MB). Loaded Objects now: 4142.
Memory consumption went from 137.8 MB to 136.5 MB.
Total: 3.951000 ms (FindLiveObjects: 0.281900 ms CreateObjectMapping: 0.107200 ms MarkObjects: 3.146400 ms  DeleteObjects: 0.414600 ms)

AssetImportParameters requested are different than current active one (requested -> active):
  custom:video-decoder-ogg-theora: a1e56fd34408186e4bbccfd4996cb3dc -> 
  custom:container-muxer-webm: aa71ff27fc2769a1b78a27578f13a17b -> 
  custom:container-demuxer-webm: 4f35f7cbe854078d1ac9338744f61a02 -> 
  custom:video-encoder-webm-vp8: eb34c28f22e8b96e1ab97ce403110664 -> 
  custom:video-codec-MediaFoundation-h265: 746d11721c4dcdbdad8f713fa42b33f4 -> 
  custom:audio-encoder-webm-vorbis: bf7c407c2cedff20999df2af8eb42d56 -> 
  custom:framework-win-MediaFoundation: 216162199b28c13a410421893ffa2e32 -> 
  custom:container-demuxer-ogg: 62fdf1f143b41e24485cea50d1cbac27 -> 
  custom:video-decoder-webm-vp8: 9c59270c3fd7afecdb556c50c9e8de78 -> 
  custom:audio-decoder-ogg-vorbis: bf7c407c2cedff20999df2af8eb42d56 -> 
========================================================================
Received Import Request.
  Time since last request: 14205.570241 seconds.
  path: Assets/Import/UI/Puzzle stage & settings GUI Pack/Image_pink/txt/3.png
  artifactKey: Guid(5d5c8508eedc5e649a5444ed20394493) Importer(815301076,1909f56bfc062723c751e8b465ee728b)
Start importing Assets/Import/UI/Puzzle stage & settings GUI Pack/Image_pink/txt/3.png using Guid(5d5c8508eedc5e649a5444ed20394493) Importer(815301076,1909f56bfc062723c751e8b465ee728b)  -> (artifact id: '37cc930e34cdc186053f460691d8cf94') in 0.249706 seconds 
========================================================================
Received Import Request.
  Time since last request: 0.000021 seconds.
  path: Assets/Import/UI/Puzzle stage & settings GUI Pack/Image_pink/txt/9.png
  artifactKey: Guid(b92af1a3781450946b0deef5b4982fb1) Importer(815301076,1909f56bfc062723c751e8b465ee728b)
Start importing Assets/Import/UI/Puzzle stage & settings GUI Pack/Image_pink/txt/9.png using Guid(b92af1a3781450946b0deef5b4982fb1) Importer(815301076,1909f56bfc062723c751e8b465ee728b)  -> (artifact id: 'd5d67b3f6d6076710e66593c4b74d810') in 0.070223 seconds 
========================================================================
Received Import Request.
  Time since last request: 29.528491 seconds.
  path: Assets/Import/UI/Puzzle stage & settings GUI Pack/Image_red/s_b/home.png
  artifactKey: Guid(7d9b81e69a520da4780afba3307f4d49) Importer(815301076,1909f56bfc062723c751e8b465ee728b)
Start importing Assets/Import/UI/Puzzle stage & settings GUI Pack/Image_red/s_b/home.png using Guid(7d9b81e69a520da4780afba3307f4d49) Importer(815301076,1909f56bfc062723c751e8b465ee728b)  -> (artifact id: 'c25cece50925f15f3ef0c977eba2fd81') in 0.300574 seconds 
========================================================================
Received Import Request.
  Time since last request: 0.000024 seconds.
  path: Assets/Import/UI/Puzzle stage & settings GUI Pack/Image_red/s_b/post.png
  artifactKey: Guid(df1f4fac31f1f9a4eb696860062612e7) Importer(815301076,1909f56bfc062723c751e8b465ee728b)
Start importing Assets/Import/UI/Puzzle stage & settings GUI Pack/Image_red/s_b/post.png using Guid(df1f4fac31f1f9a4eb696860062612e7) Importer(815301076,1909f56bfc062723c751e8b465ee728b)  -> (artifact id: '763c729e148e2787045e0c1a1a6418b8') in 0.169037 seconds 
========================================================================
Received Import Request.
  Time since last request: 0.000025 seconds.
  path: Assets/Import/UI/Puzzle stage & settings GUI Pack/Image_red/s_b/shop.png
  artifactKey: Guid(8f058d5e7842192449274996d0e2b5ff) Importer(815301076,1909f56bfc062723c751e8b465ee728b)
Start importing Assets/Import/UI/Puzzle stage & settings GUI Pack/Image_red/s_b/shop.png using Guid(8f058d5e7842192449274996d0e2b5ff) Importer(815301076,1909f56bfc062723c751e8b465ee728b)  -> (artifact id: '41c1a641b5c144185f7ee2c96175f6b2') in 0.156739 seconds 
========================================================================
Received Import Request.
  Time since last request: 0.000341 seconds.
  path: Assets/Import/UI/Puzzle stage & settings GUI Pack/Image_red/s_b/menu.png
  artifactKey: Guid(46229047725646d42b7f29bfca7f4160) Importer(815301076,1909f56bfc062723c751e8b465ee728b)
Start importing Assets/Import/UI/Puzzle stage & settings GUI Pack/Image_red/s_b/menu.png using Guid(46229047725646d42b7f29bfca7f4160) Importer(815301076,1909f56bfc062723c751e8b465ee728b)  -> (artifact id: '2f6ff719b037295dfca61dc57c5ee217') in 0.092765 seconds 
========================================================================
Received Import Request.
  Time since last request: 16.773463 seconds.
  path: Assets/Import/UI/Puzzle stage & settings GUI Pack/Image_blue/text/3.png
  artifactKey: Guid(7a9106d6738c68b4e9e9e1e6462befec) Importer(815301076,1909f56bfc062723c751e8b465ee728b)
Start importing Assets/Import/UI/Puzzle stage & settings GUI Pack/Image_blue/text/3.png using Guid(7a9106d6738c68b4e9e9e1e6462befec) Importer(815301076,1909f56bfc062723c751e8b465ee728b)  -> (artifact id: 'f52947d9ecaadf22dc3224cd5374a6ed') in 0.031010 seconds 
========================================================================
Received Import Request.
  Time since last request: 0.000021 seconds.
  path: Assets/Import/UI/Puzzle stage & settings GUI Pack/Image_blue/text/9.png
  artifactKey: Guid(8adef68f20ab37145ac99ea3d54c98d3) Importer(815301076,1909f56bfc062723c751e8b465ee728b)
Start importing Assets/Import/UI/Puzzle stage & settings GUI Pack/Image_blue/text/9.png using Guid(8adef68f20ab37145ac99ea3d54c98d3) Importer(815301076,1909f56bfc062723c751e8b465ee728b)  -> (artifact id: '87994b94d9adf5fa2a822c3a049841e6') in 0.130500 seconds 
========================================================================
Received Import Request.
  Time since last request: 0.000030 seconds.
  path: Assets/Import/UI/Puzzle stage & settings GUI Pack/Image_blue/text/speed.png
  artifactKey: Guid(39c67664b21e4e3418ef037da8d44dee) Importer(815301076,1909f56bfc062723c751e8b465ee728b)
Start importing Assets/Import/UI/Puzzle stage & settings GUI Pack/Image_blue/text/speed.png using Guid(39c67664b21e4e3418ef037da8d44dee) Importer(815301076,1909f56bfc062723c751e8b465ee728b)  -> (artifact id: 'e413641884b6bac1a7bdf7d010055711') in 0.098327 seconds 
========================================================================
Received Import Request.
  Time since last request: 10.469331 seconds.
  path: Assets/Import/UI/Puzzle stage & settings GUI Pack/Image_green/s_button/home.png
  artifactKey: Guid(95fb400dca4b159408c277fd10c14a28) Importer(815301076,1909f56bfc062723c751e8b465ee728b)
Start importing Assets/Import/UI/Puzzle stage & settings GUI Pack/Image_green/s_button/home.png using Guid(95fb400dca4b159408c277fd10c14a28) Importer(815301076,1909f56bfc062723c751e8b465ee728b)  -> (artifact id: '94c2857bace79c936c77f4406f30b2c9') in 0.118060 seconds 
========================================================================
Received Import Request.
  Time since last request: 0.000020 seconds.
  path: Assets/Import/UI/Puzzle stage & settings GUI Pack/Image_green/s_button/pause.png
  artifactKey: Guid(3d8cfacb4b21aac4bbd489da5da0824b) Importer(815301076,1909f56bfc062723c751e8b465ee728b)
Start importing Assets/Import/UI/Puzzle stage & settings GUI Pack/Image_green/s_button/pause.png using Guid(3d8cfacb4b21aac4bbd489da5da0824b) Importer(815301076,1909f56bfc062723c751e8b465ee728b)  -> (artifact id: '1ceed1e82e529778e15e9318b67a7698') in 0.212042 seconds 
========================================================================
Received Import Request.
  Time since last request: 0.000028 seconds.
  path: Assets/Import/UI/Puzzle stage & settings GUI Pack/Image_green/s_button/sound1.png
  artifactKey: Guid(e5fd1c7f9a70b5449ab5329754ec2f95) Importer(815301076,1909f56bfc062723c751e8b465ee728b)
Start importing Assets/Import/UI/Puzzle stage & settings GUI Pack/Image_green/s_button/sound1.png using Guid(e5fd1c7f9a70b5449ab5329754ec2f95) Importer(815301076,1909f56bfc062723c751e8b465ee728b)  -> (artifact id: 'fa67579264cc73b1827ed398dec8bb18') in 0.186953 seconds 
========================================================================
Received Import Request.
  Time since last request: 0.000017 seconds.
  path: Assets/Import/UI/Puzzle stage & settings GUI Pack/Image_green/s_button/return.png
  artifactKey: Guid(e1ff8b906eb73e54394a23c0eda91edc) Importer(815301076,1909f56bfc062723c751e8b465ee728b)
Start importing Assets/Import/UI/Puzzle stage & settings GUI Pack/Image_green/s_button/return.png using Guid(e1ff8b906eb73e54394a23c0eda91edc) Importer(815301076,1909f56bfc062723c751e8b465ee728b)  -> (artifact id: '8bf665bf3619dbffedaafd8791df026e') in 0.282733 seconds 
========================================================================
Received Import Request.
  Time since last request: 0.000018 seconds.
  path: Assets/Import/UI/Puzzle stage & settings GUI Pack/Image_green/s_button/shop.png
  artifactKey: Guid(96a79ebe2e3946a41b6e2dbc57ceb72e) Importer(815301076,1909f56bfc062723c751e8b465ee728b)
Start importing Assets/Import/UI/Puzzle stage & settings GUI Pack/Image_green/s_button/shop.png using Guid(96a79ebe2e3946a41b6e2dbc57ceb72e) Importer(815301076,1909f56bfc062723c751e8b465ee728b)  -> (artifact id: '96d65d4e0c837564223a6d9d1f14bd8e') in 0.120475 seconds 
========================================================================
Received Import Request.
  Time since last request: 0.000031 seconds.
  path: Assets/Import/UI/Puzzle stage & settings GUI Pack/Image_green/button/help.png
  artifactKey: Guid(0bd6fa0ee4a217646a85efab349d0a48) Importer(815301076,1909f56bfc062723c751e8b465ee728b)
Start importing Assets/Import/UI/Puzzle stage & settings GUI Pack/Image_green/button/help.png using Guid(0bd6fa0ee4a217646a85efab349d0a48) Importer(815301076,1909f56bfc062723c751e8b465ee728b)  -> (artifact id: '33ae42b4d99da9743050ec8dcee692da') in 0.188031 seconds 
========================================================================
Received Import Request.
  Time since last request: 0.000019 seconds.
  path: Assets/Import/UI/Puzzle stage & settings GUI Pack/Image_green/s_button/menu.png
  artifactKey: Guid(785990e087cd24c40b00cf5e0670a89b) Importer(815301076,1909f56bfc062723c751e8b465ee728b)
Start importing Assets/Import/UI/Puzzle stage & settings GUI Pack/Image_green/s_button/menu.png using Guid(785990e087cd24c40b00cf5e0670a89b) Importer(815301076,1909f56bfc062723c751e8b465ee728b)  -> (artifact id: '127b56a3cc7e7223157eaf65b0a9adf0') in 0.223220 seconds 
========================================================================
Received Import Request.
  Time since last request: 7.526221 seconds.
  path: Assets/Import/UI/Puzzle stage & settings GUI Pack/Image_blue/s_button/home.png
  artifactKey: Guid(db29b69e2ef9fe54997f788ff04f171a) Importer(815301076,1909f56bfc062723c751e8b465ee728b)
Start importing Assets/Import/UI/Puzzle stage & settings GUI Pack/Image_blue/s_button/home.png using Guid(db29b69e2ef9fe54997f788ff04f171a) Importer(815301076,1909f56bfc062723c751e8b465ee728b)  -> (artifact id: '441e82308684f08113db1839ceeb1d0a') in 0.316967 seconds 
========================================================================
Received Import Request.
  Time since last request: 0.000021 seconds.
  path: Assets/Import/UI/Puzzle stage & settings GUI Pack/Image_blue/s_button/plus.png
  artifactKey: Guid(add96c32c0e56994db78496ce0364df7) Importer(815301076,1909f56bfc062723c751e8b465ee728b)
Start importing Assets/Import/UI/Puzzle stage & settings GUI Pack/Image_blue/s_button/plus.png using Guid(add96c32c0e56994db78496ce0364df7) Importer(815301076,1909f56bfc062723c751e8b465ee728b)  -> (artifact id: '47b9890fcf61c8c13a0dc8ab71ceede2') in 0.158698 seconds 
========================================================================
Received Import Request.
  Time since last request: 0.000024 seconds.
  path: Assets/Import/UI/Puzzle stage & settings GUI Pack/Image_blue/s_button/share.png
  artifactKey: Guid(43fc558258fcc1444a5da409269deae9) Importer(815301076,1909f56bfc062723c751e8b465ee728b)
Start importing Assets/Import/UI/Puzzle stage & settings GUI Pack/Image_blue/s_button/share.png using Guid(43fc558258fcc1444a5da409269deae9) Importer(815301076,1909f56bfc062723c751e8b465ee728b)  -> (artifact id: '979e50ef9ce5b07ebd47ca9be8a713ba') in 0.179217 seconds 
========================================================================
Received Import Request.
  Time since last request: 0.000026 seconds.
  path: Assets/Import/UI/Puzzle stage & settings GUI Pack/Image_blue/s_button/set.png
  artifactKey: Guid(68c502d45029cff4fb0adef7faf8d3fe) Importer(815301076,1909f56bfc062723c751e8b465ee728b)
Start importing Assets/Import/UI/Puzzle stage & settings GUI Pack/Image_blue/s_button/set.png using Guid(68c502d45029cff4fb0adef7faf8d3fe) Importer(815301076,1909f56bfc062723c751e8b465ee728b)  -> (artifact id: '84934318c2f4b8c9629ee66e9088ef2d') in 0.176128 seconds 
========================================================================
Received Import Request.
  Time since last request: 22.713228 seconds.
  path: Assets/Import/UI/Puzzle stage & settings GUI Pack/Image_green/text/3.png
  artifactKey: Guid(ef04fe1bb5347be4eae4feafea83158c) Importer(815301076,1909f56bfc062723c751e8b465ee728b)
Start importing Assets/Import/UI/Puzzle stage & settings GUI Pack/Image_green/text/3.png using Guid(ef04fe1bb5347be4eae4feafea83158c) Importer(815301076,1909f56bfc062723c751e8b465ee728b)  -> (artifact id: 'e15bab2bb9e9fb856cbf689af8f545e1') in 0.052807 seconds 
========================================================================
Received Import Request.
  Time since last request: 0.000018 seconds.
  path: Assets/Import/UI/Puzzle stage & settings GUI Pack/Image_green/text/6.png
  artifactKey: Guid(b26a96177a06f654982e04dbc8ffbf2a) Importer(815301076,1909f56bfc062723c751e8b465ee728b)
Start importing Assets/Import/UI/Puzzle stage & settings GUI Pack/Image_green/text/6.png using Guid(b26a96177a06f654982e04dbc8ffbf2a) Importer(815301076,1909f56bfc062723c751e8b465ee728b)  -> (artifact id: 'c22fc924fe39447ea823efc278c2a85e') in 0.098369 seconds 
========================================================================
Received Import Request.
  Time since last request: 0.000021 seconds.
  path: Assets/Import/UI/Puzzle stage & settings GUI Pack/Image_green/text/5.png
  artifactKey: Guid(990e90445ee6f6b4dbdf469726bac7f3) Importer(815301076,1909f56bfc062723c751e8b465ee728b)
Start importing Assets/Import/UI/Puzzle stage & settings GUI Pack/Image_green/text/5.png using Guid(990e90445ee6f6b4dbdf469726bac7f3) Importer(815301076,1909f56bfc062723c751e8b465ee728b)  -> (artifact id: '5d6a136519840b6555b563c8e915947d') in 0.084916 seconds 
========================================================================
Received Import Request.
  Time since last request: 0.000028 seconds.
  path: Assets/Import/UI/Puzzle stage & settings GUI Pack/Image_green/text/settings.png
  artifactKey: Guid(4aede8d22c8f89841894eaf689b60d72) Importer(815301076,1909f56bfc062723c751e8b465ee728b)
Start importing Assets/Import/UI/Puzzle stage & settings GUI Pack/Image_green/text/settings.png using Guid(4aede8d22c8f89841894eaf689b60d72) Importer(815301076,1909f56bfc062723c751e8b465ee728b)  -> (artifact id: '274c110bc58f2ae5ac980e26277801af') in 0.074319 seconds 
========================================================================
Received Prepare
Registering precompiled user dll's ...
Registered in 0.004643 seconds.
Begin MonoManager ReloadAssembly
Symbol file LoadedFromMemory doesn't match image D:\GitHub\Tile\Library\PackageCache\com.unity.visualscripting@1.7.8\Editor\VisualScripting.Core\Dependencies\YamlDotNet\Unity.VisualScripting.YamlDotNet.dll
Symbol file LoadedFromMemory doesn't match image D:\GitHub\Tile\Library\PackageCache\com.unity.visualscripting@1.7.8\Editor\VisualScripting.Core\Dependencies\DotNetZip\Unity.VisualScripting.IonicZip.dll
Native extension for WindowsStandalone target not found
Refreshing native plugins compatible for Editor in 0.84 ms, found 5 plugins.
Preloading 0 native plugins for Editor in 0.00 ms.
Mono: successfully reloaded assembly
- Completed reload, in  0.988 seconds
Domain Reload Profiling:
	ReloadAssembly (989ms)
		BeginReloadAssembly (139ms)
			ExecutionOrderSort (0ms)
			DisableScriptedObjects (6ms)
			BackupInstance (0ms)
			ReleaseScriptingObjects (0ms)
			CreateAndSetChildDomain (42ms)
		EndReloadAssembly (765ms)
			LoadAssemblies (85ms)
			RebuildTransferFunctionScriptingTraits (0ms)
			SetupTypeCache (244ms)
			ReleaseScriptCaches (1ms)
			RebuildScriptCaches (45ms)
			SetupLoadedEditorAssemblies (341ms)
				LogAssemblyErrors (0ms)
				InitializePlatformSupportModulesInManaged (13ms)
				SetLoadedEditorAssemblies (0ms)
				RefreshPlugins (1ms)
				BeforeProcessingInitializeOnLoad (66ms)
				ProcessInitializeOnLoadAttributes (227ms)
				ProcessInitializeOnLoadMethodAttributes (30ms)
				AfterProcessingInitializeOnLoad (4ms)
				EditorAssembliesLoaded (0ms)
			ExecutionOrderSort2 (0ms)
			AwakeInstancesAfterBackupRestoration (21ms)
Platform modules already initialized, skipping
Refreshing native plugins compatible for Editor in 2.81 ms, found 5 plugins.
Preloading 0 native plugins for Editor in 0.00 ms.
Unloading 3647 Unused Serialized files (Serialized files now loaded: 0)
Unloading 35 unused Assets / (1.3 MB). Loaded Objects now: 4163.
Memory consumption went from 137.5 MB to 136.2 MB.
Total: 4.137200 ms (FindLiveObjects: 0.271300 ms CreateObjectMapping: 0.090600 ms MarkObjects: 3.394000 ms  DeleteObjects: 0.380400 ms)

AssetImportParameters requested are different than current active one (requested -> active):
  custom:video-decoder-ogg-theora: a1e56fd34408186e4bbccfd4996cb3dc -> 
  custom:container-muxer-webm: aa71ff27fc2769a1b78a27578f13a17b -> 
  custom:container-demuxer-webm: 4f35f7cbe854078d1ac9338744f61a02 -> 
  custom:video-encoder-webm-vp8: eb34c28f22e8b96e1ab97ce403110664 -> 
  custom:video-codec-MediaFoundation-h265: 746d11721c4dcdbdad8f713fa42b33f4 -> 
  custom:audio-encoder-webm-vorbis: bf7c407c2cedff20999df2af8eb42d56 -> 
  custom:framework-win-MediaFoundation: 216162199b28c13a410421893ffa2e32 -> 
  custom:container-demuxer-ogg: 62fdf1f143b41e24485cea50d1cbac27 -> 
  custom:video-decoder-webm-vp8: 9c59270c3fd7afecdb556c50c9e8de78 -> 
  custom:audio-decoder-ogg-vorbis: bf7c407c2cedff20999df2af8eb42d56 -> 
========================================================================
Received Import Request.
  Time since last request: 343.365808 seconds.
  path: Assets/Import/UI/2D Casual UI/Sprite
  artifactKey: Guid(e768493ddca804421b25bd6727f9c844) Importer(815301076,1909f56bfc062723c751e8b465ee728b)
Start importing Assets/Import/UI/2D Casual UI/Sprite using Guid(e768493ddca804421b25bd6727f9c844) Importer(815301076,1909f56bfc062723c751e8b465ee728b)  -> (artifact id: '723700a8e98a45a19dbd86d2c63843c7') in 0.012078 seconds 
========================================================================
Received Import Request.
  Time since last request: 153.135834 seconds.
  path: Assets/Import/UI/Puzzle stage & settings GUI Pack/Image_red/b/exit.png
  artifactKey: Guid(b885797a3eb90f74cb080e193d106c6f) Importer(815301076,1909f56bfc062723c751e8b465ee728b)
Start importing Assets/Import/UI/Puzzle stage & settings GUI Pack/Image_red/b/exit.png using Guid(b885797a3eb90f74cb080e193d106c6f) Importer(815301076,1909f56bfc062723c751e8b465ee728b)  -> (artifact id: 'a47cfe66b08f54b3345abecd9f9c93d3') in 0.211458 seconds 
========================================================================
Received Import Request.
  Time since last request: 0.009510 seconds.
  path: Assets/Import/UI/Puzzle stage & settings GUI Pack/Image_red/b/restart.png
  artifactKey: Guid(4fb41b937a3dea544ab484688e1f18dd) Importer(815301076,1909f56bfc062723c751e8b465ee728b)
Start importing Assets/Import/UI/Puzzle stage & settings GUI Pack/Image_red/b/restart.png using Guid(4fb41b937a3dea544ab484688e1f18dd) Importer(815301076,1909f56bfc062723c751e8b465ee728b)  -> (artifact id: '0c6a3f810141bad564d84e6e215a3b18') in 0.162939 seconds 
========================================================================
Received Import Request.
  Time since last request: 0.000017 seconds.
  path: Assets/Import/UI/Puzzle stage & settings GUI Pack/Image_red/b/setting.png
  artifactKey: Guid(39a053ff0928ecb4caed6119fdef2ddc) Importer(815301076,1909f56bfc062723c751e8b465ee728b)
Start importing Assets/Import/UI/Puzzle stage & settings GUI Pack/Image_red/b/setting.png using Guid(39a053ff0928ecb4caed6119fdef2ddc) Importer(815301076,1909f56bfc062723c751e8b465ee728b)  -> (artifact id: '4b706b5932f95496ac13dde0f4338d28') in 0.203296 seconds 
========================================================================
Received Import Request.
  Time since last request: 0.000029 seconds.
  path: Assets/Import/UI/Puzzle stage & settings GUI Pack/Image_red/b/resume.png
  artifactKey: Guid(1e20aff5175b83c46b71508947ab2214) Importer(815301076,1909f56bfc062723c751e8b465ee728b)
Start importing Assets/Import/UI/Puzzle stage & settings GUI Pack/Image_red/b/resume.png using Guid(1e20aff5175b83c46b71508947ab2214) Importer(815301076,1909f56bfc062723c751e8b465ee728b)  -> (artifact id: '57e01bddfb3cd46de93f19281652b671') in 0.144792 seconds 
Editor requested this worker to shutdown with reason: Scaling down because of idle timeout
AssetImportWorker is now disconnected from the server
Process exiting
Exiting without the bug reporter. Application will terminate with return code 0