Using pre-set license
Built from '2021.3/staging' branch; Version is '2021.3.5f1 (40eb3a945986) revision 4254522'; Using compiler version '192829333'; Build Type 'Release'
OS: 'Windows 11  (10.0.22000) 64bit Education' Language: 'ko' Physical Memory: 16310 MB
BatchMode: 1, IsHumanControllingUs: 0, StartBugReporterOnCrash: 0, Is64bit: 1, IsPro: 1

COMMAND LINE ARGUMENTS:
C:\Program Files\Unity\Hub\Editor\2021.3.5f1\Editor\Unity.exe
-adb2
-batchMode
-noUpm
-name
AssetImportWorker12
-projectPath
D:/GitHub/Tile
-logFile
Logs/AssetImportWorker12.log
-srvPort
62624
Successfully changed project path to: D:/GitHub/Tile
D:/GitHub/Tile
[UnityMemory] Configuration Parameters - Can be set up in boot.config
    "memorysetup-bucket-allocator-granularity=16"
    "memorysetup-bucket-allocator-bucket-count=8"
    "memorysetup-bucket-allocator-block-size=33554432"
    "memorysetup-bucket-allocator-block-count=8"
    "memorysetup-main-allocator-block-size=16777216"
    "memorysetup-thread-allocator-block-size=16777216"
    "memorysetup-gfx-main-allocator-block-size=16777216"
    "memorysetup-gfx-thread-allocator-block-size=16777216"
    "memorysetup-cache-allocator-block-size=4194304"
    "memorysetup-typetree-allocator-block-size=2097152"
    "memorysetup-profiler-bucket-allocator-granularity=16"
    "memorysetup-profiler-bucket-allocator-bucket-count=8"
    "memorysetup-profiler-bucket-allocator-block-size=33554432"
    "memorysetup-profiler-bucket-allocator-block-count=8"
    "memorysetup-profiler-allocator-block-size=16777216"
    "memorysetup-profiler-editor-allocator-block-size=1048576"
    "memorysetup-temp-allocator-size-main=16777216"
    "memorysetup-job-temp-allocator-block-size=2097152"
    "memorysetup-job-temp-allocator-block-size-background=1048576"
    "memorysetup-job-temp-allocator-reduction-small-platforms=262144"
    "memorysetup-temp-allocator-size-background-worker=32768"
    "memorysetup-temp-allocator-size-job-worker=262144"
    "memorysetup-temp-allocator-size-preload-manager=33554432"
    "memorysetup-temp-allocator-size-nav-mesh-worker=65536"
    "memorysetup-temp-allocator-size-audio-worker=65536"
    "memorysetup-temp-allocator-size-cloud-worker=32768"
    "memorysetup-temp-allocator-size-gi-baking-worker=262144"
    "memorysetup-temp-allocator-size-gfx=262144"
Refreshing native plugins compatible for Editor in 92.19 ms, found 5 plugins.
Preloading 0 native plugins for Editor in 0.00 ms.
Initialize engine version: 2021.3.5f1 (40eb3a945986)
[Subsystems] Discovering subsystems at path C:/Program Files/Unity/Hub/Editor/2021.3.5f1/Editor/Data/Resources/UnitySubsystems
[Subsystems] Discovering subsystems at path D:/GitHub/Tile/Assets
GfxDevice: creating device client; threaded=0; jobified=0
Direct3D:
    Version:  Direct3D 11.0 [level 11.1]
    Renderer: NVIDIA GeForce RTX 3060 Ti (ID=0x2486)
    Vendor:   NVIDIA
    VRAM:     8050 MB
    Driver:   31.0.15.1694
Initialize mono
Mono path[0] = 'C:/Program Files/Unity/Hub/Editor/2021.3.5f1/Editor/Data/Managed'
Mono path[1] = 'C:/Program Files/Unity/Hub/Editor/2021.3.5f1/Editor/Data/MonoBleedingEdge/lib/mono/unityjit-win32'
Mono config path = 'C:/Program Files/Unity/Hub/Editor/2021.3.5f1/Editor/Data/MonoBleedingEdge/etc'
Using monoOptions --debugger-agent=transport=dt_socket,embedding=1,server=y,suspend=n,address=127.0.0.1:56096
Begin MonoManager ReloadAssembly
Registering precompiled unity dll's ...
Register platform support module: C:/Program Files/Unity/Hub/Editor/2021.3.5f1/Editor/Data/PlaybackEngines/WindowsStandaloneSupport/UnityEditor.WindowsStandalone.Extensions.dll
Registered in 0.002467 seconds.
Native extension for WindowsStandalone target not found
Refreshing native plugins compatible for Editor in 84.14 ms, found 5 plugins.
Preloading 0 native plugins for Editor in 0.00 ms.
Mono: successfully reloaded assembly
- Completed reload, in  0.591 seconds
Domain Reload Profiling:
	ReloadAssembly (592ms)
		BeginReloadAssembly (70ms)
			ExecutionOrderSort (0ms)
			DisableScriptedObjects (0ms)
			BackupInstance (0ms)
			ReleaseScriptingObjects (0ms)
			CreateAndSetChildDomain (1ms)
		EndReloadAssembly (432ms)
			LoadAssemblies (69ms)
			RebuildTransferFunctionScriptingTraits (0ms)
			SetupTypeCache (92ms)
			ReleaseScriptCaches (0ms)
			RebuildScriptCaches (26ms)
			SetupLoadedEditorAssemblies (269ms)
				LogAssemblyErrors (0ms)
				InitializePlatformSupportModulesInManaged (7ms)
				SetLoadedEditorAssemblies (0ms)
				RefreshPlugins (84ms)
				BeforeProcessingInitializeOnLoad (1ms)
				ProcessInitializeOnLoadAttributes (117ms)
				ProcessInitializeOnLoadMethodAttributes (59ms)
				AfterProcessingInitializeOnLoad (0ms)
				EditorAssembliesLoaded (0ms)
			ExecutionOrderSort2 (0ms)
			AwakeInstancesAfterBackupRestoration (0ms)
Platform modules already initialized, skipping
Registering precompiled user dll's ...
Registered in 0.004216 seconds.
Begin MonoManager ReloadAssembly
Symbol file LoadedFromMemory doesn't match image D:\GitHub\Tile\Library\PackageCache\com.unity.visualscripting@1.7.8\Editor\VisualScripting.Core\Dependencies\YamlDotNet\Unity.VisualScripting.YamlDotNet.dll
Symbol file LoadedFromMemory doesn't match image D:\GitHub\Tile\Library\PackageCache\com.unity.visualscripting@1.7.8\Editor\VisualScripting.Core\Dependencies\DotNetZip\Unity.VisualScripting.IonicZip.dll
Native extension for WindowsStandalone target not found
Refreshing native plugins compatible for Editor in 0.80 ms, found 5 plugins.
Preloading 0 native plugins for Editor in 0.00 ms.
Mono: successfully reloaded assembly
- Completed reload, in  1.067 seconds
Domain Reload Profiling:
	ReloadAssembly (1068ms)
		BeginReloadAssembly (131ms)
			ExecutionOrderSort (0ms)
			DisableScriptedObjects (12ms)
			BackupInstance (0ms)
			ReleaseScriptingObjects (0ms)
			CreateAndSetChildDomain (20ms)
		EndReloadAssembly (837ms)
			LoadAssemblies (83ms)
			RebuildTransferFunctionScriptingTraits (0ms)
			SetupTypeCache (249ms)
			ReleaseScriptCaches (1ms)
			RebuildScriptCaches (57ms)
			SetupLoadedEditorAssemblies (396ms)
				LogAssemblyErrors (0ms)
				InitializePlatformSupportModulesInManaged (5ms)
				SetLoadedEditorAssemblies (0ms)
				RefreshPlugins (1ms)
				BeforeProcessingInitializeOnLoad (108ms)
				ProcessInitializeOnLoadAttributes (253ms)
				ProcessInitializeOnLoadMethodAttributes (26ms)
				AfterProcessingInitializeOnLoad (3ms)
				EditorAssembliesLoaded (0ms)
			ExecutionOrderSort2 (0ms)
			AwakeInstancesAfterBackupRestoration (21ms)
Platform modules already initialized, skipping
========================================================================
Worker process is ready to serve import requests
Launched and connected shader compiler UnityShaderCompiler.exe after 0.08 seconds
Refreshing native plugins compatible for Editor in 0.82 ms, found 5 plugins.
Preloading 0 native plugins for Editor in 0.00 ms.
Unloading 3699 Unused Serialized files (Serialized files now loaded: 0)
Unloading 42 unused Assets / (1.3 MB). Loaded Objects now: 4142.
Memory consumption went from 137.8 MB to 136.5 MB.
Total: 3.103200 ms (FindLiveObjects: 0.252400 ms CreateObjectMapping: 0.103300 ms MarkObjects: 2.397900 ms  DeleteObjects: 0.348600 ms)

AssetImportParameters requested are different than current active one (requested -> active):
  custom:video-decoder-ogg-theora: a1e56fd34408186e4bbccfd4996cb3dc -> 
  custom:container-muxer-webm: aa71ff27fc2769a1b78a27578f13a17b -> 
  custom:container-demuxer-webm: 4f35f7cbe854078d1ac9338744f61a02 -> 
  custom:video-encoder-webm-vp8: eb34c28f22e8b96e1ab97ce403110664 -> 
  custom:video-codec-MediaFoundation-h265: 746d11721c4dcdbdad8f713fa42b33f4 -> 
  custom:audio-encoder-webm-vorbis: bf7c407c2cedff20999df2af8eb42d56 -> 
  custom:framework-win-MediaFoundation: 216162199b28c13a410421893ffa2e32 -> 
  custom:container-demuxer-ogg: 62fdf1f143b41e24485cea50d1cbac27 -> 
  custom:video-decoder-webm-vp8: 9c59270c3fd7afecdb556c50c9e8de78 -> 
  custom:audio-decoder-ogg-vorbis: bf7c407c2cedff20999df2af8eb42d56 -> 
========================================================================
Received Import Request.
  Time since last request: 14033.770456 seconds.
  path: Assets/Import/UI/Puzzle stage & settings GUI Pack/Image_purple/Text/2.png
  artifactKey: Guid(b34610f4d906b174eb67ffd6e313f5eb) Importer(815301076,1909f56bfc062723c751e8b465ee728b)
Start importing Assets/Import/UI/Puzzle stage & settings GUI Pack/Image_purple/Text/2.png using Guid(b34610f4d906b174eb67ffd6e313f5eb) Importer(815301076,1909f56bfc062723c751e8b465ee728b)  -> (artifact id: 'b8b274a0f9b5c7af8016f570b3c4bad8') in 0.251401 seconds 
========================================================================
Received Import Request.
  Time since last request: 0.000022 seconds.
  path: Assets/Import/UI/Puzzle stage & settings GUI Pack/Image_purple/Text/stage text.png
  artifactKey: Guid(8d01c90a83b48824fa991ee2ee332536) Importer(815301076,1909f56bfc062723c751e8b465ee728b)
Start importing Assets/Import/UI/Puzzle stage & settings GUI Pack/Image_purple/Text/stage text.png using Guid(8d01c90a83b48824fa991ee2ee332536) Importer(815301076,1909f56bfc062723c751e8b465ee728b)  -> (artifact id: '6736fd58e5a20d4c14e58987d3427109') in 0.104182 seconds 
========================================================================
Received Import Request.
  Time since last request: 148.791907 seconds.
  path: Assets/Import/UI/Puzzle stage & settings GUI Pack/Image_red/txt
  artifactKey: Guid(be414d4ecc64ff8479f53f47fa0c6e1c) Importer(815301076,1909f56bfc062723c751e8b465ee728b)
Start importing Assets/Import/UI/Puzzle stage & settings GUI Pack/Image_red/txt using Guid(be414d4ecc64ff8479f53f47fa0c6e1c) Importer(815301076,1909f56bfc062723c751e8b465ee728b)  -> (artifact id: '329b3ec1f6ba2010c9946ffac46367cd') in 0.006129 seconds 
========================================================================
Received Import Request.
  Time since last request: 0.148033 seconds.
  path: Assets/Import/UI/Puzzle stage & settings GUI Pack/Image_red/txt/1.png
  artifactKey: Guid(90f01ea495188e2469ab1350f29bb7ea) Importer(815301076,1909f56bfc062723c751e8b465ee728b)
Start importing Assets/Import/UI/Puzzle stage & settings GUI Pack/Image_red/txt/1.png using Guid(90f01ea495188e2469ab1350f29bb7ea) Importer(815301076,1909f56bfc062723c751e8b465ee728b)  -> (artifact id: 'bde222c76f66ccd7c9df572e5ff0708b') in 0.044969 seconds 
========================================================================
Received Import Request.
  Time since last request: 0.026658 seconds.
  path: Assets/Import/UI/Puzzle stage & settings GUI Pack/Image_red/txt/5.png
  artifactKey: Guid(8b93fdfc3bbc6c6439c602ef9aeeaf8a) Importer(815301076,1909f56bfc062723c751e8b465ee728b)
Start importing Assets/Import/UI/Puzzle stage & settings GUI Pack/Image_red/txt/5.png using Guid(8b93fdfc3bbc6c6439c602ef9aeeaf8a) Importer(815301076,1909f56bfc062723c751e8b465ee728b)  -> (artifact id: '56c844f5edd27e93b5f88515e6c882a2') in 0.051598 seconds 
========================================================================
Received Import Request.
  Time since last request: 0.027131 seconds.
  path: Assets/Import/UI/Puzzle stage & settings GUI Pack/Image_red/txt/7.png
  artifactKey: Guid(5bed0c1c1ff6bf94ababf9a933c19b35) Importer(815301076,1909f56bfc062723c751e8b465ee728b)
Start importing Assets/Import/UI/Puzzle stage & settings GUI Pack/Image_red/txt/7.png using Guid(5bed0c1c1ff6bf94ababf9a933c19b35) Importer(815301076,1909f56bfc062723c751e8b465ee728b)  -> (artifact id: '8c2e0731003569615f3bc036e4aff8e7') in 0.050417 seconds 
========================================================================
Received Import Request.
  Time since last request: 0.000021 seconds.
  path: Assets/Import/UI/Puzzle stage & settings GUI Pack/Image_red/txt/8.png
  artifactKey: Guid(3a3e77f192862d242b71404ff4e77291) Importer(815301076,1909f56bfc062723c751e8b465ee728b)
Start importing Assets/Import/UI/Puzzle stage & settings GUI Pack/Image_red/txt/8.png using Guid(3a3e77f192862d242b71404ff4e77291) Importer(815301076,1909f56bfc062723c751e8b465ee728b)  -> (artifact id: 'd0bb6d804661c4122238e8fb1dae0711') in 0.035422 seconds 
========================================================================
Received Import Request.
  Time since last request: 0.000018 seconds.
  path: Assets/Import/UI/Puzzle stage & settings GUI Pack/Image_red/txt/sound.png
  artifactKey: Guid(3355ba180dcf01f47b568088cd8f1b58) Importer(815301076,1909f56bfc062723c751e8b465ee728b)
Start importing Assets/Import/UI/Puzzle stage & settings GUI Pack/Image_red/txt/sound.png using Guid(3355ba180dcf01f47b568088cd8f1b58) Importer(815301076,1909f56bfc062723c751e8b465ee728b)  -> (artifact id: '2ff02caaf971262e2ee961faee0b208d') in 0.053881 seconds 
========================================================================
Received Import Request.
  Time since last request: 0.000019 seconds.
  path: Assets/Import/UI/Puzzle stage & settings GUI Pack/Image_red/txt/9.png
  artifactKey: Guid(817df79814134314fa8a577df1f86875) Importer(815301076,1909f56bfc062723c751e8b465ee728b)
Start importing Assets/Import/UI/Puzzle stage & settings GUI Pack/Image_red/txt/9.png using Guid(817df79814134314fa8a577df1f86875) Importer(815301076,1909f56bfc062723c751e8b465ee728b)  -> (artifact id: '9e45d6b17b2102304f1a362a24a9902b') in 0.044090 seconds 
========================================================================
Received Import Request.
  Time since last request: 0.000019 seconds.
  path: Assets/Import/UI/Puzzle stage & settings GUI Pack/Image_red/txt/music.png
  artifactKey: Guid(2be49958f1e7e7f4eaf3a8d3534df240) Importer(815301076,1909f56bfc062723c751e8b465ee728b)
Start importing Assets/Import/UI/Puzzle stage & settings GUI Pack/Image_red/txt/music.png using Guid(2be49958f1e7e7f4eaf3a8d3534df240) Importer(815301076,1909f56bfc062723c751e8b465ee728b)  -> (artifact id: 'ad30af1f4d6a428f8d56577649b33ed6') in 0.052684 seconds 
========================================================================
Received Import Request.
  Time since last request: 0.000030 seconds.
  path: Assets/Import/UI/Puzzle stage & settings GUI Pack/Image_red/txt/4.png
  artifactKey: Guid(56e3365fad6e41b4296d06918790319d) Importer(815301076,1909f56bfc062723c751e8b465ee728b)
Start importing Assets/Import/UI/Puzzle stage & settings GUI Pack/Image_red/txt/4.png using Guid(56e3365fad6e41b4296d06918790319d) Importer(815301076,1909f56bfc062723c751e8b465ee728b)  -> (artifact id: 'c3ae4b4ddcc09d95e70781d66f8b1e28') in 0.015455 seconds 
========================================================================
Received Import Request.
  Time since last request: 22.003930 seconds.
  path: Assets/Import/UI/Puzzle stage & settings GUI Pack/Image_pink/txt/1.png
  artifactKey: Guid(f22923dacfdec0640ae8e2429cd655b1) Importer(815301076,1909f56bfc062723c751e8b465ee728b)
Start importing Assets/Import/UI/Puzzle stage & settings GUI Pack/Image_pink/txt/1.png using Guid(f22923dacfdec0640ae8e2429cd655b1) Importer(815301076,1909f56bfc062723c751e8b465ee728b)  -> (artifact id: 'd076270da6fa8ca5dbc7639c12288e48') in 0.059071 seconds 
========================================================================
Received Import Request.
  Time since last request: 0.000025 seconds.
  path: Assets/Import/UI/Puzzle stage & settings GUI Pack/Image_pink/txt/sound.png
  artifactKey: Guid(6c696f274268d9249a91a14a0cd02537) Importer(815301076,1909f56bfc062723c751e8b465ee728b)
Start importing Assets/Import/UI/Puzzle stage & settings GUI Pack/Image_pink/txt/sound.png using Guid(6c696f274268d9249a91a14a0cd02537) Importer(815301076,1909f56bfc062723c751e8b465ee728b)  -> (artifact id: '5f4dcaf702bb4d2eaa8fa055587e972a') in 0.064846 seconds 
========================================================================
Received Import Request.
  Time since last request: 0.000028 seconds.
  path: Assets/Import/UI/Puzzle stage & settings GUI Pack/Image_pink/txt/6.png
  artifactKey: Guid(c5b01292c2594f34eaeaaf44e6eb1d58) Importer(815301076,1909f56bfc062723c751e8b465ee728b)
Start importing Assets/Import/UI/Puzzle stage & settings GUI Pack/Image_pink/txt/6.png using Guid(c5b01292c2594f34eaeaaf44e6eb1d58) Importer(815301076,1909f56bfc062723c751e8b465ee728b)  -> (artifact id: '86dd39254697475cff1191e47407f362') in 0.050012 seconds 
========================================================================
Received Import Request.
  Time since last request: 0.000050 seconds.
  path: Assets/Import/UI/Puzzle stage & settings GUI Pack/Image_pink/txt/stage text.png
  artifactKey: Guid(88891008d132a5844a57e9d8905f0c57) Importer(815301076,1909f56bfc062723c751e8b465ee728b)
Start importing Assets/Import/UI/Puzzle stage & settings GUI Pack/Image_pink/txt/stage text.png using Guid(88891008d132a5844a57e9d8905f0c57) Importer(815301076,1909f56bfc062723c751e8b465ee728b)  -> (artifact id: '968bea3efabaa96b8164b927de672857') in 0.103955 seconds 
========================================================================
Received Import Request.
  Time since last request: 0.000016 seconds.
  path: Assets/Import/UI/Puzzle stage & settings GUI Pack/Image_pink/txt/speed.png
  artifactKey: Guid(98f3653e755b9524fa87c923535a17ae) Importer(815301076,1909f56bfc062723c751e8b465ee728b)
Start importing Assets/Import/UI/Puzzle stage & settings GUI Pack/Image_pink/txt/speed.png using Guid(98f3653e755b9524fa87c923535a17ae) Importer(815301076,1909f56bfc062723c751e8b465ee728b)  -> (artifact id: '188801b047aa3bcb5b50aac3ca586287') in 0.135626 seconds 
========================================================================
Received Import Request.
  Time since last request: 29.418493 seconds.
  path: Assets/Import/UI/Puzzle stage & settings GUI Pack/Image_red/s_b/check.png
  artifactKey: Guid(bf64810f63f5dae48a2c131f6c17c8f0) Importer(815301076,1909f56bfc062723c751e8b465ee728b)
Start importing Assets/Import/UI/Puzzle stage & settings GUI Pack/Image_red/s_b/check.png using Guid(bf64810f63f5dae48a2c131f6c17c8f0) Importer(815301076,1909f56bfc062723c751e8b465ee728b)  -> (artifact id: '694a513161d3f90e291c1c0b399fba51') in 0.230230 seconds 
========================================================================
Received Import Request.
  Time since last request: 0.000031 seconds.
  path: Assets/Import/UI/Puzzle stage & settings GUI Pack/Image_red/s_b/return.png
  artifactKey: Guid(920a437ff71c795429b387ab8aaca31f) Importer(815301076,1909f56bfc062723c751e8b465ee728b)
Start importing Assets/Import/UI/Puzzle stage & settings GUI Pack/Image_red/s_b/return.png using Guid(920a437ff71c795429b387ab8aaca31f) Importer(815301076,1909f56bfc062723c751e8b465ee728b)  -> (artifact id: '1eaaad5ede1cfa05a34df70c57b112b5') in 0.239969 seconds 
========================================================================
Received Import Request.
  Time since last request: 0.000026 seconds.
  path: Assets/Import/UI/Puzzle stage & settings GUI Pack/Image_red/s_b/play.png
  artifactKey: Guid(a9e4c36a320771e4aa8af2dd3c44d0bb) Importer(815301076,1909f56bfc062723c751e8b465ee728b)
Start importing Assets/Import/UI/Puzzle stage & settings GUI Pack/Image_red/s_b/play.png using Guid(a9e4c36a320771e4aa8af2dd3c44d0bb) Importer(815301076,1909f56bfc062723c751e8b465ee728b)  -> (artifact id: 'bcc7d3cfb059b1c6fd31d012b063bb84') in 0.133491 seconds 
========================================================================
Received Import Request.
  Time since last request: 0.000699 seconds.
  path: Assets/Import/UI/Puzzle stage & settings GUI Pack/Image_red/s_b/pause.png
  artifactKey: Guid(7a00e14f7ccde2e4085b39a0dc6fc930) Importer(815301076,1909f56bfc062723c751e8b465ee728b)
Start importing Assets/Import/UI/Puzzle stage & settings GUI Pack/Image_red/s_b/pause.png using Guid(7a00e14f7ccde2e4085b39a0dc6fc930) Importer(815301076,1909f56bfc062723c751e8b465ee728b)  -> (artifact id: '9bde3215c4cbabe5f5ff218cf32b0689') in 0.154319 seconds 
========================================================================
Received Import Request.
  Time since last request: 16.756209 seconds.
  path: Assets/Import/UI/Puzzle stage & settings GUI Pack/Image_blue/text/1.png
  artifactKey: Guid(c35d2198bb76d354ea46b9fb1396015c) Importer(815301076,1909f56bfc062723c751e8b465ee728b)
Start importing Assets/Import/UI/Puzzle stage & settings GUI Pack/Image_blue/text/1.png using Guid(c35d2198bb76d354ea46b9fb1396015c) Importer(815301076,1909f56bfc062723c751e8b465ee728b)  -> (artifact id: '4526139896aa107334984825cf559c8a') in 0.069250 seconds 
========================================================================
Received Import Request.
  Time since last request: 0.000020 seconds.
  path: Assets/Import/UI/Puzzle stage & settings GUI Pack/Image_blue/text/settings.png
  artifactKey: Guid(0c50e57830ca12f4dace6d249c0ae415) Importer(815301076,1909f56bfc062723c751e8b465ee728b)
Start importing Assets/Import/UI/Puzzle stage & settings GUI Pack/Image_blue/text/settings.png using Guid(0c50e57830ca12f4dace6d249c0ae415) Importer(815301076,1909f56bfc062723c751e8b465ee728b)  -> (artifact id: '03c25cfde0b25e3f859a194b807d8347') in 0.108021 seconds 
========================================================================
Received Import Request.
  Time since last request: 0.000040 seconds.
  path: Assets/Import/UI/Puzzle stage & settings GUI Pack/Image_blue/text/8.png
  artifactKey: Guid(a665ee203ca63934192d28c83f633342) Importer(815301076,1909f56bfc062723c751e8b465ee728b)
Start importing Assets/Import/UI/Puzzle stage & settings GUI Pack/Image_blue/text/8.png using Guid(a665ee203ca63934192d28c83f633342) Importer(815301076,1909f56bfc062723c751e8b465ee728b)  -> (artifact id: 'ba8d51f3f0ef1786fabcdcde932aa477') in 0.055150 seconds 
========================================================================
Received Import Request.
  Time since last request: 0.000028 seconds.
  path: Assets/Import/UI/Puzzle stage & settings GUI Pack/Image_blue/text/sound.png
  artifactKey: Guid(37359761d0d211443856539e2547ad94) Importer(815301076,1909f56bfc062723c751e8b465ee728b)
Start importing Assets/Import/UI/Puzzle stage & settings GUI Pack/Image_blue/text/sound.png using Guid(37359761d0d211443856539e2547ad94) Importer(815301076,1909f56bfc062723c751e8b465ee728b)  -> (artifact id: 'b42515e0ff998fd907e169d84e47e83b') in 0.044317 seconds 
========================================================================
Received Import Request.
  Time since last request: 10.432361 seconds.
  path: Assets/Import/UI/Puzzle stage & settings GUI Pack/Image_green/s_button/check.png
  artifactKey: Guid(26b8e798f7fb2ad429e6108d72f1d85c) Importer(815301076,1909f56bfc062723c751e8b465ee728b)
Start importing Assets/Import/UI/Puzzle stage & settings GUI Pack/Image_green/s_button/check.png using Guid(26b8e798f7fb2ad429e6108d72f1d85c) Importer(815301076,1909f56bfc062723c751e8b465ee728b)  -> (artifact id: '50b764f786f002703d1de8a2a6516837') in 0.147863 seconds 
========================================================================
Received Import Request.
  Time since last request: 0.000289 seconds.
  path: Assets/Import/UI/Puzzle stage & settings GUI Pack/Image_green/s_button/play.png
  artifactKey: Guid(301006d277e323b47a4c4a61bf6a5335) Importer(815301076,1909f56bfc062723c751e8b465ee728b)
Start importing Assets/Import/UI/Puzzle stage & settings GUI Pack/Image_green/s_button/play.png using Guid(301006d277e323b47a4c4a61bf6a5335) Importer(815301076,1909f56bfc062723c751e8b465ee728b)  -> (artifact id: '72e51b5f58dcf74f7082d38241aef3bc') in 0.293483 seconds 
========================================================================
Received Import Request.
  Time since last request: 0.000023 seconds.
  path: Assets/Import/UI/Puzzle stage & settings GUI Pack/Image_green/s_button/share.png
  artifactKey: Guid(8dda5d6d2e7ce8e4dac748d4b90131eb) Importer(815301076,1909f56bfc062723c751e8b465ee728b)
Start importing Assets/Import/UI/Puzzle stage & settings GUI Pack/Image_green/s_button/share.png using Guid(8dda5d6d2e7ce8e4dac748d4b90131eb) Importer(815301076,1909f56bfc062723c751e8b465ee728b)  -> (artifact id: 'b1ba1b63f19499e6a43da509a6836d3c') in 0.231533 seconds 
========================================================================
Received Import Request.
  Time since last request: 0.000031 seconds.
  path: Assets/Import/UI/Puzzle stage & settings GUI Pack/Image_green/button/restart.png
  artifactKey: Guid(a4fde9cce8bd4fc47a5619797c51870b) Importer(815301076,1909f56bfc062723c751e8b465ee728b)
Start importing Assets/Import/UI/Puzzle stage & settings GUI Pack/Image_green/button/restart.png using Guid(a4fde9cce8bd4fc47a5619797c51870b) Importer(815301076,1909f56bfc062723c751e8b465ee728b)  -> (artifact id: 'd64bb74a49d5d23ccf199774cd39f7c5') in 0.240432 seconds 
========================================================================
Received Import Request.
  Time since last request: 0.000022 seconds.
  path: Assets/Import/UI/Puzzle stage & settings GUI Pack/Image_green/button/setting.png
  artifactKey: Guid(74749f76760216b45b392d9703723d75) Importer(815301076,1909f56bfc062723c751e8b465ee728b)
Start importing Assets/Import/UI/Puzzle stage & settings GUI Pack/Image_green/button/setting.png using Guid(74749f76760216b45b392d9703723d75) Importer(815301076,1909f56bfc062723c751e8b465ee728b)  -> (artifact id: '422a286303ef98f92e71b432eef4796c') in 0.250560 seconds 
========================================================================
Received Import Request.
  Time since last request: 0.000024 seconds.
  path: Assets/Import/UI/Puzzle stage & settings GUI Pack/Image_green/button/resume.png
  artifactKey: Guid(95ec593f49edb5c46a789e3727d33839) Importer(815301076,1909f56bfc062723c751e8b465ee728b)
Start importing Assets/Import/UI/Puzzle stage & settings GUI Pack/Image_green/button/resume.png using Guid(95ec593f49edb5c46a789e3727d33839) Importer(815301076,1909f56bfc062723c751e8b465ee728b)  -> (artifact id: '4555f3df6a813e7ef8e3cd4ea17720c4') in 0.199992 seconds 
========================================================================
Received Import Request.
  Time since last request: 7.494236 seconds.
  path: Assets/Import/UI/Puzzle stage & settings GUI Pack/Image_blue/s_button/check.png
  artifactKey: Guid(78f867360b8a59048a4340aceaa5b868) Importer(815301076,1909f56bfc062723c751e8b465ee728b)
Start importing Assets/Import/UI/Puzzle stage & settings GUI Pack/Image_blue/s_button/check.png using Guid(78f867360b8a59048a4340aceaa5b868) Importer(815301076,1909f56bfc062723c751e8b465ee728b)  -> (artifact id: '6703fcfd2a06684ef1b6b5c7e63476d7') in 0.243553 seconds 
========================================================================
Received Import Request.
  Time since last request: 0.000021 seconds.
  path: Assets/Import/UI/Puzzle stage & settings GUI Pack/Image_blue/s_button/ranking.png
  artifactKey: Guid(cc44c36c1a5153741b0b08c4492dd5db) Importer(815301076,1909f56bfc062723c751e8b465ee728b)
Start importing Assets/Import/UI/Puzzle stage & settings GUI Pack/Image_blue/s_button/ranking.png using Guid(cc44c36c1a5153741b0b08c4492dd5db) Importer(815301076,1909f56bfc062723c751e8b465ee728b)  -> (artifact id: 'da8bcaf3e423eb6abd50a64cb7319116') in 0.295927 seconds 
========================================================================
Received Import Request.
  Time since last request: 0.000128 seconds.
  path: Assets/Import/UI/Puzzle stage & settings GUI Pack/Image_blue/s_button/post.png
  artifactKey: Guid(5f1c8072c86fd27478daa0a43666a4ee) Importer(815301076,1909f56bfc062723c751e8b465ee728b)
Start importing Assets/Import/UI/Puzzle stage & settings GUI Pack/Image_blue/s_button/post.png using Guid(5f1c8072c86fd27478daa0a43666a4ee) Importer(815301076,1909f56bfc062723c751e8b465ee728b)  -> (artifact id: '143301a6b49c8e4bc78e32a13600c192') in 0.292887 seconds 
========================================================================
Received Import Request.
  Time since last request: 22.661102 seconds.
  path: Assets/Import/UI/Puzzle stage & settings GUI Pack/Image_green/text/1.png
  artifactKey: Guid(4974684f902e6074382cd861fb0dc2fa) Importer(815301076,1909f56bfc062723c751e8b465ee728b)
Start importing Assets/Import/UI/Puzzle stage & settings GUI Pack/Image_green/text/1.png using Guid(4974684f902e6074382cd861fb0dc2fa) Importer(815301076,1909f56bfc062723c751e8b465ee728b)  -> (artifact id: '3463a6fdda292e25455b7f007a6d2ec0') in 0.135921 seconds 
========================================================================
Received Import Request.
  Time since last request: 0.000025 seconds.
  path: Assets/Import/UI/Puzzle stage & settings GUI Pack/Image_green/text/7.png
  artifactKey: Guid(8d5d1b1667b4c474480a7758f7fcdbdf) Importer(815301076,1909f56bfc062723c751e8b465ee728b)
Start importing Assets/Import/UI/Puzzle stage & settings GUI Pack/Image_green/text/7.png using Guid(8d5d1b1667b4c474480a7758f7fcdbdf) Importer(815301076,1909f56bfc062723c751e8b465ee728b)  -> (artifact id: '94d5ae910f0ff0b9881faebe05567ffc') in 0.129115 seconds 
========================================================================
Received Import Request.
  Time since last request: 0.000027 seconds.
  path: Assets/Import/UI/Puzzle stage & settings GUI Pack/Image_green/text/sound.png
  artifactKey: Guid(d6fc60a6157838b45871f0b2287fa93a) Importer(815301076,1909f56bfc062723c751e8b465ee728b)
Start importing Assets/Import/UI/Puzzle stage & settings GUI Pack/Image_green/text/sound.png using Guid(d6fc60a6157838b45871f0b2287fa93a) Importer(815301076,1909f56bfc062723c751e8b465ee728b)  -> (artifact id: '5cfae58cb20046cefec6aca964156cf9') in 0.042953 seconds 
Editor requested this worker to shutdown with reason: Scaling down because of idle timeout
AssetImportWorker is now disconnected from the server
Process exiting
Exiting without the bug reporter. Application will terminate with return code 0