Using pre-set license
Built from '2021.3/staging' branch; Version is '2021.3.5f1 (40eb3a945986) revision 4254522'; Using compiler version '192829333'; Build Type 'Release'
OS: 'Windows 11  (10.0.22000) 64bit Education' Language: 'ko' Physical Memory: 16310 MB
BatchMode: 1, IsHumanControllingUs: 0, StartBugReporterOnCrash: 0, Is64bit: 1, IsPro: 1

COMMAND LINE ARGUMENTS:
C:\Program Files\Unity\Hub\Editor\2021.3.5f1\Editor\Unity.exe
-adb2
-batchMode
-noUpm
-name
AssetImportWorker14
-projectPath
D:/GitHub/Tile
-logFile
Logs/AssetImportWorker14.log
-srvPort
62624
Successfully changed project path to: D:/GitHub/Tile
D:/GitHub/Tile
[UnityMemory] Configuration Parameters - Can be set up in boot.config
    "memorysetup-bucket-allocator-granularity=16"
    "memorysetup-bucket-allocator-bucket-count=8"
    "memorysetup-bucket-allocator-block-size=33554432"
    "memorysetup-bucket-allocator-block-count=8"
    "memorysetup-main-allocator-block-size=16777216"
    "memorysetup-thread-allocator-block-size=16777216"
    "memorysetup-gfx-main-allocator-block-size=16777216"
    "memorysetup-gfx-thread-allocator-block-size=16777216"
    "memorysetup-cache-allocator-block-size=4194304"
    "memorysetup-typetree-allocator-block-size=2097152"
    "memorysetup-profiler-bucket-allocator-granularity=16"
    "memorysetup-profiler-bucket-allocator-bucket-count=8"
    "memorysetup-profiler-bucket-allocator-block-size=33554432"
    "memorysetup-profiler-bucket-allocator-block-count=8"
    "memorysetup-profiler-allocator-block-size=16777216"
    "memorysetup-profiler-editor-allocator-block-size=1048576"
    "memorysetup-temp-allocator-size-main=16777216"
    "memorysetup-job-temp-allocator-block-size=2097152"
    "memorysetup-job-temp-allocator-block-size-background=1048576"
    "memorysetup-job-temp-allocator-reduction-small-platforms=262144"
    "memorysetup-temp-allocator-size-background-worker=32768"
    "memorysetup-temp-allocator-size-job-worker=262144"
    "memorysetup-temp-allocator-size-preload-manager=33554432"
    "memorysetup-temp-allocator-size-nav-mesh-worker=65536"
    "memorysetup-temp-allocator-size-audio-worker=65536"
    "memorysetup-temp-allocator-size-cloud-worker=32768"
    "memorysetup-temp-allocator-size-gi-baking-worker=262144"
    "memorysetup-temp-allocator-size-gfx=262144"
Refreshing native plugins compatible for Editor in 99.26 ms, found 5 plugins.
Preloading 0 native plugins for Editor in 0.00 ms.
Initialize engine version: 2021.3.5f1 (40eb3a945986)
[Subsystems] Discovering subsystems at path C:/Program Files/Unity/Hub/Editor/2021.3.5f1/Editor/Data/Resources/UnitySubsystems
[Subsystems] Discovering subsystems at path D:/GitHub/Tile/Assets
GfxDevice: creating device client; threaded=0; jobified=0
Direct3D:
    Version:  Direct3D 11.0 [level 11.1]
    Renderer: NVIDIA GeForce RTX 3060 Ti (ID=0x2486)
    Vendor:   NVIDIA
    VRAM:     8050 MB
    Driver:   31.0.15.1694
Initialize mono
Mono path[0] = 'C:/Program Files/Unity/Hub/Editor/2021.3.5f1/Editor/Data/Managed'
Mono path[1] = 'C:/Program Files/Unity/Hub/Editor/2021.3.5f1/Editor/Data/MonoBleedingEdge/lib/mono/unityjit-win32'
Mono config path = 'C:/Program Files/Unity/Hub/Editor/2021.3.5f1/Editor/Data/MonoBleedingEdge/etc'
Using monoOptions --debugger-agent=transport=dt_socket,embedding=1,server=y,suspend=n,address=127.0.0.1:56756
Begin MonoManager ReloadAssembly
Registering precompiled unity dll's ...
Register platform support module: C:/Program Files/Unity/Hub/Editor/2021.3.5f1/Editor/Data/PlaybackEngines/WindowsStandaloneSupport/UnityEditor.WindowsStandalone.Extensions.dll
Registered in 0.002433 seconds.
Native extension for WindowsStandalone target not found
Refreshing native plugins compatible for Editor in 84.34 ms, found 5 plugins.
Preloading 0 native plugins for Editor in 0.00 ms.
Mono: successfully reloaded assembly
- Completed reload, in  0.624 seconds
Domain Reload Profiling:
	ReloadAssembly (625ms)
		BeginReloadAssembly (74ms)
			ExecutionOrderSort (0ms)
			DisableScriptedObjects (0ms)
			BackupInstance (0ms)
			ReleaseScriptingObjects (0ms)
			CreateAndSetChildDomain (1ms)
		EndReloadAssembly (460ms)
			LoadAssemblies (74ms)
			RebuildTransferFunctionScriptingTraits (0ms)
			SetupTypeCache (90ms)
			ReleaseScriptCaches (0ms)
			RebuildScriptCaches (30ms)
			SetupLoadedEditorAssemblies (288ms)
				LogAssemblyErrors (0ms)
				InitializePlatformSupportModulesInManaged (7ms)
				SetLoadedEditorAssemblies (0ms)
				RefreshPlugins (84ms)
				BeforeProcessingInitializeOnLoad (1ms)
				ProcessInitializeOnLoadAttributes (133ms)
				ProcessInitializeOnLoadMethodAttributes (61ms)
				AfterProcessingInitializeOnLoad (0ms)
				EditorAssembliesLoaded (0ms)
			ExecutionOrderSort2 (0ms)
			AwakeInstancesAfterBackupRestoration (0ms)
Platform modules already initialized, skipping
Registering precompiled user dll's ...
Registered in 0.004533 seconds.
Begin MonoManager ReloadAssembly
Symbol file LoadedFromMemory doesn't match image D:\GitHub\Tile\Library\PackageCache\com.unity.visualscripting@1.7.8\Editor\VisualScripting.Core\Dependencies\YamlDotNet\Unity.VisualScripting.YamlDotNet.dll
Symbol file LoadedFromMemory doesn't match image D:\GitHub\Tile\Library\PackageCache\com.unity.visualscripting@1.7.8\Editor\VisualScripting.Core\Dependencies\DotNetZip\Unity.VisualScripting.IonicZip.dll
Native extension for WindowsStandalone target not found
Refreshing native plugins compatible for Editor in 0.72 ms, found 5 plugins.
Preloading 0 native plugins for Editor in 0.00 ms.
Mono: successfully reloaded assembly
- Completed reload, in  1.058 seconds
Domain Reload Profiling:
	ReloadAssembly (1059ms)
		BeginReloadAssembly (148ms)
			ExecutionOrderSort (0ms)
			DisableScriptedObjects (6ms)
			BackupInstance (0ms)
			ReleaseScriptingObjects (0ms)
			CreateAndSetChildDomain (24ms)
		EndReloadAssembly (803ms)
			LoadAssemblies (108ms)
			RebuildTransferFunctionScriptingTraits (0ms)
			SetupTypeCache (248ms)
			ReleaseScriptCaches (1ms)
			RebuildScriptCaches (62ms)
			SetupLoadedEditorAssemblies (363ms)
				LogAssemblyErrors (0ms)
				InitializePlatformSupportModulesInManaged (5ms)
				SetLoadedEditorAssemblies (0ms)
				RefreshPlugins (1ms)
				BeforeProcessingInitializeOnLoad (84ms)
				ProcessInitializeOnLoadAttributes (244ms)
				ProcessInitializeOnLoadMethodAttributes (25ms)
				AfterProcessingInitializeOnLoad (3ms)
				EditorAssembliesLoaded (0ms)
			ExecutionOrderSort2 (0ms)
			AwakeInstancesAfterBackupRestoration (21ms)
Platform modules already initialized, skipping
========================================================================
Worker process is ready to serve import requests
Launched and connected shader compiler UnityShaderCompiler.exe after 0.09 seconds
Refreshing native plugins compatible for Editor in 0.84 ms, found 5 plugins.
Preloading 0 native plugins for Editor in 0.00 ms.
Unloading 3699 Unused Serialized files (Serialized files now loaded: 0)
Unloading 42 unused Assets / (1.3 MB). Loaded Objects now: 4142.
Memory consumption went from 137.9 MB to 136.5 MB.
Total: 6.584700 ms (FindLiveObjects: 0.280800 ms CreateObjectMapping: 0.106600 ms MarkObjects: 4.930400 ms  DeleteObjects: 1.265800 ms)

AssetImportParameters requested are different than current active one (requested -> active):
  custom:video-decoder-ogg-theora: a1e56fd34408186e4bbccfd4996cb3dc -> 
  custom:container-muxer-webm: aa71ff27fc2769a1b78a27578f13a17b -> 
  custom:container-demuxer-webm: 4f35f7cbe854078d1ac9338744f61a02 -> 
  custom:video-encoder-webm-vp8: eb34c28f22e8b96e1ab97ce403110664 -> 
  custom:video-codec-MediaFoundation-h265: 746d11721c4dcdbdad8f713fa42b33f4 -> 
  custom:audio-encoder-webm-vorbis: bf7c407c2cedff20999df2af8eb42d56 -> 
  custom:framework-win-MediaFoundation: 216162199b28c13a410421893ffa2e32 -> 
  custom:container-demuxer-ogg: 62fdf1f143b41e24485cea50d1cbac27 -> 
  custom:video-decoder-webm-vp8: 9c59270c3fd7afecdb556c50c9e8de78 -> 
  custom:audio-decoder-ogg-vorbis: bf7c407c2cedff20999df2af8eb42d56 -> 
========================================================================
Received Import Request.
  Time since last request: 14205.574689 seconds.
  path: Assets/Import/UI/Puzzle stage & settings GUI Pack/Image_pink/txt/4.png
  artifactKey: Guid(576315cfba67e3144a10f882728abc97) Importer(815301076,1909f56bfc062723c751e8b465ee728b)
Start importing Assets/Import/UI/Puzzle stage & settings GUI Pack/Image_pink/txt/4.png using Guid(576315cfba67e3144a10f882728abc97) Importer(815301076,1909f56bfc062723c751e8b465ee728b)  -> (artifact id: '4a1cdc74d1590d620e5e2456d49edf2a') in 0.193324 seconds 
========================================================================
Received Import Request.
  Time since last request: 0.000026 seconds.
  path: Assets/Import/UI/Puzzle stage & settings GUI Pack/Image_pink/txt/settings.png
  artifactKey: Guid(a2adb6fbdfef7764ba4744bdb6f78d83) Importer(815301076,1909f56bfc062723c751e8b465ee728b)
Start importing Assets/Import/UI/Puzzle stage & settings GUI Pack/Image_pink/txt/settings.png using Guid(a2adb6fbdfef7764ba4744bdb6f78d83) Importer(815301076,1909f56bfc062723c751e8b465ee728b)  -> (artifact id: '4355a64ed55875e4022058d6a6666904') in 0.096040 seconds 
========================================================================
Received Import Request.
  Time since last request: 0.000026 seconds.
  path: Assets/Import/UI/Puzzle stage & settings GUI Pack/Image_pink/txt/8.png
  artifactKey: Guid(08ade4eb6cd7e7949b62e1ddc355dc39) Importer(815301076,1909f56bfc062723c751e8b465ee728b)
Start importing Assets/Import/UI/Puzzle stage & settings GUI Pack/Image_pink/txt/8.png using Guid(08ade4eb6cd7e7949b62e1ddc355dc39) Importer(815301076,1909f56bfc062723c751e8b465ee728b)  -> (artifact id: '36164ec2a896e56d11228bb390421248') in 0.113143 seconds 
========================================================================
Received Import Request.
  Time since last request: 29.434393 seconds.
  path: Assets/Import/UI/Puzzle stage & settings GUI Pack/Image_red/s_b/information.png
  artifactKey: Guid(7931c00ae3b66f24eac718770757b68f) Importer(815301076,1909f56bfc062723c751e8b465ee728b)
Start importing Assets/Import/UI/Puzzle stage & settings GUI Pack/Image_red/s_b/information.png using Guid(7931c00ae3b66f24eac718770757b68f) Importer(815301076,1909f56bfc062723c751e8b465ee728b)  -> (artifact id: 'c55659c6ac130177d3aefb4ddf564e3c') in 0.347442 seconds 
========================================================================
Received Import Request.
  Time since last request: 0.000028 seconds.
  path: Assets/Import/UI/Puzzle stage & settings GUI Pack/Image_red/s_b/music1.png
  artifactKey: Guid(a017bba5818852943ae01ef7d69768ad) Importer(815301076,1909f56bfc062723c751e8b465ee728b)
Start importing Assets/Import/UI/Puzzle stage & settings GUI Pack/Image_red/s_b/music1.png using Guid(a017bba5818852943ae01ef7d69768ad) Importer(815301076,1909f56bfc062723c751e8b465ee728b)  -> (artifact id: '68956c9160a41f80a1439c45b58c407f') in 0.169375 seconds 
========================================================================
Received Import Request.
  Time since last request: 0.000026 seconds.
  path: Assets/Import/UI/Puzzle stage & settings GUI Pack/Image_red/s_b/ranking.png
  artifactKey: Guid(2cc66cca0f0d5f94ba722828b7db3bf1) Importer(815301076,1909f56bfc062723c751e8b465ee728b)
Start importing Assets/Import/UI/Puzzle stage & settings GUI Pack/Image_red/s_b/ranking.png using Guid(2cc66cca0f0d5f94ba722828b7db3bf1) Importer(815301076,1909f56bfc062723c751e8b465ee728b)  -> (artifact id: '8812a8f6e367fa9c4a8d0022a1e00b88') in 0.140933 seconds 
========================================================================
Received Import Request.
  Time since last request: 0.000018 seconds.
  path: Assets/Import/UI/Puzzle stage & settings GUI Pack/Image_red/s_b/set.png
  artifactKey: Guid(95e2278e057121f4fb9d60818288c521) Importer(815301076,1909f56bfc062723c751e8b465ee728b)
Start importing Assets/Import/UI/Puzzle stage & settings GUI Pack/Image_red/s_b/set.png using Guid(95e2278e057121f4fb9d60818288c521) Importer(815301076,1909f56bfc062723c751e8b465ee728b)  -> (artifact id: '8497fa48b4fd947d653e583931fb117e') in 0.173277 seconds 
========================================================================
Received Import Request.
  Time since last request: 16.716054 seconds.
  path: Assets/Import/UI/Puzzle stage & settings GUI Pack/Image_blue/text/4.png
  artifactKey: Guid(7be32faeabe792244bde0d37c56f8abc) Importer(815301076,1909f56bfc062723c751e8b465ee728b)
Start importing Assets/Import/UI/Puzzle stage & settings GUI Pack/Image_blue/text/4.png using Guid(7be32faeabe792244bde0d37c56f8abc) Importer(815301076,1909f56bfc062723c751e8b465ee728b)  -> (artifact id: '079e080bffd47d15392772744c6d166d') in 0.064285 seconds 
========================================================================
Received Import Request.
  Time since last request: 0.000024 seconds.
  path: Assets/Import/UI/Puzzle stage & settings GUI Pack/Image_blue/text/5.png
  artifactKey: Guid(992df9a06d13da24588ad949b50ad03e) Importer(815301076,1909f56bfc062723c751e8b465ee728b)
Start importing Assets/Import/UI/Puzzle stage & settings GUI Pack/Image_blue/text/5.png using Guid(992df9a06d13da24588ad949b50ad03e) Importer(815301076,1909f56bfc062723c751e8b465ee728b)  -> (artifact id: 'c6a474c5621e10a969ed4fbc01471922') in 0.132116 seconds 
========================================================================
Received Import Request.
  Time since last request: 0.000028 seconds.
  path: Assets/Import/UI/Puzzle stage & settings GUI Pack/Image_blue/text/stage text.png
  artifactKey: Guid(77a8043c3c3244c4fbdf835800c97bfc) Importer(815301076,1909f56bfc062723c751e8b465ee728b)
Start importing Assets/Import/UI/Puzzle stage & settings GUI Pack/Image_blue/text/stage text.png using Guid(77a8043c3c3244c4fbdf835800c97bfc) Importer(815301076,1909f56bfc062723c751e8b465ee728b)  -> (artifact id: '18dc4f851d72066e887bac0905946b03') in 0.112285 seconds 
========================================================================
Received Import Request.
  Time since last request: 10.459204 seconds.
  path: Assets/Import/UI/Puzzle stage & settings GUI Pack/Image_green/s_button/information.png
  artifactKey: Guid(054c5cd4e2262e74d9aae9b70bc459c6) Importer(815301076,1909f56bfc062723c751e8b465ee728b)
Start importing Assets/Import/UI/Puzzle stage & settings GUI Pack/Image_green/s_button/information.png using Guid(054c5cd4e2262e74d9aae9b70bc459c6) Importer(815301076,1909f56bfc062723c751e8b465ee728b)  -> (artifact id: '30ffff7824d5e3b528d0028ac1b3eb42') in 0.208787 seconds 
========================================================================
Received Import Request.
  Time since last request: 0.005341 seconds.
  path: Assets/Import/UI/Puzzle stage & settings GUI Pack/Image_green/s_button/set.png
  artifactKey: Guid(6d1377844c7efef49b530ee8ce66b778) Importer(815301076,1909f56bfc062723c751e8b465ee728b)
Start importing Assets/Import/UI/Puzzle stage & settings GUI Pack/Image_green/s_button/set.png using Guid(6d1377844c7efef49b530ee8ce66b778) Importer(815301076,1909f56bfc062723c751e8b465ee728b)  -> (artifact id: '4a961a93c2e29c90ecbb8921cb87de5e') in 0.241364 seconds 
========================================================================
Received Import Request.
  Time since last request: 0.000019 seconds.
  path: Assets/Import/UI/Puzzle stage & settings GUI Pack/Image_green/s_button/plus.png
  artifactKey: Guid(08c3998e54a9ca4478d9037f3fbba679) Importer(815301076,1909f56bfc062723c751e8b465ee728b)
Start importing Assets/Import/UI/Puzzle stage & settings GUI Pack/Image_green/s_button/plus.png using Guid(08c3998e54a9ca4478d9037f3fbba679) Importer(815301076,1909f56bfc062723c751e8b465ee728b)  -> (artifact id: 'ded86a866e14691ccff87c5366618560') in 0.150831 seconds 
========================================================================
Received Import Request.
  Time since last request: 0.000023 seconds.
  path: Assets/Import/UI/Puzzle stage & settings GUI Pack/Image_green/button/ok.png
  artifactKey: Guid(6ac0bbe3be4fb6f46a2d10621ea6463e) Importer(815301076,1909f56bfc062723c751e8b465ee728b)
Start importing Assets/Import/UI/Puzzle stage & settings GUI Pack/Image_green/button/ok.png using Guid(6ac0bbe3be4fb6f46a2d10621ea6463e) Importer(815301076,1909f56bfc062723c751e8b465ee728b)  -> (artifact id: '20a75b029083ba4c10002493ef835725') in 0.216099 seconds 
========================================================================
Received Import Request.
  Time since last request: 0.000034 seconds.
  path: Assets/Import/UI/Puzzle stage & settings GUI Pack/Image_green/button/quit.png
  artifactKey: Guid(5e805ba11aed3a347839dc29edc49128) Importer(815301076,1909f56bfc062723c751e8b465ee728b)
Start importing Assets/Import/UI/Puzzle stage & settings GUI Pack/Image_green/button/quit.png using Guid(5e805ba11aed3a347839dc29edc49128) Importer(815301076,1909f56bfc062723c751e8b465ee728b)  -> (artifact id: 'bd5d2509f33dae7ac817175ba04ec49d') in 0.189904 seconds 
========================================================================
Received Import Request.
  Time since last request: 0.000027 seconds.
  path: Assets/Import/UI/Puzzle stage & settings GUI Pack/Image_green/button/exit.png
  artifactKey: Guid(9c589bf019b942e47b5974686be8a727) Importer(815301076,1909f56bfc062723c751e8b465ee728b)
Start importing Assets/Import/UI/Puzzle stage & settings GUI Pack/Image_green/button/exit.png using Guid(9c589bf019b942e47b5974686be8a727) Importer(815301076,1909f56bfc062723c751e8b465ee728b)  -> (artifact id: 'b5de46ba62712a0089af0f11659a1fe6') in 0.374196 seconds 
========================================================================
Received Import Request.
  Time since last request: 7.500999 seconds.
  path: Assets/Import/UI/Puzzle stage & settings GUI Pack/Image_blue/s_button/information.png
  artifactKey: Guid(4d5557cac0b4ed440b34cc2d04dbb9e5) Importer(815301076,1909f56bfc062723c751e8b465ee728b)
Start importing Assets/Import/UI/Puzzle stage & settings GUI Pack/Image_blue/s_button/information.png using Guid(4d5557cac0b4ed440b34cc2d04dbb9e5) Importer(815301076,1909f56bfc062723c751e8b465ee728b)  -> (artifact id: '7cb9f35c28a14bc5a7e2f25b12afdedb') in 0.246689 seconds 
========================================================================
Received Import Request.
  Time since last request: 0.000019 seconds.
  path: Assets/Import/UI/Puzzle stage & settings GUI Pack/Image_blue/s_button/return.png
  artifactKey: Guid(965a193c4ac5d114d9f1512636bf05a0) Importer(815301076,1909f56bfc062723c751e8b465ee728b)
Start importing Assets/Import/UI/Puzzle stage & settings GUI Pack/Image_blue/s_button/return.png using Guid(965a193c4ac5d114d9f1512636bf05a0) Importer(815301076,1909f56bfc062723c751e8b465ee728b)  -> (artifact id: '686e0165bf040ce9e1bf1263214003a7') in 0.210300 seconds 
========================================================================
Received Import Request.
  Time since last request: 0.000027 seconds.
  path: Assets/Import/UI/Puzzle stage & settings GUI Pack/Image_blue/s_button/music1.png
  artifactKey: Guid(ae092fdfe65b1eb45807c7f6c222e239) Importer(815301076,1909f56bfc062723c751e8b465ee728b)
Start importing Assets/Import/UI/Puzzle stage & settings GUI Pack/Image_blue/s_button/music1.png using Guid(ae092fdfe65b1eb45807c7f6c222e239) Importer(815301076,1909f56bfc062723c751e8b465ee728b)  -> (artifact id: '1783198b0d70ec900d4d5749c0f24fc5') in 0.144579 seconds 
========================================================================
Received Import Request.
  Time since last request: 0.000024 seconds.
  path: Assets/Import/UI/Puzzle stage & settings GUI Pack/Image_blue/s_button/pause.png
  artifactKey: Guid(42fc6c01ddb6b344fb13c0c2ae01d60a) Importer(815301076,1909f56bfc062723c751e8b465ee728b)
Start importing Assets/Import/UI/Puzzle stage & settings GUI Pack/Image_blue/s_button/pause.png using Guid(42fc6c01ddb6b344fb13c0c2ae01d60a) Importer(815301076,1909f56bfc062723c751e8b465ee728b)  -> (artifact id: '40ebd55ea1269fe4868a08dc62c33771') in 0.154589 seconds 
========================================================================
Received Import Request.
  Time since last request: 0.004556 seconds.
  path: Assets/Import/UI/Puzzle stage & settings GUI Pack/Image_blue/s_button/sound1.png
  artifactKey: Guid(7fa6c779a5a842f48b786c57bb21d3a4) Importer(815301076,1909f56bfc062723c751e8b465ee728b)
Start importing Assets/Import/UI/Puzzle stage & settings GUI Pack/Image_blue/s_button/sound1.png using Guid(7fa6c779a5a842f48b786c57bb21d3a4) Importer(815301076,1909f56bfc062723c751e8b465ee728b)  -> (artifact id: '900c77180447de06c95a4172615dee46') in 0.210458 seconds 
========================================================================
Received Import Request.
  Time since last request: 22.575387 seconds.
  path: Assets/Import/UI/Puzzle stage & settings GUI Pack/Image_green/text/4.png
  artifactKey: Guid(a164fd0e5f9b1bc4b9dacdc403ac520b) Importer(815301076,1909f56bfc062723c751e8b465ee728b)
Start importing Assets/Import/UI/Puzzle stage & settings GUI Pack/Image_green/text/4.png using Guid(a164fd0e5f9b1bc4b9dacdc403ac520b) Importer(815301076,1909f56bfc062723c751e8b465ee728b)  -> (artifact id: 'ef92993342ae32a36dc379a19014f6af') in 0.055349 seconds 
========================================================================
Received Import Request.
  Time since last request: 0.000018 seconds.
  path: Assets/Import/UI/Puzzle stage & settings GUI Pack/Image_green/text/8.png
  artifactKey: Guid(6eff7a2803fff2e4b815b19c57b754d5) Importer(815301076,1909f56bfc062723c751e8b465ee728b)
Start importing Assets/Import/UI/Puzzle stage & settings GUI Pack/Image_green/text/8.png using Guid(6eff7a2803fff2e4b815b19c57b754d5) Importer(815301076,1909f56bfc062723c751e8b465ee728b)  -> (artifact id: 'a47e4c6da9fbbb062f79dd5c1e819b13') in 0.041556 seconds 
========================================================================
Received Import Request.
  Time since last request: 0.000018 seconds.
  path: Assets/Import/UI/Puzzle stage & settings GUI Pack/Image_green/text/stage text.png
  artifactKey: Guid(c93434eec64cc274fb1c7713c80fbca5) Importer(815301076,1909f56bfc062723c751e8b465ee728b)
Start importing Assets/Import/UI/Puzzle stage & settings GUI Pack/Image_green/text/stage text.png using Guid(c93434eec64cc274fb1c7713c80fbca5) Importer(815301076,1909f56bfc062723c751e8b465ee728b)  -> (artifact id: '363b05ce6dbd536c43afb8c45bcb9c53') in 0.125646 seconds 
========================================================================
Received Import Request.
  Time since last request: 0.000020 seconds.
  path: Assets/Import/UI/Puzzle stage & settings GUI Pack/Image_green/text/music.png
  artifactKey: Guid(7c7abcfb68685594890f951ef9459d26) Importer(815301076,1909f56bfc062723c751e8b465ee728b)
Start importing Assets/Import/UI/Puzzle stage & settings GUI Pack/Image_green/text/music.png using Guid(7c7abcfb68685594890f951ef9459d26) Importer(815301076,1909f56bfc062723c751e8b465ee728b)  -> (artifact id: '0c2a47521d146abc6e37c7b98edb39be') in 0.079024 seconds 
========================================================================
Received Prepare
Registering precompiled user dll's ...
Registered in 0.004706 seconds.
Begin MonoManager ReloadAssembly
Symbol file LoadedFromMemory doesn't match image D:\GitHub\Tile\Library\PackageCache\com.unity.visualscripting@1.7.8\Editor\VisualScripting.Core\Dependencies\YamlDotNet\Unity.VisualScripting.YamlDotNet.dll
Symbol file LoadedFromMemory doesn't match image D:\GitHub\Tile\Library\PackageCache\com.unity.visualscripting@1.7.8\Editor\VisualScripting.Core\Dependencies\DotNetZip\Unity.VisualScripting.IonicZip.dll
Native extension for WindowsStandalone target not found
Refreshing native plugins compatible for Editor in 0.73 ms, found 5 plugins.
Preloading 0 native plugins for Editor in 0.00 ms.
Mono: successfully reloaded assembly
- Completed reload, in  1.047 seconds
Domain Reload Profiling:
	ReloadAssembly (1048ms)
		BeginReloadAssembly (138ms)
			ExecutionOrderSort (0ms)
			DisableScriptedObjects (5ms)
			BackupInstance (0ms)
			ReleaseScriptingObjects (0ms)
			CreateAndSetChildDomain (41ms)
		EndReloadAssembly (824ms)
			LoadAssemblies (85ms)
			RebuildTransferFunctionScriptingTraits (0ms)
			SetupTypeCache (310ms)
			ReleaseScriptCaches (1ms)
			RebuildScriptCaches (45ms)
			SetupLoadedEditorAssemblies (330ms)
				LogAssemblyErrors (0ms)
				InitializePlatformSupportModulesInManaged (11ms)
				SetLoadedEditorAssemblies (1ms)
				RefreshPlugins (1ms)
				BeforeProcessingInitializeOnLoad (67ms)
				ProcessInitializeOnLoadAttributes (221ms)
				ProcessInitializeOnLoadMethodAttributes (27ms)
				AfterProcessingInitializeOnLoad (3ms)
				EditorAssembliesLoaded (0ms)
			ExecutionOrderSort2 (0ms)
			AwakeInstancesAfterBackupRestoration (24ms)
Platform modules already initialized, skipping
Refreshing native plugins compatible for Editor in 2.36 ms, found 5 plugins.
Preloading 0 native plugins for Editor in 0.00 ms.
Unloading 3647 Unused Serialized files (Serialized files now loaded: 0)
Unloading 35 unused Assets / (1.3 MB). Loaded Objects now: 4166.
Memory consumption went from 137.5 MB to 136.2 MB.
Total: 3.420400 ms (FindLiveObjects: 0.237800 ms CreateObjectMapping: 0.089500 ms MarkObjects: 2.820000 ms  DeleteObjects: 0.272300 ms)

AssetImportParameters requested are different than current active one (requested -> active):
  custom:video-decoder-ogg-theora: a1e56fd34408186e4bbccfd4996cb3dc -> 
  custom:container-muxer-webm: aa71ff27fc2769a1b78a27578f13a17b -> 
  custom:container-demuxer-webm: 4f35f7cbe854078d1ac9338744f61a02 -> 
  custom:video-encoder-webm-vp8: eb34c28f22e8b96e1ab97ce403110664 -> 
  custom:video-codec-MediaFoundation-h265: 746d11721c4dcdbdad8f713fa42b33f4 -> 
  custom:audio-encoder-webm-vorbis: bf7c407c2cedff20999df2af8eb42d56 -> 
  custom:framework-win-MediaFoundation: 216162199b28c13a410421893ffa2e32 -> 
  custom:container-demuxer-ogg: 62fdf1f143b41e24485cea50d1cbac27 -> 
  custom:video-decoder-webm-vp8: 9c59270c3fd7afecdb556c50c9e8de78 -> 
  custom:audio-decoder-ogg-vorbis: bf7c407c2cedff20999df2af8eb42d56 -> 
========================================================================
Received Import Request.
  Time since last request: 496.543473 seconds.
  path: Assets/Import/UI/Puzzle stage & settings GUI Pack/Image_red/b/help.png
  artifactKey: Guid(8d91ffbbfecaad54a89711489e9e0786) Importer(815301076,1909f56bfc062723c751e8b465ee728b)
Start importing Assets/Import/UI/Puzzle stage & settings GUI Pack/Image_red/b/help.png using Guid(8d91ffbbfecaad54a89711489e9e0786) Importer(815301076,1909f56bfc062723c751e8b465ee728b)  -> (artifact id: '26afc116c7d02124bdcffa735408da83') in 0.327607 seconds 
========================================================================
Received Import Request.
  Time since last request: 0.000035 seconds.
  path: Assets/Import/UI/Puzzle stage & settings GUI Pack/Image_red/b/quit.png
  artifactKey: Guid(43ec108daab75a5418ff0864a181589e) Importer(815301076,1909f56bfc062723c751e8b465ee728b)
Start importing Assets/Import/UI/Puzzle stage & settings GUI Pack/Image_red/b/quit.png using Guid(43ec108daab75a5418ff0864a181589e) Importer(815301076,1909f56bfc062723c751e8b465ee728b)  -> (artifact id: '63ac1430adcc592771b6af380db4dd97') in 0.158796 seconds 
========================================================================
Received Import Request.
  Time since last request: 0.000023 seconds.
  path: Assets/Import/UI/Puzzle stage & settings GUI Pack/Image_red/b/ok.png
  artifactKey: Guid(2a9f0280ab5da454a92b4073e620c765) Importer(815301076,1909f56bfc062723c751e8b465ee728b)
Start importing Assets/Import/UI/Puzzle stage & settings GUI Pack/Image_red/b/ok.png using Guid(2a9f0280ab5da454a92b4073e620c765) Importer(815301076,1909f56bfc062723c751e8b465ee728b)  -> (artifact id: '7687af291cac9f0908490fbf505a02f6') in 0.178093 seconds 
Editor requested this worker to shutdown with reason: Scaling down because of idle timeout
AssetImportWorker is now disconnected from the server
Process exiting
Exiting without the bug reporter. Application will terminate with return code 0