Using pre-set license
Built from '2021.3/staging' branch; Version is '2021.3.5f1 (40eb3a945986) revision 4254522'; Using compiler version '192829333'; Build Type 'Release'
OS: 'Windows 11  (10.0.22000) 64bit Core' Language: 'ko' Physical Memory: 32637 MB
BatchMode: 1, IsHumanControllingUs: 0, StartBugReporterOnCrash: 0, Is64bit: 1, IsPro: 1

COMMAND LINE ARGUMENTS:
C:\Program Files\Unity\Hub\Editor\2021.3.5f1\Editor\Unity.exe
-adb2
-batchMode
-noUpm
-name
AssetImportWorker1
-projectPath
C:/Users/user/Documents/GitHub/Tile
-logFile
Logs/AssetImportWorker1.log
-srvPort
55206
Successfully changed project path to: C:/Users/user/Documents/GitHub/Tile
C:/Users/user/Documents/GitHub/Tile
[UnityMemory] Configuration Parameters - Can be set up in boot.config
    "memorysetup-bucket-allocator-granularity=16"
    "memorysetup-bucket-allocator-bucket-count=8"
    "memorysetup-bucket-allocator-block-size=33554432"
    "memorysetup-bucket-allocator-block-count=8"
    "memorysetup-main-allocator-block-size=16777216"
    "memorysetup-thread-allocator-block-size=16777216"
    "memorysetup-gfx-main-allocator-block-size=16777216"
    "memorysetup-gfx-thread-allocator-block-size=16777216"
    "memorysetup-cache-allocator-block-size=4194304"
    "memorysetup-typetree-allocator-block-size=2097152"
    "memorysetup-profiler-bucket-allocator-granularity=16"
    "memorysetup-profiler-bucket-allocator-bucket-count=8"
    "memorysetup-profiler-bucket-allocator-block-size=33554432"
    "memorysetup-profiler-bucket-allocator-block-count=8"
    "memorysetup-profiler-allocator-block-size=16777216"
    "memorysetup-profiler-editor-allocator-block-size=1048576"
    "memorysetup-temp-allocator-size-main=16777216"
    "memorysetup-job-temp-allocator-block-size=2097152"
    "memorysetup-job-temp-allocator-block-size-background=1048576"
    "memorysetup-job-temp-allocator-reduction-small-platforms=262144"
    "memorysetup-temp-allocator-size-background-worker=32768"
    "memorysetup-temp-allocator-size-job-worker=262144"
    "memorysetup-temp-allocator-size-preload-manager=33554432"
    "memorysetup-temp-allocator-size-nav-mesh-worker=65536"
    "memorysetup-temp-allocator-size-audio-worker=65536"
    "memorysetup-temp-allocator-size-cloud-worker=32768"
    "memorysetup-temp-allocator-size-gi-baking-worker=262144"
    "memorysetup-temp-allocator-size-gfx=262144"
Refreshing native plugins compatible for Editor in 132.62 ms, found 5 plugins.
Preloading 0 native plugins for Editor in 0.00 ms.
Initialize engine version: 2021.3.5f1 (40eb3a945986)
[Subsystems] Discovering subsystems at path C:/Program Files/Unity/Hub/Editor/2021.3.5f1/Editor/Data/Resources/UnitySubsystems
[Subsystems] Discovering subsystems at path C:/Users/user/Documents/GitHub/Tile/Assets
GfxDevice: creating device client; threaded=0; jobified=0
Direct3D:
    Version:  Direct3D 11.0 [level 11.1]
    Renderer: NVIDIA GeForce RTX 3060 (ID=0x2487)
    Vendor:   NVIDIA
    VRAM:     12138 MB
    Driver:   30.0.14.9676
Initialize mono
Mono path[0] = 'C:/Program Files/Unity/Hub/Editor/2021.3.5f1/Editor/Data/Managed'
Mono path[1] = 'C:/Program Files/Unity/Hub/Editor/2021.3.5f1/Editor/Data/MonoBleedingEdge/lib/mono/unityjit-win32'
Mono config path = 'C:/Program Files/Unity/Hub/Editor/2021.3.5f1/Editor/Data/MonoBleedingEdge/etc'
Using monoOptions --debugger-agent=transport=dt_socket,embedding=1,server=y,suspend=n,address=127.0.0.1:56724
Begin MonoManager ReloadAssembly
Registering precompiled unity dll's ...
Register platform support module: C:/Program Files/Unity/Hub/Editor/2021.3.5f1/Editor/Data/PlaybackEngines/WindowsStandaloneSupport/UnityEditor.WindowsStandalone.Extensions.dll
Registered in 0.004456 seconds.
Native extension for WindowsStandalone target not found
Refreshing native plugins compatible for Editor in 129.93 ms, found 5 plugins.
Preloading 0 native plugins for Editor in 0.00 ms.
Mono: successfully reloaded assembly
- Completed reload, in  0.793 seconds
Domain Reload Profiling:
	ReloadAssembly (793ms)
		BeginReloadAssembly (82ms)
			ExecutionOrderSort (0ms)
			DisableScriptedObjects (0ms)
			BackupInstance (0ms)
			ReleaseScriptingObjects (0ms)
			CreateAndSetChildDomain (1ms)
		EndReloadAssembly (576ms)
			LoadAssemblies (80ms)
			RebuildTransferFunctionScriptingTraits (0ms)
			SetupTypeCache (122ms)
			ReleaseScriptCaches (0ms)
			RebuildScriptCaches (35ms)
			SetupLoadedEditorAssemblies (355ms)
				LogAssemblyErrors (0ms)
				InitializePlatformSupportModulesInManaged (9ms)
				SetLoadedEditorAssemblies (0ms)
				RefreshPlugins (130ms)
				BeforeProcessingInitializeOnLoad (2ms)
				ProcessInitializeOnLoadAttributes (157ms)
				ProcessInitializeOnLoadMethodAttributes (57ms)
				AfterProcessingInitializeOnLoad (0ms)
				EditorAssembliesLoaded (0ms)
			ExecutionOrderSort2 (0ms)
			AwakeInstancesAfterBackupRestoration (0ms)
Platform modules already initialized, skipping
Registering precompiled user dll's ...
Registered in 0.006037 seconds.
Begin MonoManager ReloadAssembly
Symbol file LoadedFromMemory doesn't match image C:\Users\user\Documents\GitHub\Tile\Library\PackageCache\com.unity.visualscripting@1.7.8\Editor\VisualScripting.Core\Dependencies\YamlDotNet\Unity.VisualScripting.YamlDotNet.dll
Symbol file LoadedFromMemory doesn't match image C:\Users\user\Documents\GitHub\Tile\Library\PackageCache\com.unity.visualscripting@1.7.8\Editor\VisualScripting.Core\Dependencies\DotNetZip\Unity.VisualScripting.IonicZip.dll
Native extension for WindowsStandalone target not found
Refreshing native plugins compatible for Editor in 0.72 ms, found 5 plugins.
Preloading 0 native plugins for Editor in 0.00 ms.
Mono: successfully reloaded assembly
- Completed reload, in  1.292 seconds
Domain Reload Profiling:
	ReloadAssembly (1293ms)
		BeginReloadAssembly (126ms)
			ExecutionOrderSort (0ms)
			DisableScriptedObjects (7ms)
			BackupInstance (0ms)
			ReleaseScriptingObjects (0ms)
			CreateAndSetChildDomain (25ms)
		EndReloadAssembly (1025ms)
			LoadAssemblies (87ms)
			RebuildTransferFunctionScriptingTraits (0ms)
			SetupTypeCache (338ms)
			ReleaseScriptCaches (1ms)
			RebuildScriptCaches (68ms)
			SetupLoadedEditorAssemblies (473ms)
				LogAssemblyErrors (0ms)
				InitializePlatformSupportModulesInManaged (6ms)
				SetLoadedEditorAssemblies (1ms)
				RefreshPlugins (1ms)
				BeforeProcessingInitializeOnLoad (116ms)
				ProcessInitializeOnLoadAttributes (305ms)
				ProcessInitializeOnLoadMethodAttributes (39ms)
				AfterProcessingInitializeOnLoad (6ms)
				EditorAssembliesLoaded (0ms)
			ExecutionOrderSort2 (0ms)
			AwakeInstancesAfterBackupRestoration (7ms)
Platform modules already initialized, skipping
========================================================================
Worker process is ready to serve import requests
Launched and connected shader compiler UnityShaderCompiler.exe after 0.04 seconds
Refreshing native plugins compatible for Editor in 0.71 ms, found 5 plugins.
Preloading 0 native plugins for Editor in 0.00 ms.
Unloading 3704 Unused Serialized files (Serialized files now loaded: 0)
Unloading 42 unused Assets / (1.3 MB). Loaded Objects now: 4147.
Memory consumption went from 137.9 MB to 136.6 MB.
Total: 3.641400 ms (FindLiveObjects: 0.298000 ms CreateObjectMapping: 0.151900 ms MarkObjects: 2.928700 ms  DeleteObjects: 0.261400 ms)

AssetImportParameters requested are different than current active one (requested -> active):
  custom:video-decoder-ogg-theora: a1e56fd34408186e4bbccfd4996cb3dc -> 
  custom:container-muxer-webm: aa71ff27fc2769a1b78a27578f13a17b -> 
  custom:container-demuxer-webm: 4f35f7cbe854078d1ac9338744f61a02 -> 
  custom:video-encoder-webm-vp8: eb34c28f22e8b96e1ab97ce403110664 -> 
  custom:audio-encoder-webm-vorbis: bf7c407c2cedff20999df2af8eb42d56 -> 
  custom:framework-win-MediaFoundation: 216162199b28c13a410421893ffa2e32 -> 
  custom:container-demuxer-ogg: 62fdf1f143b41e24485cea50d1cbac27 -> 
  custom:video-decoder-webm-vp8: 9c59270c3fd7afecdb556c50c9e8de78 -> 
  custom:audio-decoder-ogg-vorbis: bf7c407c2cedff20999df2af8eb42d56 -> 
========================================================================
Received Import Request.
  Time since last request: 1821433.474625 seconds.
  path: Assets/Scenes/Stage/1-1.unity
  artifactKey: Guid(9fc0d4010bbf28b4594072e72b8655ab) Importer(815301076,1909f56bfc062723c751e8b465ee728b)
Start importing Assets/Scenes/Stage/1-1.unity using Guid(9fc0d4010bbf28b4594072e72b8655ab) Importer(815301076,1909f56bfc062723c751e8b465ee728b)  -> (artifact id: 'b7924574fca153212ac74e80ffc594e1') in 0.012218 seconds 
========================================================================
Received Import Request.
  Time since last request: 10.500538 seconds.
  path: Assets/Import/UI/Puzzle stage & settings GUI Pack/Image_pink/x.png
  artifactKey: Guid(2354af655b0e59e478950c0a62a0b979) Importer(815301076,1909f56bfc062723c751e8b465ee728b)
Start importing Assets/Import/UI/Puzzle stage & settings GUI Pack/Image_pink/x.png using Guid(2354af655b0e59e478950c0a62a0b979) Importer(815301076,1909f56bfc062723c751e8b465ee728b)  -> (artifact id: 'bdce1bf823f6f6105e2a085a0f301924') in 0.139398 seconds 
========================================================================
Received Import Request.
  Time since last request: 0.501923 seconds.
  path: Assets/Import/UI/Puzzle stage & settings GUI Pack/Image_purple/Button/start.png
  artifactKey: Guid(9f261dae69ccc6f4c97f6dfab7aaaf54) Importer(815301076,1909f56bfc062723c751e8b465ee728b)
Start importing Assets/Import/UI/Puzzle stage & settings GUI Pack/Image_purple/Button/start.png using Guid(9f261dae69ccc6f4c97f6dfab7aaaf54) Importer(815301076,1909f56bfc062723c751e8b465ee728b)  -> (artifact id: 'ddf487eda4e6b355b725be2f95912e5e') in 0.142881 seconds 
========================================================================
Received Import Request.
  Time since last request: 0.165644 seconds.
  path: Assets/Import/UI/Puzzle stage & settings GUI Pack/Image_red/b/start.png
  artifactKey: Guid(29cad0ea3c4a7e74eaa58c86dae23f42) Importer(815301076,1909f56bfc062723c751e8b465ee728b)
Start importing Assets/Import/UI/Puzzle stage & settings GUI Pack/Image_red/b/start.png using Guid(29cad0ea3c4a7e74eaa58c86dae23f42) Importer(815301076,1909f56bfc062723c751e8b465ee728b)  -> (artifact id: '6fb0524887336bcf0b72e439262d59ed') in 0.107571 seconds 
========================================================================
Received Import Request.
  Time since last request: 0.296236 seconds.
  path: Assets/Import/UI/Puzzle stage & settings GUI Pack/Image_pink/star box.png
  artifactKey: Guid(8fcb16bc09114084e9c2e864e4318143) Importer(815301076,1909f56bfc062723c751e8b465ee728b)
Start importing Assets/Import/UI/Puzzle stage & settings GUI Pack/Image_pink/star box.png using Guid(8fcb16bc09114084e9c2e864e4318143) Importer(815301076,1909f56bfc062723c751e8b465ee728b)  -> (artifact id: '81019b0a6fa3793791c8eb9a31d3a272') in 0.061835 seconds 
========================================================================
Received Import Request.
  Time since last request: 0.267671 seconds.
  path: Assets/Import/UI/Puzzle stage & settings GUI Pack/Image_red/star.png
  artifactKey: Guid(e0b7051440177ab40a45e8abd1e858c8) Importer(815301076,1909f56bfc062723c751e8b465ee728b)
Start importing Assets/Import/UI/Puzzle stage & settings GUI Pack/Image_red/star.png using Guid(e0b7051440177ab40a45e8abd1e858c8) Importer(815301076,1909f56bfc062723c751e8b465ee728b)  -> (artifact id: 'fb75dea54bd453a6f0dc0f8e0d2fa20f') in 0.059460 seconds 
========================================================================
Received Import Request.
  Time since last request: 0.000021 seconds.
  path: Assets/Import/UI/Puzzle stage & settings GUI Pack/Image_pink/star.png
  artifactKey: Guid(c6c53084146c703479d667f9e1d3950e) Importer(815301076,1909f56bfc062723c751e8b465ee728b)
Start importing Assets/Import/UI/Puzzle stage & settings GUI Pack/Image_pink/star.png using Guid(c6c53084146c703479d667f9e1d3950e) Importer(815301076,1909f56bfc062723c751e8b465ee728b)  -> (artifact id: 'b0028de71278b384cfcd03ce5a6f5105') in 0.048989 seconds 
========================================================================
Received Import Request.
  Time since last request: 0.245314 seconds.
  path: Assets/Import/UI/Puzzle stage & settings GUI Pack/Image_blue/text/stage text.png
  artifactKey: Guid(77a8043c3c3244c4fbdf835800c97bfc) Importer(815301076,1909f56bfc062723c751e8b465ee728b)
Start importing Assets/Import/UI/Puzzle stage & settings GUI Pack/Image_blue/text/stage text.png using Guid(77a8043c3c3244c4fbdf835800c97bfc) Importer(815301076,1909f56bfc062723c751e8b465ee728b)  -> (artifact id: 'be8299f79a347319059bba0adf2945fd') in 0.038169 seconds 
========================================================================
Received Import Request.
  Time since last request: 0.022285 seconds.
  path: Assets/Import/UI/Puzzle stage & settings GUI Pack/Image_purple/stage.png
  artifactKey: Guid(03c22caa61a91134e8b955127a097089) Importer(815301076,1909f56bfc062723c751e8b465ee728b)
Start importing Assets/Import/UI/Puzzle stage & settings GUI Pack/Image_purple/stage.png using Guid(03c22caa61a91134e8b955127a097089) Importer(815301076,1909f56bfc062723c751e8b465ee728b)  -> (artifact id: 'c451ea59bcc65cc148dfcb5d091b7979') in 0.033420 seconds 
========================================================================
Received Import Request.
  Time since last request: 0.217925 seconds.
  path: Assets/Import/UI/Puzzle stage & settings GUI Pack/Image_pink/stage.png
  artifactKey: Guid(e64be39d74fdaa14c95dc086f2ef1f74) Importer(815301076,1909f56bfc062723c751e8b465ee728b)
Start importing Assets/Import/UI/Puzzle stage & settings GUI Pack/Image_pink/stage.png using Guid(e64be39d74fdaa14c95dc086f2ef1f74) Importer(815301076,1909f56bfc062723c751e8b465ee728b)  -> (artifact id: '99794a85df12efe8349bd91f3edd9f0f') in 0.025670 seconds 
========================================================================
Received Import Request.
  Time since last request: 0.032895 seconds.
  path: Assets/Import/UI/Puzzle stage & settings GUI Pack/Image_purple/speed.png
  artifactKey: Guid(a94c982ad837a184a9a6948d7b429b9f) Importer(815301076,1909f56bfc062723c751e8b465ee728b)
Start importing Assets/Import/UI/Puzzle stage & settings GUI Pack/Image_purple/speed.png using Guid(a94c982ad837a184a9a6948d7b429b9f) Importer(815301076,1909f56bfc062723c751e8b465ee728b)  -> (artifact id: '831d400eead0f524f3609c577cf4e99f') in 0.031086 seconds 
========================================================================
Received Import Request.
  Time since last request: 0.207570 seconds.
  path: Assets/Import/UI/Puzzle stage & settings GUI Pack/Image_red/txt/speed.png
  artifactKey: Guid(1f69f4355b462de459c356cd9c32ffeb) Importer(815301076,1909f56bfc062723c751e8b465ee728b)
Start importing Assets/Import/UI/Puzzle stage & settings GUI Pack/Image_red/txt/speed.png using Guid(1f69f4355b462de459c356cd9c32ffeb) Importer(815301076,1909f56bfc062723c751e8b465ee728b)  -> (artifact id: '8accaf1217f6116532259caaa28a2ae2') in 0.028054 seconds 
========================================================================
Received Import Request.
  Time since last request: 0.000029 seconds.
  path: Assets/Import/UI/Puzzle stage & settings GUI Pack/Image_green/text/speed.png
  artifactKey: Guid(5e95711fdc3365e488481923dd5c383a) Importer(815301076,1909f56bfc062723c751e8b465ee728b)
Start importing Assets/Import/UI/Puzzle stage & settings GUI Pack/Image_green/text/speed.png using Guid(5e95711fdc3365e488481923dd5c383a) Importer(815301076,1909f56bfc062723c751e8b465ee728b)  -> (artifact id: '7f21e0355a4307428559f7ed17047e44') in 0.027616 seconds 
========================================================================
Received Import Request.
  Time since last request: 0.268801 seconds.
  path: Assets/Import/UI/Puzzle stage & settings GUI Pack/Image_red/s_b/sound1.png
  artifactKey: Guid(68337bb27682c53408045037563ce4b3) Importer(815301076,1909f56bfc062723c751e8b465ee728b)
Start importing Assets/Import/UI/Puzzle stage & settings GUI Pack/Image_red/s_b/sound1.png using Guid(68337bb27682c53408045037563ce4b3) Importer(815301076,1909f56bfc062723c751e8b465ee728b)  -> (artifact id: '17df53a93893963e4c49220eab761be0') in 0.091371 seconds 
========================================================================
Received Import Request.
  Time since last request: 0.000025 seconds.
  path: Assets/Import/UI/Puzzle stage & settings GUI Pack/Image_red/txt/sound.png
  artifactKey: Guid(3355ba180dcf01f47b568088cd8f1b58) Importer(815301076,1909f56bfc062723c751e8b465ee728b)
Start importing Assets/Import/UI/Puzzle stage & settings GUI Pack/Image_red/txt/sound.png using Guid(3355ba180dcf01f47b568088cd8f1b58) Importer(815301076,1909f56bfc062723c751e8b465ee728b)  -> (artifact id: 'f04dbbba51deae15b67feca34fc8fa54') in 0.034882 seconds 
========================================================================
Received Import Request.
  Time since last request: 0.205021 seconds.
  path: Assets/Import/UI/Puzzle stage & settings GUI Pack/Image_pink/txt/sound.png
  artifactKey: Guid(6c696f274268d9249a91a14a0cd02537) Importer(815301076,1909f56bfc062723c751e8b465ee728b)
Start importing Assets/Import/UI/Puzzle stage & settings GUI Pack/Image_pink/txt/sound.png using Guid(6c696f274268d9249a91a14a0cd02537) Importer(815301076,1909f56bfc062723c751e8b465ee728b)  -> (artifact id: '59e2ae276b48bfe5bb25c0e49378340f') in 0.025587 seconds 
========================================================================
Received Import Request.
  Time since last request: 0.000026 seconds.
  path: Assets/Import/UI/Puzzle stage & settings GUI Pack/Image_green/text/sound.png
  artifactKey: Guid(d6fc60a6157838b45871f0b2287fa93a) Importer(815301076,1909f56bfc062723c751e8b465ee728b)
Start importing Assets/Import/UI/Puzzle stage & settings GUI Pack/Image_green/text/sound.png using Guid(d6fc60a6157838b45871f0b2287fa93a) Importer(815301076,1909f56bfc062723c751e8b465ee728b)  -> (artifact id: 'f7b16221120e7f1df38c9d78c6852b83') in 0.027154 seconds 
========================================================================
Received Import Request.
  Time since last request: 0.611052 seconds.
  path: Assets/Import/UI/Puzzle stage & settings GUI Pack/Image_blue/s_button/shop.png
  artifactKey: Guid(63f091fd3bbfd7a4f883d710a078b876) Importer(815301076,1909f56bfc062723c751e8b465ee728b)
Start importing Assets/Import/UI/Puzzle stage & settings GUI Pack/Image_blue/s_button/shop.png using Guid(63f091fd3bbfd7a4f883d710a078b876) Importer(815301076,1909f56bfc062723c751e8b465ee728b)  -> (artifact id: '2246a70a196a956e63b3ab1c1e688152') in 0.074147 seconds 
========================================================================
Received Import Request.
  Time since last request: 0.000023 seconds.
  path: Assets/Import/UI/Puzzle stage & settings GUI Pack/Image_red/s_b/shop.png
  artifactKey: Guid(8f058d5e7842192449274996d0e2b5ff) Importer(815301076,1909f56bfc062723c751e8b465ee728b)
Start importing Assets/Import/UI/Puzzle stage & settings GUI Pack/Image_red/s_b/shop.png using Guid(8f058d5e7842192449274996d0e2b5ff) Importer(815301076,1909f56bfc062723c751e8b465ee728b)  -> (artifact id: 'a90c4061e39cf667f5c05dd4abe5ac16') in 0.074284 seconds 
========================================================================
Received Import Request.
  Time since last request: 0.333267 seconds.
  path: Assets/Import/UI/Puzzle stage & settings GUI Pack/Image_red/s_b/share.png
  artifactKey: Guid(43fefd0b45c21ee40b7c384969974022) Importer(815301076,1909f56bfc062723c751e8b465ee728b)
Start importing Assets/Import/UI/Puzzle stage & settings GUI Pack/Image_red/s_b/share.png using Guid(43fefd0b45c21ee40b7c384969974022) Importer(815301076,1909f56bfc062723c751e8b465ee728b)  -> (artifact id: '82ba3ab9ce05bd975851ff75b54975e5') in 0.083998 seconds 
========================================================================
Received Import Request.
  Time since last request: 0.000025 seconds.
  path: Assets/Import/UI/Puzzle stage & settings GUI Pack/Image_purple/Square button/share.png
  artifactKey: Guid(5a86ca520dae9bc418ad15265c0a6741) Importer(815301076,1909f56bfc062723c751e8b465ee728b)
Start importing Assets/Import/UI/Puzzle stage & settings GUI Pack/Image_purple/Square button/share.png using Guid(5a86ca520dae9bc418ad15265c0a6741) Importer(815301076,1909f56bfc062723c751e8b465ee728b)  -> (artifact id: 'f7bae75db857ccb3c8c1fa3ed2421061') in 0.085846 seconds 
========================================================================
Received Import Request.
  Time since last request: 0.363391 seconds.
  path: Assets/Import/UI/Puzzle stage & settings GUI Pack/Image_blue/text/settings.png
  artifactKey: Guid(0c50e57830ca12f4dace6d249c0ae415) Importer(815301076,1909f56bfc062723c751e8b465ee728b)
Start importing Assets/Import/UI/Puzzle stage & settings GUI Pack/Image_blue/text/settings.png using Guid(0c50e57830ca12f4dace6d249c0ae415) Importer(815301076,1909f56bfc062723c751e8b465ee728b)  -> (artifact id: '6010b5653e8939c7629aa00d9bc00a11') in 0.048651 seconds 
========================================================================
Received Import Request.
  Time since last request: 0.445441 seconds.
  path: Assets/Import/UI/Puzzle stage & settings GUI Pack/Image_red/txt/settings.png
  artifactKey: Guid(54e6f59cc4ba6d344a5f94d0a948245a) Importer(815301076,1909f56bfc062723c751e8b465ee728b)
Start importing Assets/Import/UI/Puzzle stage & settings GUI Pack/Image_red/txt/settings.png using Guid(54e6f59cc4ba6d344a5f94d0a948245a) Importer(815301076,1909f56bfc062723c751e8b465ee728b)  -> (artifact id: 'd386428e4abe3acbfad0750ed03fa9c0') in 0.041301 seconds 
========================================================================
Received Import Request.
  Time since last request: 0.416158 seconds.
  path: Assets/Import/UI/Puzzle stage & settings GUI Pack/Image_pink/b/setting.png
  artifactKey: Guid(900db2fe929bf9d49b7e2773477a2877) Importer(815301076,1909f56bfc062723c751e8b465ee728b)
Start importing Assets/Import/UI/Puzzle stage & settings GUI Pack/Image_pink/b/setting.png using Guid(900db2fe929bf9d49b7e2773477a2877) Importer(815301076,1909f56bfc062723c751e8b465ee728b)  -> (artifact id: '452264d4421d3b95ecc6976a597a74cb') in 0.104605 seconds 
========================================================================
Received Import Request.
  Time since last request: 0.504339 seconds.
  path: Assets/Import/UI/Puzzle stage & settings GUI Pack/Image_red/b/setting.png
  artifactKey: Guid(39a053ff0928ecb4caed6119fdef2ddc) Importer(815301076,1909f56bfc062723c751e8b465ee728b)
Start importing Assets/Import/UI/Puzzle stage & settings GUI Pack/Image_red/b/setting.png using Guid(39a053ff0928ecb4caed6119fdef2ddc) Importer(815301076,1909f56bfc062723c751e8b465ee728b)  -> (artifact id: '4509d28952375044f33f40df46c1cf82') in 0.114652 seconds 
========================================================================
Received Import Request.
  Time since last request: 0.000023 seconds.
  path: Assets/Import/UI/Puzzle stage & settings GUI Pack/Image_orange/Square button/setting.png
  artifactKey: Guid(92ad8af980df7014495ff53c6a2285f6) Importer(815301076,1909f56bfc062723c751e8b465ee728b)
Start importing Assets/Import/UI/Puzzle stage & settings GUI Pack/Image_orange/Square button/setting.png using Guid(92ad8af980df7014495ff53c6a2285f6) Importer(815301076,1909f56bfc062723c751e8b465ee728b)  -> (artifact id: '86b9f91c97178ef34d014644191c8f19') in 0.082508 seconds 
========================================================================
Received Import Request.
  Time since last request: 0.126228 seconds.
  path: Assets/Import/UI/Puzzle stage & settings GUI Pack/Image_pink/s_b/set.png
  artifactKey: Guid(99d0c7d9b3d45c24ab43144fe076edb3) Importer(815301076,1909f56bfc062723c751e8b465ee728b)
Start importing Assets/Import/UI/Puzzle stage & settings GUI Pack/Image_pink/s_b/set.png using Guid(99d0c7d9b3d45c24ab43144fe076edb3) Importer(815301076,1909f56bfc062723c751e8b465ee728b)  -> (artifact id: 'fcb87dc2e37a32d05eeb78492b18f88b') in 0.080773 seconds 
========================================================================
Received Import Request.
  Time since last request: 73.346618 seconds.
  path: Assets/Import/UI/Puzzle stage & settings GUI Pack/Image_green/text/1.png
  artifactKey: Guid(4974684f902e6074382cd861fb0dc2fa) Importer(815301076,1909f56bfc062723c751e8b465ee728b)
Start importing Assets/Import/UI/Puzzle stage & settings GUI Pack/Image_green/text/1.png using Guid(4974684f902e6074382cd861fb0dc2fa) Importer(815301076,1909f56bfc062723c751e8b465ee728b)  -> (artifact id: '10b03c1f3613f2bc08e877b7e6f0331b') in 0.030346 seconds 
========================================================================
Received Import Request.
  Time since last request: 0.000025 seconds.
  path: Assets/Import/UI/Puzzle stage & settings GUI Pack/Image_green/text/6.png
  artifactKey: Guid(b26a96177a06f654982e04dbc8ffbf2a) Importer(815301076,1909f56bfc062723c751e8b465ee728b)
Start importing Assets/Import/UI/Puzzle stage & settings GUI Pack/Image_green/text/6.png using Guid(b26a96177a06f654982e04dbc8ffbf2a) Importer(815301076,1909f56bfc062723c751e8b465ee728b)  -> (artifact id: '72b2bd59e151dad26138be79d67b6ca4') in 0.021760 seconds 
========================================================================
Received Import Request.
  Time since last request: 0.000028 seconds.
  path: Assets/Import/UI/Puzzle stage & settings GUI Pack/Image_green/text/3.png
  artifactKey: Guid(ef04fe1bb5347be4eae4feafea83158c) Importer(815301076,1909f56bfc062723c751e8b465ee728b)
Start importing Assets/Import/UI/Puzzle stage & settings GUI Pack/Image_green/text/3.png using Guid(ef04fe1bb5347be4eae4feafea83158c) Importer(815301076,1909f56bfc062723c751e8b465ee728b)  -> (artifact id: 'f772020764421a233b9dfd64d2b65229') in 0.033863 seconds 
========================================================================
Received Import Request.
  Time since last request: 0.000031 seconds.
  path: Assets/Import/UI/Puzzle stage & settings GUI Pack/Image_green/text/5.png
  artifactKey: Guid(990e90445ee6f6b4dbdf469726bac7f3) Importer(815301076,1909f56bfc062723c751e8b465ee728b)
Start importing Assets/Import/UI/Puzzle stage & settings GUI Pack/Image_green/text/5.png using Guid(990e90445ee6f6b4dbdf469726bac7f3) Importer(815301076,1909f56bfc062723c751e8b465ee728b)  -> (artifact id: '467131d2c412e51ac08170ad3dbfeffb') in 0.031696 seconds 
========================================================================
Received Import Request.
  Time since last request: 0.000028 seconds.
  path: Assets/Import/UI/Puzzle stage & settings GUI Pack/Image_green/text/2.png
  artifactKey: Guid(53e151e56013b7146b7096aa0845eb83) Importer(815301076,1909f56bfc062723c751e8b465ee728b)
Start importing Assets/Import/UI/Puzzle stage & settings GUI Pack/Image_green/text/2.png using Guid(53e151e56013b7146b7096aa0845eb83) Importer(815301076,1909f56bfc062723c751e8b465ee728b)  -> (artifact id: 'c3555c26686ad64ae9745be78f480159') in 0.035082 seconds 
========================================================================
Received Import Request.
  Time since last request: 15.778605 seconds.
  path: Assets/Import/UI/Puzzle stage & settings GUI Pack/Image_orange/Square button/home.png
  artifactKey: Guid(1b474da7a8cfef64eb2b2b4dac4744a4) Importer(815301076,1909f56bfc062723c751e8b465ee728b)
Start importing Assets/Import/UI/Puzzle stage & settings GUI Pack/Image_orange/Square button/home.png using Guid(1b474da7a8cfef64eb2b2b4dac4744a4) Importer(815301076,1909f56bfc062723c751e8b465ee728b)  -> (artifact id: 'f40f2305966c3b44da65810a7b14166d') in 0.101808 seconds 
========================================================================
Received Import Request.
  Time since last request: 15.547335 seconds.
  path: Assets/Import/UI/Puzzle stage & settings GUI Pack/Image_pink/s_b/home.png
  artifactKey: Guid(2df5ddc68c4472d43b75fc1f59763079) Importer(815301076,1909f56bfc062723c751e8b465ee728b)
Start importing Assets/Import/UI/Puzzle stage & settings GUI Pack/Image_pink/s_b/home.png using Guid(2df5ddc68c4472d43b75fc1f59763079) Importer(815301076,1909f56bfc062723c751e8b465ee728b)  -> (artifact id: 'fad923b2101f0bfacc7270e9bdba4b49') in 0.132681 seconds 
========================================================================
Received Import Request.
  Time since last request: 0.000026 seconds.
  path: Assets/Import/UI/Puzzle stage & settings GUI Pack/Image_pink/s_b/pause.png
  artifactKey: Guid(1bca57dcd6a3548458f564002b30b431) Importer(815301076,1909f56bfc062723c751e8b465ee728b)
Start importing Assets/Import/UI/Puzzle stage & settings GUI Pack/Image_pink/s_b/pause.png using Guid(1bca57dcd6a3548458f564002b30b431) Importer(815301076,1909f56bfc062723c751e8b465ee728b)  -> (artifact id: 'a7a53015f8b46bc7a02711dd18aa96de') in 0.130778 seconds 
========================================================================
Received Import Request.
  Time since last request: 0.000031 seconds.
  path: Assets/Import/UI/Puzzle stage & settings GUI Pack/Image_pink/s_b/post.png
  artifactKey: Guid(11ac206554611fa4097ae80bdd8f6e50) Importer(815301076,1909f56bfc062723c751e8b465ee728b)
Start importing Assets/Import/UI/Puzzle stage & settings GUI Pack/Image_pink/s_b/post.png using Guid(11ac206554611fa4097ae80bdd8f6e50) Importer(815301076,1909f56bfc062723c751e8b465ee728b)  -> (artifact id: 'b9642ef3dd8c6b0ba5cdaf61103b227e') in 0.142579 seconds 
========================================================================
Received Import Request.
  Time since last request: 8.423506 seconds.
  path: Assets/Import/UI/Puzzle stage & settings GUI Pack/Image_purple/Square button/home.png
  artifactKey: Guid(b93109852453e6946aaf18222838a896) Importer(815301076,1909f56bfc062723c751e8b465ee728b)
Start importing Assets/Import/UI/Puzzle stage & settings GUI Pack/Image_purple/Square button/home.png using Guid(b93109852453e6946aaf18222838a896) Importer(815301076,1909f56bfc062723c751e8b465ee728b)  -> (artifact id: 'ad48f0bef3338ccee1c93b015571ea42') in 0.126996 seconds 
========================================================================
Received Import Request.
  Time since last request: 0.000029 seconds.
  path: Assets/Import/UI/Puzzle stage & settings GUI Pack/Image_purple/Square button/menu.png
  artifactKey: Guid(956c2a4a9ec0c5e459569d5d8a09ad98) Importer(815301076,1909f56bfc062723c751e8b465ee728b)
Start importing Assets/Import/UI/Puzzle stage & settings GUI Pack/Image_purple/Square button/menu.png using Guid(956c2a4a9ec0c5e459569d5d8a09ad98) Importer(815301076,1909f56bfc062723c751e8b465ee728b)  -> (artifact id: 'd86f500cb2e0d889a3be65e4d34b7ade') in 0.151564 seconds 
========================================================================
Received Import Request.
  Time since last request: 0.000039 seconds.
  path: Assets/Import/UI/Puzzle stage & settings GUI Pack/Image_purple/Square button/plus.png
  artifactKey: Guid(b8da07e0b0cdc644499ece8728842eb3) Importer(815301076,1909f56bfc062723c751e8b465ee728b)
Start importing Assets/Import/UI/Puzzle stage & settings GUI Pack/Image_purple/Square button/plus.png using Guid(b8da07e0b0cdc644499ece8728842eb3) Importer(815301076,1909f56bfc062723c751e8b465ee728b)  -> (artifact id: '7de9903dbb8ede05cd2148db6ebaaef5') in 0.121927 seconds 
========================================================================
Received Import Request.
  Time since last request: 10.634019 seconds.
  path: Assets/Import/UI/Puzzle stage & settings GUI Pack/Image_red/s_b/home.png
  artifactKey: Guid(7d9b81e69a520da4780afba3307f4d49) Importer(815301076,1909f56bfc062723c751e8b465ee728b)
Start importing Assets/Import/UI/Puzzle stage & settings GUI Pack/Image_red/s_b/home.png using Guid(7d9b81e69a520da4780afba3307f4d49) Importer(815301076,1909f56bfc062723c751e8b465ee728b)  -> (artifact id: '4af3a3ebcf0a5cad04b896273f35ee75') in 0.123849 seconds 
========================================================================
Received Import Request.
  Time since last request: 0.000027 seconds.
  path: Assets/Import/UI/Puzzle stage & settings GUI Pack/Image_red/s_b/post.png
  artifactKey: Guid(df1f4fac31f1f9a4eb696860062612e7) Importer(815301076,1909f56bfc062723c751e8b465ee728b)
Start importing Assets/Import/UI/Puzzle stage & settings GUI Pack/Image_red/s_b/post.png using Guid(df1f4fac31f1f9a4eb696860062612e7) Importer(815301076,1909f56bfc062723c751e8b465ee728b)  -> (artifact id: '675bc8820eb21574a9cbdd1082a7d55c') in 0.112925 seconds 
========================================================================
Received Import Request.
  Time since last request: 0.000029 seconds.
  path: Assets/Import/UI/Puzzle stage & settings GUI Pack/Image_red/s_b/ranking.png
  artifactKey: Guid(2cc66cca0f0d5f94ba722828b7db3bf1) Importer(815301076,1909f56bfc062723c751e8b465ee728b)
Start importing Assets/Import/UI/Puzzle stage & settings GUI Pack/Image_red/s_b/ranking.png using Guid(2cc66cca0f0d5f94ba722828b7db3bf1) Importer(815301076,1909f56bfc062723c751e8b465ee728b)  -> (artifact id: '38303b37cdf4962a8ebb2f1f0903b564') in 0.090161 seconds 
Editor requested this worker to shutdown with reason: Scaling down because of idle timeout
AssetImportWorker is now disconnected from the server
Process exiting
Exiting without the bug reporter. Application will terminate with return code 0