Using pre-set license
Built from '2021.3/staging' branch; Version is '2021.3.5f1 (40eb3a945986) revision 4254522'; Using compiler version '192829333'; Build Type 'Release'
OS: 'Windows 11  (10.0.22000) 64bit Education' Language: 'ko' Physical Memory: 16310 MB
BatchMode: 1, IsHumanControllingUs: 0, StartBugReporterOnCrash: 0, Is64bit: 1, IsPro: 1

COMMAND LINE ARGUMENTS:
C:\Program Files\Unity\Hub\Editor\2021.3.5f1\Editor\Unity.exe
-adb2
-batchMode
-noUpm
-name
AssetImportWorker5
-projectPath
D:/GitHub/Tile
-logFile
Logs/AssetImportWorker5.log
-srvPort
62624
Successfully changed project path to: D:/GitHub/Tile
D:/GitHub/Tile
[UnityMemory] Configuration Parameters - Can be set up in boot.config
    "memorysetup-bucket-allocator-granularity=16"
    "memorysetup-bucket-allocator-bucket-count=8"
    "memorysetup-bucket-allocator-block-size=33554432"
    "memorysetup-bucket-allocator-block-count=8"
    "memorysetup-main-allocator-block-size=16777216"
    "memorysetup-thread-allocator-block-size=16777216"
    "memorysetup-gfx-main-allocator-block-size=16777216"
    "memorysetup-gfx-thread-allocator-block-size=16777216"
    "memorysetup-cache-allocator-block-size=4194304"
    "memorysetup-typetree-allocator-block-size=2097152"
    "memorysetup-profiler-bucket-allocator-granularity=16"
    "memorysetup-profiler-bucket-allocator-bucket-count=8"
    "memorysetup-profiler-bucket-allocator-block-size=33554432"
    "memorysetup-profiler-bucket-allocator-block-count=8"
    "memorysetup-profiler-allocator-block-size=16777216"
    "memorysetup-profiler-editor-allocator-block-size=1048576"
    "memorysetup-temp-allocator-size-main=16777216"
    "memorysetup-job-temp-allocator-block-size=2097152"
    "memorysetup-job-temp-allocator-block-size-background=1048576"
    "memorysetup-job-temp-allocator-reduction-small-platforms=262144"
    "memorysetup-temp-allocator-size-background-worker=32768"
    "memorysetup-temp-allocator-size-job-worker=262144"
    "memorysetup-temp-allocator-size-preload-manager=33554432"
    "memorysetup-temp-allocator-size-nav-mesh-worker=65536"
    "memorysetup-temp-allocator-size-audio-worker=65536"
    "memorysetup-temp-allocator-size-cloud-worker=32768"
    "memorysetup-temp-allocator-size-gi-baking-worker=262144"
    "memorysetup-temp-allocator-size-gfx=262144"
Refreshing native plugins compatible for Editor in 110.33 ms, found 5 plugins.
Preloading 0 native plugins for Editor in 0.00 ms.
Initialize engine version: 2021.3.5f1 (40eb3a945986)
[Subsystems] Discovering subsystems at path C:/Program Files/Unity/Hub/Editor/2021.3.5f1/Editor/Data/Resources/UnitySubsystems
[Subsystems] Discovering subsystems at path D:/GitHub/Tile/Assets
GfxDevice: creating device client; threaded=0; jobified=0
Direct3D:
    Version:  Direct3D 11.0 [level 11.1]
    Renderer: NVIDIA GeForce RTX 3060 Ti (ID=0x2486)
    Vendor:   NVIDIA
    VRAM:     8050 MB
    Driver:   31.0.15.1694
Initialize mono
Mono path[0] = 'C:/Program Files/Unity/Hub/Editor/2021.3.5f1/Editor/Data/Managed'
Mono path[1] = 'C:/Program Files/Unity/Hub/Editor/2021.3.5f1/Editor/Data/MonoBleedingEdge/lib/mono/unityjit-win32'
Mono config path = 'C:/Program Files/Unity/Hub/Editor/2021.3.5f1/Editor/Data/MonoBleedingEdge/etc'
Using monoOptions --debugger-agent=transport=dt_socket,embedding=1,server=y,suspend=n,address=127.0.0.1:56724
Begin MonoManager ReloadAssembly
Registering precompiled unity dll's ...
Register platform support module: C:/Program Files/Unity/Hub/Editor/2021.3.5f1/Editor/Data/PlaybackEngines/WindowsStandaloneSupport/UnityEditor.WindowsStandalone.Extensions.dll
Registered in 0.002978 seconds.
Native extension for WindowsStandalone target not found
Refreshing native plugins compatible for Editor in 85.66 ms, found 5 plugins.
Preloading 0 native plugins for Editor in 0.00 ms.
Mono: successfully reloaded assembly
- Completed reload, in  0.623 seconds
Domain Reload Profiling:
	ReloadAssembly (624ms)
		BeginReloadAssembly (97ms)
			ExecutionOrderSort (0ms)
			DisableScriptedObjects (0ms)
			BackupInstance (0ms)
			ReleaseScriptingObjects (0ms)
			CreateAndSetChildDomain (1ms)
		EndReloadAssembly (433ms)
			LoadAssemblies (96ms)
			RebuildTransferFunctionScriptingTraits (0ms)
			SetupTypeCache (86ms)
			ReleaseScriptCaches (0ms)
			RebuildScriptCaches (25ms)
			SetupLoadedEditorAssemblies (276ms)
				LogAssemblyErrors (0ms)
				InitializePlatformSupportModulesInManaged (6ms)
				SetLoadedEditorAssemblies (0ms)
				RefreshPlugins (86ms)
				BeforeProcessingInitializeOnLoad (1ms)
				ProcessInitializeOnLoadAttributes (120ms)
				ProcessInitializeOnLoadMethodAttributes (62ms)
				AfterProcessingInitializeOnLoad (0ms)
				EditorAssembliesLoaded (0ms)
			ExecutionOrderSort2 (0ms)
			AwakeInstancesAfterBackupRestoration (0ms)
Platform modules already initialized, skipping
Registering precompiled user dll's ...
Registered in 0.042999 seconds.
Begin MonoManager ReloadAssembly
Symbol file LoadedFromMemory doesn't match image D:\GitHub\Tile\Library\PackageCache\com.unity.visualscripting@1.7.8\Editor\VisualScripting.Core\Dependencies\YamlDotNet\Unity.VisualScripting.YamlDotNet.dll
Symbol file LoadedFromMemory doesn't match image D:\GitHub\Tile\Library\PackageCache\com.unity.visualscripting@1.7.8\Editor\VisualScripting.Core\Dependencies\DotNetZip\Unity.VisualScripting.IonicZip.dll
Native extension for WindowsStandalone target not found
Refreshing native plugins compatible for Editor in 0.83 ms, found 5 plugins.
Preloading 0 native plugins for Editor in 0.00 ms.
Mono: successfully reloaded assembly
- Completed reload, in  2.151 seconds
Domain Reload Profiling:
	ReloadAssembly (2152ms)
		BeginReloadAssembly (110ms)
			ExecutionOrderSort (0ms)
			DisableScriptedObjects (6ms)
			BackupInstance (0ms)
			ReleaseScriptingObjects (0ms)
			CreateAndSetChildDomain (24ms)
		EndReloadAssembly (1929ms)
			LoadAssemblies (555ms)
			RebuildTransferFunctionScriptingTraits (0ms)
			SetupTypeCache (250ms)
			ReleaseScriptCaches (1ms)
			RebuildScriptCaches (63ms)
			SetupLoadedEditorAssemblies (1002ms)
				LogAssemblyErrors (0ms)
				InitializePlatformSupportModulesInManaged (5ms)
				SetLoadedEditorAssemblies (0ms)
				RefreshPlugins (1ms)
				BeforeProcessingInitializeOnLoad (93ms)
				ProcessInitializeOnLoadAttributes (868ms)
				ProcessInitializeOnLoadMethodAttributes (32ms)
				AfterProcessingInitializeOnLoad (3ms)
				EditorAssembliesLoaded (0ms)
			ExecutionOrderSort2 (0ms)
			AwakeInstancesAfterBackupRestoration (21ms)
Platform modules already initialized, skipping
========================================================================
Worker process is ready to serve import requests
Launched and connected shader compiler UnityShaderCompiler.exe after 0.09 seconds
Refreshing native plugins compatible for Editor in 0.96 ms, found 5 plugins.
Preloading 0 native plugins for Editor in 0.00 ms.
Unloading 3697 Unused Serialized files (Serialized files now loaded: 0)
Unloading 42 unused Assets / (1.3 MB). Loaded Objects now: 4140.
Memory consumption went from 137.8 MB to 136.5 MB.
Total: 3.050100 ms (FindLiveObjects: 0.274900 ms CreateObjectMapping: 0.104200 ms MarkObjects: 2.386600 ms  DeleteObjects: 0.283500 ms)

AssetImportParameters requested are different than current active one (requested -> active):
  custom:video-decoder-ogg-theora: a1e56fd34408186e4bbccfd4996cb3dc -> 
  custom:container-muxer-webm: aa71ff27fc2769a1b78a27578f13a17b -> 
  custom:container-demuxer-webm: 4f35f7cbe854078d1ac9338744f61a02 -> 
  custom:video-encoder-webm-vp8: eb34c28f22e8b96e1ab97ce403110664 -> 
  custom:video-codec-MediaFoundation-h265: 746d11721c4dcdbdad8f713fa42b33f4 -> 
  custom:audio-encoder-webm-vorbis: bf7c407c2cedff20999df2af8eb42d56 -> 
  custom:framework-win-MediaFoundation: 216162199b28c13a410421893ffa2e32 -> 
  custom:container-demuxer-ogg: 62fdf1f143b41e24485cea50d1cbac27 -> 
  custom:video-decoder-webm-vp8: 9c59270c3fd7afecdb556c50c9e8de78 -> 
  custom:audio-decoder-ogg-vorbis: bf7c407c2cedff20999df2af8eb42d56 -> 
========================================================================
Received Import Request.
  Time since last request: 12602.203299 seconds.
  path: Assets/Import/UI/Puzzle stage & settings GUI Pack/Image_purple/bar box.png
  artifactKey: Guid(66e0e81de0936c643bd45eb669d2778a) Importer(815301076,1909f56bfc062723c751e8b465ee728b)
Start importing Assets/Import/UI/Puzzle stage & settings GUI Pack/Image_purple/bar box.png using Guid(66e0e81de0936c643bd45eb669d2778a) Importer(815301076,1909f56bfc062723c751e8b465ee728b)  -> (artifact id: 'e453616bc883e0c8d7e87d8cf4ec7717') in 0.195219 seconds 
========================================================================
Received Import Request.
  Time since last request: 0.000023 seconds.
  path: Assets/Import/UI/Puzzle stage & settings GUI Pack/Image_purple/sound.png
  artifactKey: Guid(7a392473fb9b22b4c9422cc51bd5aebe) Importer(815301076,1909f56bfc062723c751e8b465ee728b)
Start importing Assets/Import/UI/Puzzle stage & settings GUI Pack/Image_purple/sound.png using Guid(7a392473fb9b22b4c9422cc51bd5aebe) Importer(815301076,1909f56bfc062723c751e8b465ee728b)  -> (artifact id: '875a4279e896f0b7aea9b217bc5eb2ab') in 0.040305 seconds 
========================================================================
Received Import Request.
  Time since last request: 0.000028 seconds.
  path: Assets/Import/UI/Puzzle stage & settings GUI Pack/Image_purple/bar.png
  artifactKey: Guid(4f8ebc950bdaf204497fcc3817737877) Importer(815301076,1909f56bfc062723c751e8b465ee728b)
Start importing Assets/Import/UI/Puzzle stage & settings GUI Pack/Image_purple/bar.png using Guid(4f8ebc950bdaf204497fcc3817737877) Importer(815301076,1909f56bfc062723c751e8b465ee728b)  -> (artifact id: '498db9581dba7bac731ca9d8be56ce8e') in 0.055491 seconds 
========================================================================
Received Import Request.
  Time since last request: 0.000016 seconds.
  path: Assets/Import/UI/Puzzle stage & settings GUI Pack/Image_purple/candy bar.png
  artifactKey: Guid(a09e1d58476695d48af4d3c67ca1e8cb) Importer(815301076,1909f56bfc062723c751e8b465ee728b)
Start importing Assets/Import/UI/Puzzle stage & settings GUI Pack/Image_purple/candy bar.png using Guid(a09e1d58476695d48af4d3c67ca1e8cb) Importer(815301076,1909f56bfc062723c751e8b465ee728b)  -> (artifact id: '6771ef2b7630dabf02aede1455179d0f') in 0.021379 seconds 
========================================================================
Received Import Request.
  Time since last request: 0.000021 seconds.
  path: Assets/Import/UI/Puzzle stage & settings GUI Pack/Image_purple/goods coin.png
  artifactKey: Guid(13cfa01c4a5d0814094b6e53bb7d6885) Importer(815301076,1909f56bfc062723c751e8b465ee728b)
Start importing Assets/Import/UI/Puzzle stage & settings GUI Pack/Image_purple/goods coin.png using Guid(13cfa01c4a5d0814094b6e53bb7d6885) Importer(815301076,1909f56bfc062723c751e8b465ee728b)  -> (artifact id: 'aa830f8a2da3b13239f94bd8099a428d') in 0.128960 seconds 
========================================================================
Received Import Request.
  Time since last request: 0.000021 seconds.
  path: Assets/Import/UI/Puzzle stage & settings GUI Pack/Image_purple/speed.png
  artifactKey: Guid(a94c982ad837a184a9a6948d7b429b9f) Importer(815301076,1909f56bfc062723c751e8b465ee728b)
Start importing Assets/Import/UI/Puzzle stage & settings GUI Pack/Image_purple/speed.png using Guid(a94c982ad837a184a9a6948d7b429b9f) Importer(815301076,1909f56bfc062723c751e8b465ee728b)  -> (artifact id: '390b09b75d66e1e72091b9aa2c500096') in 0.044826 seconds 
========================================================================
Received Import Request.
  Time since last request: 0.000027 seconds.
  path: Assets/Import/UI/Puzzle stage & settings GUI Pack/Image_purple/music.png
  artifactKey: Guid(3266d7771bd9dac4383217d0cfaa001e) Importer(815301076,1909f56bfc062723c751e8b465ee728b)
Start importing Assets/Import/UI/Puzzle stage & settings GUI Pack/Image_purple/music.png using Guid(3266d7771bd9dac4383217d0cfaa001e) Importer(815301076,1909f56bfc062723c751e8b465ee728b)  -> (artifact id: '9b25dc523cd23bbcdccf90f4f1ce7889') in 0.029682 seconds 
========================================================================
Received Import Request.
  Time since last request: 0.000026 seconds.
  path: Assets/Import/UI/Puzzle stage & settings GUI Pack/Image_purple/stage.png
  artifactKey: Guid(03c22caa61a91134e8b955127a097089) Importer(815301076,1909f56bfc062723c751e8b465ee728b)
Start importing Assets/Import/UI/Puzzle stage & settings GUI Pack/Image_purple/stage.png using Guid(03c22caa61a91134e8b955127a097089) Importer(815301076,1909f56bfc062723c751e8b465ee728b)  -> (artifact id: 'a91b0caaf02dabfd2c0633f80cbd9c3f') in 0.036080 seconds 
========================================================================
Received Import Request.
  Time since last request: 0.000162 seconds.
  path: Assets/Import/UI/Puzzle stage & settings GUI Pack/Image_purple/on.png
  artifactKey: Guid(1bb499147ade09a4290d1f976f22e034) Importer(815301076,1909f56bfc062723c751e8b465ee728b)
Start importing Assets/Import/UI/Puzzle stage & settings GUI Pack/Image_purple/on.png using Guid(1bb499147ade09a4290d1f976f22e034) Importer(815301076,1909f56bfc062723c751e8b465ee728b)  -> (artifact id: 'b9e7e0d34a8ce2b07805b007fe3e73b6') in 0.272954 seconds 
========================================================================
Received Import Request.
  Time since last request: 0.000026 seconds.
  path: Assets/Import/UI/Puzzle stage & settings GUI Pack/Image_purple/jelly.png
  artifactKey: Guid(738e2ba3a3c385d4e80dfaa00d6b38fb) Importer(815301076,1909f56bfc062723c751e8b465ee728b)
Start importing Assets/Import/UI/Puzzle stage & settings GUI Pack/Image_purple/jelly.png using Guid(738e2ba3a3c385d4e80dfaa00d6b38fb) Importer(815301076,1909f56bfc062723c751e8b465ee728b)  -> (artifact id: '304e8d5cc93fdc9f27529e74b9b81afa') in 0.032296 seconds 
========================================================================
Received Import Request.
  Time since last request: 0.734859 seconds.
  path: Assets/Import/UI/Puzzle stage & settings GUI Pack/Image_pink/bar box.png
  artifactKey: Guid(a90f9e93acf5352418425db60a3787f3) Importer(815301076,1909f56bfc062723c751e8b465ee728b)
Start importing Assets/Import/UI/Puzzle stage & settings GUI Pack/Image_pink/bar box.png using Guid(a90f9e93acf5352418425db60a3787f3) Importer(815301076,1909f56bfc062723c751e8b465ee728b)  -> (artifact id: '755a5f1ffbbde01d859d352a75554a30') in 0.074193 seconds 
========================================================================
Received Import Request.
  Time since last request: 0.000026 seconds.
  path: Assets/Import/UI/Puzzle stage & settings GUI Pack/Image_pink/coin.png
  artifactKey: Guid(0c05fe7b21ad57e4389433edf7931bb3) Importer(815301076,1909f56bfc062723c751e8b465ee728b)
Start importing Assets/Import/UI/Puzzle stage & settings GUI Pack/Image_pink/coin.png using Guid(0c05fe7b21ad57e4389433edf7931bb3) Importer(815301076,1909f56bfc062723c751e8b465ee728b)  -> (artifact id: '4c365a38390e5731f809597ac2861a12') in 0.052591 seconds 
========================================================================
Received Import Request.
  Time since last request: 0.000027 seconds.
  path: Assets/Import/UI/Puzzle stage & settings GUI Pack/Image_pink/box.png
  artifactKey: Guid(7799747eecc87e340bd160fa9f3aaa1b) Importer(815301076,1909f56bfc062723c751e8b465ee728b)
Start importing Assets/Import/UI/Puzzle stage & settings GUI Pack/Image_pink/box.png using Guid(7799747eecc87e340bd160fa9f3aaa1b) Importer(815301076,1909f56bfc062723c751e8b465ee728b)  -> (artifact id: 'dec7754e63d54531f984dd6f818405ba') in 0.408601 seconds 
========================================================================
Received Import Request.
  Time since last request: 0.000027 seconds.
  path: Assets/Import/UI/Puzzle stage & settings GUI Pack/Image_pink/off.png
  artifactKey: Guid(1a432c2cfced2f44ba69f616f19d044d) Importer(815301076,1909f56bfc062723c751e8b465ee728b)
Start importing Assets/Import/UI/Puzzle stage & settings GUI Pack/Image_pink/off.png using Guid(1a432c2cfced2f44ba69f616f19d044d) Importer(815301076,1909f56bfc062723c751e8b465ee728b)  -> (artifact id: '5e79d792a6f3095fd2a24f55858ddd66') in 0.117526 seconds 
========================================================================
Received Import Request.
  Time since last request: 0.000018 seconds.
  path: Assets/Import/UI/Puzzle stage & settings GUI Pack/Image_pink/goods.png
  artifactKey: Guid(a281f41e6703e88409c7ee4a0e67d741) Importer(815301076,1909f56bfc062723c751e8b465ee728b)
Start importing Assets/Import/UI/Puzzle stage & settings GUI Pack/Image_pink/goods.png using Guid(a281f41e6703e88409c7ee4a0e67d741) Importer(815301076,1909f56bfc062723c751e8b465ee728b)  -> (artifact id: 'cc75901aaa15d1ed9c65c22b9620fe8e') in 0.089655 seconds 
========================================================================
Received Import Request.
  Time since last request: 0.000021 seconds.
  path: Assets/Import/UI/Puzzle stage & settings GUI Pack/Image_pink/stage.png
  artifactKey: Guid(e64be39d74fdaa14c95dc086f2ef1f74) Importer(815301076,1909f56bfc062723c751e8b465ee728b)
Start importing Assets/Import/UI/Puzzle stage & settings GUI Pack/Image_pink/stage.png using Guid(e64be39d74fdaa14c95dc086f2ef1f74) Importer(815301076,1909f56bfc062723c751e8b465ee728b)  -> (artifact id: '5a15155d8452ccffccb6fc6bb0e5081d') in 0.051876 seconds 
========================================================================
Received Import Request.
  Time since last request: 0.000024 seconds.
  path: Assets/Import/UI/Puzzle stage & settings GUI Pack/Image_red/off.png
  artifactKey: Guid(2182669c72161dd40b1d4b57702d6ed4) Importer(815301076,1909f56bfc062723c751e8b465ee728b)
Start importing Assets/Import/UI/Puzzle stage & settings GUI Pack/Image_red/off.png using Guid(2182669c72161dd40b1d4b57702d6ed4) Importer(815301076,1909f56bfc062723c751e8b465ee728b)  -> (artifact id: '8e493380b8791b6a07f91fdce5bf6590') in 0.095683 seconds 
========================================================================
Received Import Request.
  Time since last request: 0.000023 seconds.
  path: Assets/Import/UI/Puzzle stage & settings GUI Pack/Image_red/+.png
  artifactKey: Guid(082ac95b597b5f049906d7f139728c63) Importer(815301076,1909f56bfc062723c751e8b465ee728b)
Start importing Assets/Import/UI/Puzzle stage & settings GUI Pack/Image_red/+.png using Guid(082ac95b597b5f049906d7f139728c63) Importer(815301076,1909f56bfc062723c751e8b465ee728b)  -> (artifact id: '856aa6fb7025291a4017b33bdde3031e') in 0.109734 seconds 
========================================================================
Received Import Request.
  Time since last request: 0.000135 seconds.
  path: Assets/Import/UI/Puzzle stage & settings GUI Pack/Image_red/jelly.png
  artifactKey: Guid(a09b81883fd657243ae113396d6d132a) Importer(815301076,1909f56bfc062723c751e8b465ee728b)
Start importing Assets/Import/UI/Puzzle stage & settings GUI Pack/Image_red/jelly.png using Guid(a09b81883fd657243ae113396d6d132a) Importer(815301076,1909f56bfc062723c751e8b465ee728b)  -> (artifact id: '6e25c40e1e57010bfdda4b7dcebaac8b') in 0.036925 seconds 
========================================================================
Received Import Request.
  Time since last request: 0.000031 seconds.
  path: Assets/Import/UI/Puzzle stage & settings GUI Pack/Image_red/on.png
  artifactKey: Guid(43a335b43af1622479c511a7f0a314dc) Importer(815301076,1909f56bfc062723c751e8b465ee728b)
Start importing Assets/Import/UI/Puzzle stage & settings GUI Pack/Image_red/on.png using Guid(43a335b43af1622479c511a7f0a314dc) Importer(815301076,1909f56bfc062723c751e8b465ee728b)  -> (artifact id: '55b64f66c7ed53c2507f45e5d5f5a809') in 0.200396 seconds 
========================================================================
Received Import Request.
  Time since last request: 0.000028 seconds.
  path: Assets/Import/UI/Puzzle stage & settings GUI Pack/Image_red/stage.png
  artifactKey: Guid(b5a1421c794b0b44dabc0ac142225fa2) Importer(815301076,1909f56bfc062723c751e8b465ee728b)
Start importing Assets/Import/UI/Puzzle stage & settings GUI Pack/Image_red/stage.png using Guid(b5a1421c794b0b44dabc0ac142225fa2) Importer(815301076,1909f56bfc062723c751e8b465ee728b)  -> (artifact id: '2b82ca5f64a9feade223256341e5e9e6') in 0.033575 seconds 
========================================================================
Received Import Request.
  Time since last request: 0.000056 seconds.
  path: Assets/Import/UI/Puzzle stage & settings GUI Pack/Image_red/coin.png
  artifactKey: Guid(734f024cfed311941aa9fe6af58e3db9) Importer(815301076,1909f56bfc062723c751e8b465ee728b)
Start importing Assets/Import/UI/Puzzle stage & settings GUI Pack/Image_red/coin.png using Guid(734f024cfed311941aa9fe6af58e3db9) Importer(815301076,1909f56bfc062723c751e8b465ee728b)  -> (artifact id: '9cb3f6917b3b7d7c6b6bb6099b2a49da') in 0.040430 seconds 
========================================================================
Received Import Request.
  Time since last request: 0.000022 seconds.
  path: Assets/Import/UI/Puzzle stage & settings GUI Pack/Image_pink/star.png
  artifactKey: Guid(c6c53084146c703479d667f9e1d3950e) Importer(815301076,1909f56bfc062723c751e8b465ee728b)
Start importing Assets/Import/UI/Puzzle stage & settings GUI Pack/Image_pink/star.png using Guid(c6c53084146c703479d667f9e1d3950e) Importer(815301076,1909f56bfc062723c751e8b465ee728b)  -> (artifact id: '8d10aba475cf48fa9a9e3cb2a2234d75') in 0.097010 seconds 
========================================================================
Received Import Request.
  Time since last request: 0.000210 seconds.
  path: Assets/Import/UI/Puzzle stage & settings GUI Pack/Image_pink/goods coin.png
  artifactKey: Guid(1709086c99edddf41825206c4b7ca9c4) Importer(815301076,1909f56bfc062723c751e8b465ee728b)
Start importing Assets/Import/UI/Puzzle stage & settings GUI Pack/Image_pink/goods coin.png using Guid(1709086c99edddf41825206c4b7ca9c4) Importer(815301076,1909f56bfc062723c751e8b465ee728b)  -> (artifact id: '89819376b07ba1b2492b167b83e117d7') in 0.176029 seconds 
========================================================================
Received Import Request.
  Time since last request: 0.000026 seconds.
  path: Assets/Import/UI/Puzzle stage & settings GUI Pack/Image_red/candy bar.png
  artifactKey: Guid(1aeb4b16053a15040a02dbec0558d2d3) Importer(815301076,1909f56bfc062723c751e8b465ee728b)
Start importing Assets/Import/UI/Puzzle stage & settings GUI Pack/Image_red/candy bar.png using Guid(1aeb4b16053a15040a02dbec0558d2d3) Importer(815301076,1909f56bfc062723c751e8b465ee728b)  -> (artifact id: 'b40abeb1fd3631c95924a4d77a5cc295') in 0.083017 seconds 
Editor requested this worker to shutdown with reason: Scaling down because of idle timeout
AssetImportWorker is now disconnected from the server
Process exiting
Exiting without the bug reporter. Application will terminate with return code 0