Using pre-set license
Built from '2021.3/staging' branch; Version is '2021.3.5f1 (40eb3a945986) revision 4254522'; Using compiler version '192829333'; Build Type 'Release'
OS: 'Windows 11  (10.0.22000) 64bit Education' Language: 'ko' Physical Memory: 16310 MB
BatchMode: 1, IsHumanControllingUs: 0, StartBugReporterOnCrash: 0, Is64bit: 1, IsPro: 1

COMMAND LINE ARGUMENTS:
C:\Program Files\Unity\Hub\Editor\2021.3.5f1\Editor\Unity.exe
-adb2
-batchMode
-noUpm
-name
AssetImportWorker10
-projectPath
D:/GitHub/Tile
-logFile
Logs/AssetImportWorker10.log
-srvPort
62624
Successfully changed project path to: D:/GitHub/Tile
D:/GitHub/Tile
[UnityMemory] Configuration Parameters - Can be set up in boot.config
    "memorysetup-bucket-allocator-granularity=16"
    "memorysetup-bucket-allocator-bucket-count=8"
    "memorysetup-bucket-allocator-block-size=33554432"
    "memorysetup-bucket-allocator-block-count=8"
    "memorysetup-main-allocator-block-size=16777216"
    "memorysetup-thread-allocator-block-size=16777216"
    "memorysetup-gfx-main-allocator-block-size=16777216"
    "memorysetup-gfx-thread-allocator-block-size=16777216"
    "memorysetup-cache-allocator-block-size=4194304"
    "memorysetup-typetree-allocator-block-size=2097152"
    "memorysetup-profiler-bucket-allocator-granularity=16"
    "memorysetup-profiler-bucket-allocator-bucket-count=8"
    "memorysetup-profiler-bucket-allocator-block-size=33554432"
    "memorysetup-profiler-bucket-allocator-block-count=8"
    "memorysetup-profiler-allocator-block-size=16777216"
    "memorysetup-profiler-editor-allocator-block-size=1048576"
    "memorysetup-temp-allocator-size-main=16777216"
    "memorysetup-job-temp-allocator-block-size=2097152"
    "memorysetup-job-temp-allocator-block-size-background=1048576"
    "memorysetup-job-temp-allocator-reduction-small-platforms=262144"
    "memorysetup-temp-allocator-size-background-worker=32768"
    "memorysetup-temp-allocator-size-job-worker=262144"
    "memorysetup-temp-allocator-size-preload-manager=33554432"
    "memorysetup-temp-allocator-size-nav-mesh-worker=65536"
    "memorysetup-temp-allocator-size-audio-worker=65536"
    "memorysetup-temp-allocator-size-cloud-worker=32768"
    "memorysetup-temp-allocator-size-gi-baking-worker=262144"
    "memorysetup-temp-allocator-size-gfx=262144"
Refreshing native plugins compatible for Editor in 98.61 ms, found 5 plugins.
Preloading 0 native plugins for Editor in 0.00 ms.
Initialize engine version: 2021.3.5f1 (40eb3a945986)
[Subsystems] Discovering subsystems at path C:/Program Files/Unity/Hub/Editor/2021.3.5f1/Editor/Data/Resources/UnitySubsystems
[Subsystems] Discovering subsystems at path D:/GitHub/Tile/Assets
GfxDevice: creating device client; threaded=0; jobified=0
Direct3D:
    Version:  Direct3D 11.0 [level 11.1]
    Renderer: NVIDIA GeForce RTX 3060 Ti (ID=0x2486)
    Vendor:   NVIDIA
    VRAM:     8050 MB
    Driver:   31.0.15.1694
Initialize mono
Mono path[0] = 'C:/Program Files/Unity/Hub/Editor/2021.3.5f1/Editor/Data/Managed'
Mono path[1] = 'C:/Program Files/Unity/Hub/Editor/2021.3.5f1/Editor/Data/MonoBleedingEdge/lib/mono/unityjit-win32'
Mono config path = 'C:/Program Files/Unity/Hub/Editor/2021.3.5f1/Editor/Data/MonoBleedingEdge/etc'
Using monoOptions --debugger-agent=transport=dt_socket,embedding=1,server=y,suspend=n,address=127.0.0.1:56048
Begin MonoManager ReloadAssembly
Registering precompiled unity dll's ...
Register platform support module: C:/Program Files/Unity/Hub/Editor/2021.3.5f1/Editor/Data/PlaybackEngines/WindowsStandaloneSupport/UnityEditor.WindowsStandalone.Extensions.dll
Registered in 0.002461 seconds.
Native extension for WindowsStandalone target not found
Refreshing native plugins compatible for Editor in 91.25 ms, found 5 plugins.
Preloading 0 native plugins for Editor in 0.00 ms.
Mono: successfully reloaded assembly
- Completed reload, in  0.607 seconds
Domain Reload Profiling:
	ReloadAssembly (608ms)
		BeginReloadAssembly (66ms)
			ExecutionOrderSort (0ms)
			DisableScriptedObjects (0ms)
			BackupInstance (0ms)
			ReleaseScriptingObjects (0ms)
			CreateAndSetChildDomain (1ms)
		EndReloadAssembly (451ms)
			LoadAssemblies (65ms)
			RebuildTransferFunctionScriptingTraits (0ms)
			SetupTypeCache (87ms)
			ReleaseScriptCaches (0ms)
			RebuildScriptCaches (28ms)
			SetupLoadedEditorAssemblies (292ms)
				LogAssemblyErrors (0ms)
				InitializePlatformSupportModulesInManaged (7ms)
				SetLoadedEditorAssemblies (0ms)
				RefreshPlugins (91ms)
				BeforeProcessingInitializeOnLoad (1ms)
				ProcessInitializeOnLoadAttributes (119ms)
				ProcessInitializeOnLoadMethodAttributes (73ms)
				AfterProcessingInitializeOnLoad (0ms)
				EditorAssembliesLoaded (0ms)
			ExecutionOrderSort2 (0ms)
			AwakeInstancesAfterBackupRestoration (0ms)
Platform modules already initialized, skipping
Registering precompiled user dll's ...
Registered in 0.004247 seconds.
Begin MonoManager ReloadAssembly
Symbol file LoadedFromMemory doesn't match image D:\GitHub\Tile\Library\PackageCache\com.unity.visualscripting@1.7.8\Editor\VisualScripting.Core\Dependencies\YamlDotNet\Unity.VisualScripting.YamlDotNet.dll
Symbol file LoadedFromMemory doesn't match image D:\GitHub\Tile\Library\PackageCache\com.unity.visualscripting@1.7.8\Editor\VisualScripting.Core\Dependencies\DotNetZip\Unity.VisualScripting.IonicZip.dll
Native extension for WindowsStandalone target not found
Refreshing native plugins compatible for Editor in 0.70 ms, found 5 plugins.
Preloading 0 native plugins for Editor in 0.00 ms.
Mono: successfully reloaded assembly
- Completed reload, in  0.987 seconds
Domain Reload Profiling:
	ReloadAssembly (988ms)
		BeginReloadAssembly (101ms)
			ExecutionOrderSort (0ms)
			DisableScriptedObjects (5ms)
			BackupInstance (0ms)
			ReleaseScriptingObjects (0ms)
			CreateAndSetChildDomain (19ms)
		EndReloadAssembly (788ms)
			LoadAssemblies (73ms)
			RebuildTransferFunctionScriptingTraits (0ms)
			SetupTypeCache (242ms)
			ReleaseScriptCaches (1ms)
			RebuildScriptCaches (53ms)
			SetupLoadedEditorAssemblies (370ms)
				LogAssemblyErrors (0ms)
				InitializePlatformSupportModulesInManaged (4ms)
				SetLoadedEditorAssemblies (0ms)
				RefreshPlugins (1ms)
				BeforeProcessingInitializeOnLoad (86ms)
				ProcessInitializeOnLoadAttributes (246ms)
				ProcessInitializeOnLoadMethodAttributes (29ms)
				AfterProcessingInitializeOnLoad (4ms)
				EditorAssembliesLoaded (0ms)
			ExecutionOrderSort2 (0ms)
			AwakeInstancesAfterBackupRestoration (20ms)
Platform modules already initialized, skipping
========================================================================
Worker process is ready to serve import requests
Launched and connected shader compiler UnityShaderCompiler.exe after 0.08 seconds
Refreshing native plugins compatible for Editor in 0.80 ms, found 5 plugins.
Preloading 0 native plugins for Editor in 0.00 ms.
Unloading 3699 Unused Serialized files (Serialized files now loaded: 0)
Unloading 42 unused Assets / (1.3 MB). Loaded Objects now: 4142.
Memory consumption went from 137.9 MB to 136.6 MB.
Total: 3.051400 ms (FindLiveObjects: 0.247300 ms CreateObjectMapping: 0.103400 ms MarkObjects: 2.408100 ms  DeleteObjects: 0.291500 ms)

AssetImportParameters requested are different than current active one (requested -> active):
  custom:video-decoder-ogg-theora: a1e56fd34408186e4bbccfd4996cb3dc -> 
  custom:container-muxer-webm: aa71ff27fc2769a1b78a27578f13a17b -> 
  custom:container-demuxer-webm: 4f35f7cbe854078d1ac9338744f61a02 -> 
  custom:video-encoder-webm-vp8: eb34c28f22e8b96e1ab97ce403110664 -> 
  custom:video-codec-MediaFoundation-h265: 746d11721c4dcdbdad8f713fa42b33f4 -> 
  custom:audio-encoder-webm-vorbis: bf7c407c2cedff20999df2af8eb42d56 -> 
  custom:framework-win-MediaFoundation: 216162199b28c13a410421893ffa2e32 -> 
  custom:container-demuxer-ogg: 62fdf1f143b41e24485cea50d1cbac27 -> 
  custom:video-decoder-webm-vp8: 9c59270c3fd7afecdb556c50c9e8de78 -> 
  custom:audio-decoder-ogg-vorbis: bf7c407c2cedff20999df2af8eb42d56 -> 
========================================================================
Received Prepare
Registering precompiled user dll's ...
Registered in 0.006002 seconds.
Begin MonoManager ReloadAssembly
Symbol file LoadedFromMemory doesn't match image D:\GitHub\Tile\Library\PackageCache\com.unity.visualscripting@1.7.8\Editor\VisualScripting.Core\Dependencies\YamlDotNet\Unity.VisualScripting.YamlDotNet.dll
Symbol file LoadedFromMemory doesn't match image D:\GitHub\Tile\Library\PackageCache\com.unity.visualscripting@1.7.8\Editor\VisualScripting.Core\Dependencies\DotNetZip\Unity.VisualScripting.IonicZip.dll
Native extension for WindowsStandalone target not found
Refreshing native plugins compatible for Editor in 0.73 ms, found 5 plugins.
Preloading 0 native plugins for Editor in 0.00 ms.
Mono: successfully reloaded assembly
- Completed reload, in  0.995 seconds
Domain Reload Profiling:
	ReloadAssembly (996ms)
		BeginReloadAssembly (131ms)
			ExecutionOrderSort (0ms)
			DisableScriptedObjects (5ms)
			BackupInstance (0ms)
			ReleaseScriptingObjects (0ms)
			CreateAndSetChildDomain (38ms)
		EndReloadAssembly (785ms)
			LoadAssemblies (81ms)
			RebuildTransferFunctionScriptingTraits (0ms)
			SetupTypeCache (242ms)
			ReleaseScriptCaches (1ms)
			RebuildScriptCaches (49ms)
			SetupLoadedEditorAssemblies (347ms)
				LogAssemblyErrors (0ms)
				InitializePlatformSupportModulesInManaged (11ms)
				SetLoadedEditorAssemblies (1ms)
				RefreshPlugins (1ms)
				BeforeProcessingInitializeOnLoad (72ms)
				ProcessInitializeOnLoadAttributes (231ms)
				ProcessInitializeOnLoadMethodAttributes (28ms)
				AfterProcessingInitializeOnLoad (4ms)
				EditorAssembliesLoaded (0ms)
			ExecutionOrderSort2 (0ms)
			AwakeInstancesAfterBackupRestoration (24ms)
Platform modules already initialized, skipping
Refreshing native plugins compatible for Editor in 4.18 ms, found 5 plugins.
Preloading 0 native plugins for Editor in 0.00 ms.
Unloading 3647 Unused Serialized files (Serialized files now loaded: 0)
Unloading 35 unused Assets / (1.3 MB). Loaded Objects now: 4145.
Memory consumption went from 133.2 MB to 131.9 MB.
Total: 3.918500 ms (FindLiveObjects: 0.644800 ms CreateObjectMapping: 0.144100 ms MarkObjects: 2.804100 ms  DeleteObjects: 0.324700 ms)

AssetImportParameters requested are different than current active one (requested -> active):
  custom:video-decoder-ogg-theora: a1e56fd34408186e4bbccfd4996cb3dc -> 
  custom:container-muxer-webm: aa71ff27fc2769a1b78a27578f13a17b -> 
  custom:container-demuxer-webm: 4f35f7cbe854078d1ac9338744f61a02 -> 
  custom:video-encoder-webm-vp8: eb34c28f22e8b96e1ab97ce403110664 -> 
  custom:video-codec-MediaFoundation-h265: 746d11721c4dcdbdad8f713fa42b33f4 -> 
  custom:audio-encoder-webm-vorbis: bf7c407c2cedff20999df2af8eb42d56 -> 
  custom:framework-win-MediaFoundation: 216162199b28c13a410421893ffa2e32 -> 
  custom:container-demuxer-ogg: 62fdf1f143b41e24485cea50d1cbac27 -> 
  custom:video-decoder-webm-vp8: 9c59270c3fd7afecdb556c50c9e8de78 -> 
  custom:audio-decoder-ogg-vorbis: bf7c407c2cedff20999df2af8eb42d56 -> 
========================================================================
Received Import Request.
  Time since last request: 14028.923212 seconds.
  path: Assets/Import/UI/Puzzle stage & settings GUI Pack/Image_purple/Button
  artifactKey: Guid(86b77972796c70347a420244bcc8b0a3) Importer(815301076,1909f56bfc062723c751e8b465ee728b)
Start importing Assets/Import/UI/Puzzle stage & settings GUI Pack/Image_purple/Button using Guid(86b77972796c70347a420244bcc8b0a3) Importer(815301076,1909f56bfc062723c751e8b465ee728b)  -> (artifact id: '0ed238c968dea885ec8504c26137dba1') in 0.007397 seconds 
========================================================================
Received Import Request.
  Time since last request: 0.218803 seconds.
  path: Assets/Import/UI/Puzzle stage & settings GUI Pack/Image_purple/Button/exit.png
  artifactKey: Guid(d6808a54f5fffe943a9ac18b2e26560f) Importer(815301076,1909f56bfc062723c751e8b465ee728b)
Start importing Assets/Import/UI/Puzzle stage & settings GUI Pack/Image_purple/Button/exit.png using Guid(d6808a54f5fffe943a9ac18b2e26560f) Importer(815301076,1909f56bfc062723c751e8b465ee728b)  -> (artifact id: 'a5e65bab5f15297dced10181d8028179') in 0.354708 seconds 
========================================================================
Received Import Request.
  Time since last request: 0.000023 seconds.
  path: Assets/Import/UI/Puzzle stage & settings GUI Pack/Image_purple/Button/setting.png
  artifactKey: Guid(5c6c1f33d597a1c42804c31db11dd51b) Importer(815301076,1909f56bfc062723c751e8b465ee728b)
Start importing Assets/Import/UI/Puzzle stage & settings GUI Pack/Image_purple/Button/setting.png using Guid(5c6c1f33d597a1c42804c31db11dd51b) Importer(815301076,1909f56bfc062723c751e8b465ee728b)  -> (artifact id: '55c1e11b727c9c9fe52f05741acaf185') in 0.202447 seconds 
========================================================================
Received Import Request.
  Time since last request: 0.000081 seconds.
  path: Assets/Import/UI/Puzzle stage & settings GUI Pack/Image_purple/Button/resume.png
  artifactKey: Guid(fde1dad8376688849b55b90fb0206504) Importer(815301076,1909f56bfc062723c751e8b465ee728b)
Start importing Assets/Import/UI/Puzzle stage & settings GUI Pack/Image_purple/Button/resume.png using Guid(fde1dad8376688849b55b90fb0206504) Importer(815301076,1909f56bfc062723c751e8b465ee728b)  -> (artifact id: 'db0d95cfb24f441e2e73b8684f92f63a') in 0.172030 seconds 
========================================================================
Received Import Request.
  Time since last request: 1.116207 seconds.
  path: Assets/Import/UI/Puzzle stage & settings GUI Pack/Image_purple/Square button/check.png
  artifactKey: Guid(0c6f2effecaeb604399874f990ee6df8) Importer(815301076,1909f56bfc062723c751e8b465ee728b)
Start importing Assets/Import/UI/Puzzle stage & settings GUI Pack/Image_purple/Square button/check.png using Guid(0c6f2effecaeb604399874f990ee6df8) Importer(815301076,1909f56bfc062723c751e8b465ee728b)  -> (artifact id: '080c46a1caf1b513d0b51ed467ab7cdf') in 0.204730 seconds 
========================================================================
Received Import Request.
  Time since last request: 0.000020 seconds.
  path: Assets/Import/UI/Puzzle stage & settings GUI Pack/Image_purple/Square button/share.png
  artifactKey: Guid(5a86ca520dae9bc418ad15265c0a6741) Importer(815301076,1909f56bfc062723c751e8b465ee728b)
Start importing Assets/Import/UI/Puzzle stage & settings GUI Pack/Image_purple/Square button/share.png using Guid(5a86ca520dae9bc418ad15265c0a6741) Importer(815301076,1909f56bfc062723c751e8b465ee728b)  -> (artifact id: '5705b349a1dca5b9d004fb4d3a237c3c') in 0.194025 seconds 
========================================================================
Received Import Request.
  Time since last request: 0.000033 seconds.
  path: Assets/Import/UI/Puzzle stage & settings GUI Pack/Image_purple/Square button/music1.png
  artifactKey: Guid(63ad52ad258437842a480c3b99fd28a9) Importer(815301076,1909f56bfc062723c751e8b465ee728b)
Start importing Assets/Import/UI/Puzzle stage & settings GUI Pack/Image_purple/Square button/music1.png using Guid(63ad52ad258437842a480c3b99fd28a9) Importer(815301076,1909f56bfc062723c751e8b465ee728b)  -> (artifact id: '2bad79d0bae4271dcab40a0c9891d693') in 0.152388 seconds 
========================================================================
Received Import Request.
  Time since last request: 0.000019 seconds.
  path: Assets/Import/UI/Puzzle stage & settings GUI Pack/Image_purple/Square button/pause.png
  artifactKey: Guid(9cbe6f801dec97e439e9d43bb114f927) Importer(815301076,1909f56bfc062723c751e8b465ee728b)
Start importing Assets/Import/UI/Puzzle stage & settings GUI Pack/Image_purple/Square button/pause.png using Guid(9cbe6f801dec97e439e9d43bb114f927) Importer(815301076,1909f56bfc062723c751e8b465ee728b)  -> (artifact id: 'e1e1c9b9cf3996222f8e388792401df8') in 0.153166 seconds 
========================================================================
Received Import Request.
  Time since last request: 0.000019 seconds.
  path: Assets/Import/UI/Puzzle stage & settings GUI Pack/Image_purple/Square button/ranking.png
  artifactKey: Guid(f26fc9d3fc3773d4eb891ef080e60521) Importer(815301076,1909f56bfc062723c751e8b465ee728b)
Start importing Assets/Import/UI/Puzzle stage & settings GUI Pack/Image_purple/Square button/ranking.png using Guid(f26fc9d3fc3773d4eb891ef080e60521) Importer(815301076,1909f56bfc062723c751e8b465ee728b)  -> (artifact id: '1c0b684d228b7186e61a6ac3a5e750ec') in 0.122234 seconds 
========================================================================
Received Import Request.
  Time since last request: 0.000031 seconds.
  path: Assets/Import/UI/Puzzle stage & settings GUI Pack/Image_purple/Square button/shop.png
  artifactKey: Guid(c9006952a20a9cd4f93164c8a9e10b9c) Importer(815301076,1909f56bfc062723c751e8b465ee728b)
Start importing Assets/Import/UI/Puzzle stage & settings GUI Pack/Image_purple/Square button/shop.png using Guid(c9006952a20a9cd4f93164c8a9e10b9c) Importer(815301076,1909f56bfc062723c751e8b465ee728b)  -> (artifact id: '137c82fe3dd46152ec94971f80769d94') in 0.127947 seconds 
========================================================================
Received Import Request.
  Time since last request: 0.000025 seconds.
  path: Assets/Import/UI/Puzzle stage & settings GUI Pack/Image_purple/Square button/information.png
  artifactKey: Guid(766494c0fc710be4d8ab9a633bed94af) Importer(815301076,1909f56bfc062723c751e8b465ee728b)
Start importing Assets/Import/UI/Puzzle stage & settings GUI Pack/Image_purple/Square button/information.png using Guid(766494c0fc710be4d8ab9a633bed94af) Importer(815301076,1909f56bfc062723c751e8b465ee728b)  -> (artifact id: 'f7a23a4a94741176a95ef646a8272883') in 0.083387 seconds 
========================================================================
Received Import Request.
  Time since last request: 0.000020 seconds.
  path: Assets/Import/UI/Puzzle stage & settings GUI Pack/Image_purple/Square button/sound1.png
  artifactKey: Guid(efb2f69b3eb9b66448e156fb6849d283) Importer(815301076,1909f56bfc062723c751e8b465ee728b)
Start importing Assets/Import/UI/Puzzle stage & settings GUI Pack/Image_purple/Square button/sound1.png using Guid(efb2f69b3eb9b66448e156fb6849d283) Importer(815301076,1909f56bfc062723c751e8b465ee728b)  -> (artifact id: '4cf62a147353da887ff46e41160793f1') in 0.156601 seconds 
========================================================================
Received Import Request.
  Time since last request: 1.480017 seconds.
  path: Assets/Import/UI/Puzzle stage & settings GUI Pack/Image_purple/Text/3.png
  artifactKey: Guid(81836386a03969949bdc8c6dfea46b5a) Importer(815301076,1909f56bfc062723c751e8b465ee728b)
Start importing Assets/Import/UI/Puzzle stage & settings GUI Pack/Image_purple/Text/3.png using Guid(81836386a03969949bdc8c6dfea46b5a) Importer(815301076,1909f56bfc062723c751e8b465ee728b)  -> (artifact id: '92702603bf13f30203299854fd72edf5') in 0.090409 seconds 
========================================================================
Received Import Request.
  Time since last request: 0.000018 seconds.
  path: Assets/Import/UI/Puzzle stage & settings GUI Pack/Image_purple/Text/7.png
  artifactKey: Guid(c6170392d8bdc4e45afc5dcab0eb7a7c) Importer(815301076,1909f56bfc062723c751e8b465ee728b)
Start importing Assets/Import/UI/Puzzle stage & settings GUI Pack/Image_purple/Text/7.png using Guid(c6170392d8bdc4e45afc5dcab0eb7a7c) Importer(815301076,1909f56bfc062723c751e8b465ee728b)  -> (artifact id: '6dc3af3e818f61f1e83801cf147d8ad7') in 0.021756 seconds 
========================================================================
Received Import Request.
  Time since last request: 0.000027 seconds.
  path: Assets/Import/UI/Puzzle stage & settings GUI Pack/Image_purple/Text/8.png
  artifactKey: Guid(0252d7bd2904f594ea167148c4f94737) Importer(815301076,1909f56bfc062723c751e8b465ee728b)
Start importing Assets/Import/UI/Puzzle stage & settings GUI Pack/Image_purple/Text/8.png using Guid(0252d7bd2904f594ea167148c4f94737) Importer(815301076,1909f56bfc062723c751e8b465ee728b)  -> (artifact id: '955f73fd8054c319621607b1166586a4') in 0.039975 seconds 
========================================================================
Received Import Request.
  Time since last request: 0.000018 seconds.
  path: Assets/Import/UI/Puzzle stage & settings GUI Pack/Image_purple/Text/settings.png
  artifactKey: Guid(9de36d2bf1522ce4499777fe3cb35607) Importer(815301076,1909f56bfc062723c751e8b465ee728b)
Start importing Assets/Import/UI/Puzzle stage & settings GUI Pack/Image_purple/Text/settings.png using Guid(9de36d2bf1522ce4499777fe3cb35607) Importer(815301076,1909f56bfc062723c751e8b465ee728b)  -> (artifact id: 'c4e4340a12b703d0e4d6b7a072c794b7') in 0.102529 seconds 
========================================================================
Received Import Request.
  Time since last request: 148.994354 seconds.
  path: Assets/Import/UI/Puzzle stage & settings GUI Pack/Image_red/txt/2.png
  artifactKey: Guid(78572beaf248a9441ade98715b607fe9) Importer(815301076,1909f56bfc062723c751e8b465ee728b)
Start importing Assets/Import/UI/Puzzle stage & settings GUI Pack/Image_red/txt/2.png using Guid(78572beaf248a9441ade98715b607fe9) Importer(815301076,1909f56bfc062723c751e8b465ee728b)  -> (artifact id: 'f592b25e9859199067c31819c4568255') in 0.049441 seconds 
========================================================================
Received Import Request.
  Time since last request: 0.023749 seconds.
  path: Assets/Import/UI/Puzzle stage & settings GUI Pack/Image_red/txt/3.png
  artifactKey: Guid(5cf00fcc3bed5154eab2d206b4901095) Importer(815301076,1909f56bfc062723c751e8b465ee728b)
Start importing Assets/Import/UI/Puzzle stage & settings GUI Pack/Image_red/txt/3.png using Guid(5cf00fcc3bed5154eab2d206b4901095) Importer(815301076,1909f56bfc062723c751e8b465ee728b)  -> (artifact id: '381d434bc32e2b6fbd603bfa06eb4e88') in 0.031283 seconds 
========================================================================
Received Import Request.
  Time since last request: 0.047892 seconds.
  path: Assets/Import/UI/Puzzle stage & settings GUI Pack/Image_red/txt/6.png
  artifactKey: Guid(23e3d98c600d5024eabfbf2ad8d05ac2) Importer(815301076,1909f56bfc062723c751e8b465ee728b)
Start importing Assets/Import/UI/Puzzle stage & settings GUI Pack/Image_red/txt/6.png using Guid(23e3d98c600d5024eabfbf2ad8d05ac2) Importer(815301076,1909f56bfc062723c751e8b465ee728b)  -> (artifact id: '705dc6212fe45c1c93b58fe3eabf61ad') in 0.024036 seconds 
========================================================================
Received Import Request.
  Time since last request: 0.000018 seconds.
  path: Assets/Import/UI/Puzzle stage & settings GUI Pack/Image_red/txt/settings.png
  artifactKey: Guid(54e6f59cc4ba6d344a5f94d0a948245a) Importer(815301076,1909f56bfc062723c751e8b465ee728b)
Start importing Assets/Import/UI/Puzzle stage & settings GUI Pack/Image_red/txt/settings.png using Guid(54e6f59cc4ba6d344a5f94d0a948245a) Importer(815301076,1909f56bfc062723c751e8b465ee728b)  -> (artifact id: 'dc1c0c75c3cea5e8d09db971e582e275') in 0.072229 seconds 
========================================================================
Received Import Request.
  Time since last request: 0.000021 seconds.
  path: Assets/Import/UI/Puzzle stage & settings GUI Pack/Image_red/txt/speed.png
  artifactKey: Guid(1f69f4355b462de459c356cd9c32ffeb) Importer(815301076,1909f56bfc062723c751e8b465ee728b)
Start importing Assets/Import/UI/Puzzle stage & settings GUI Pack/Image_red/txt/speed.png using Guid(1f69f4355b462de459c356cd9c32ffeb) Importer(815301076,1909f56bfc062723c751e8b465ee728b)  -> (artifact id: '8633a58d1f7a437efdfe1fcc77223aa4') in 0.049059 seconds 
========================================================================
Received Import Request.
  Time since last request: 0.000017 seconds.
  path: Assets/Import/UI/Puzzle stage & settings GUI Pack/Image_red/txt/stage text.png
  artifactKey: Guid(81ed0650630d1f341a2cfca70d92a4f4) Importer(815301076,1909f56bfc062723c751e8b465ee728b)
Start importing Assets/Import/UI/Puzzle stage & settings GUI Pack/Image_red/txt/stage text.png using Guid(81ed0650630d1f341a2cfca70d92a4f4) Importer(815301076,1909f56bfc062723c751e8b465ee728b)  -> (artifact id: 'de62a14e00b697b6c1e8a2ba1cb65758') in 0.083546 seconds 
========================================================================
Received Import Request.
  Time since last request: 22.023923 seconds.
  path: Assets/Import/UI/Puzzle stage & settings GUI Pack/Image_pink/txt/2.png
  artifactKey: Guid(1b64a1fe54eb3eb45a461548eb461db7) Importer(815301076,1909f56bfc062723c751e8b465ee728b)
Start importing Assets/Import/UI/Puzzle stage & settings GUI Pack/Image_pink/txt/2.png using Guid(1b64a1fe54eb3eb45a461548eb461db7) Importer(815301076,1909f56bfc062723c751e8b465ee728b)  -> (artifact id: 'ac13e010a2382bca7c36b574d70f48c7') in 0.031209 seconds 
========================================================================
Received Import Request.
  Time since last request: 0.000026 seconds.
  path: Assets/Import/UI/Puzzle stage & settings GUI Pack/Image_pink/txt/7.png
  artifactKey: Guid(7b627e12b55df1d4bb022473a53ec1a0) Importer(815301076,1909f56bfc062723c751e8b465ee728b)
Start importing Assets/Import/UI/Puzzle stage & settings GUI Pack/Image_pink/txt/7.png using Guid(7b627e12b55df1d4bb022473a53ec1a0) Importer(815301076,1909f56bfc062723c751e8b465ee728b)  -> (artifact id: 'c1735654ab451e02c28304b28bf94fab') in 0.106230 seconds 
========================================================================
Received Import Request.
  Time since last request: 0.000025 seconds.
  path: Assets/Import/UI/Puzzle stage & settings GUI Pack/Image_pink/txt/music.png
  artifactKey: Guid(2c441df47baee7846b79d72e831f079f) Importer(815301076,1909f56bfc062723c751e8b465ee728b)
Start importing Assets/Import/UI/Puzzle stage & settings GUI Pack/Image_pink/txt/music.png using Guid(2c441df47baee7846b79d72e831f079f) Importer(815301076,1909f56bfc062723c751e8b465ee728b)  -> (artifact id: 'c2b304b2597f77f8a41a2bb6913444eb') in 0.052185 seconds 
========================================================================
Received Import Request.
  Time since last request: 0.000025 seconds.
  path: Assets/Import/UI/Puzzle stage & settings GUI Pack/Image_pink/txt/5.png
  artifactKey: Guid(1dc86e21e16666b49a9669dac662cdd5) Importer(815301076,1909f56bfc062723c751e8b465ee728b)
Start importing Assets/Import/UI/Puzzle stage & settings GUI Pack/Image_pink/txt/5.png using Guid(1dc86e21e16666b49a9669dac662cdd5) Importer(815301076,1909f56bfc062723c751e8b465ee728b)  -> (artifact id: '3bfa2b917dfaee57c0a0fcde9220ad35') in 0.038769 seconds 
========================================================================
Received Import Request.
  Time since last request: 29.560083 seconds.
  path: Assets/Import/UI/Puzzle stage & settings GUI Pack/Image_red/s_b/friend.png
  artifactKey: Guid(7a75ff04fdc809e4d8247c1f0939a39b) Importer(815301076,1909f56bfc062723c751e8b465ee728b)
Start importing Assets/Import/UI/Puzzle stage & settings GUI Pack/Image_red/s_b/friend.png using Guid(7a75ff04fdc809e4d8247c1f0939a39b) Importer(815301076,1909f56bfc062723c751e8b465ee728b)  -> (artifact id: '94f557c4b20549c409c44948eee0031a') in 0.312846 seconds 
========================================================================
Received Import Request.
  Time since last request: 0.000019 seconds.
  path: Assets/Import/UI/Puzzle stage & settings GUI Pack/Image_red/s_b/plus.png
  artifactKey: Guid(d71db75a7745b5b4ea2afbaa13f9b086) Importer(815301076,1909f56bfc062723c751e8b465ee728b)
Start importing Assets/Import/UI/Puzzle stage & settings GUI Pack/Image_red/s_b/plus.png using Guid(d71db75a7745b5b4ea2afbaa13f9b086) Importer(815301076,1909f56bfc062723c751e8b465ee728b)  -> (artifact id: '0d05b458da562269ddd5a427dbad812e') in 0.172647 seconds 
========================================================================
Received Import Request.
  Time since last request: 0.008749 seconds.
  path: Assets/Import/UI/Puzzle stage & settings GUI Pack/Image_red/s_b/share.png
  artifactKey: Guid(43fefd0b45c21ee40b7c384969974022) Importer(815301076,1909f56bfc062723c751e8b465ee728b)
Start importing Assets/Import/UI/Puzzle stage & settings GUI Pack/Image_red/s_b/share.png using Guid(43fefd0b45c21ee40b7c384969974022) Importer(815301076,1909f56bfc062723c751e8b465ee728b)  -> (artifact id: '3b38130a2281bc4171ce74b0c0b1163e') in 0.167608 seconds 
========================================================================
Received Import Request.
  Time since last request: 0.000023 seconds.
  path: Assets/Import/UI/Puzzle stage & settings GUI Pack/Image_red/s_b/sound1.png
  artifactKey: Guid(68337bb27682c53408045037563ce4b3) Importer(815301076,1909f56bfc062723c751e8b465ee728b)
Start importing Assets/Import/UI/Puzzle stage & settings GUI Pack/Image_red/s_b/sound1.png using Guid(68337bb27682c53408045037563ce4b3) Importer(815301076,1909f56bfc062723c751e8b465ee728b)  -> (artifact id: '0c77b8df1979ebabcadaea7d2e97c72b') in 0.120164 seconds 
========================================================================
Received Import Request.
  Time since last request: 16.648585 seconds.
  path: Assets/Import/UI/Puzzle stage & settings GUI Pack/Image_blue/text/2.png
  artifactKey: Guid(b541cf181ab7c7048b935f5d186531dc) Importer(815301076,1909f56bfc062723c751e8b465ee728b)
Start importing Assets/Import/UI/Puzzle stage & settings GUI Pack/Image_blue/text/2.png using Guid(b541cf181ab7c7048b935f5d186531dc) Importer(815301076,1909f56bfc062723c751e8b465ee728b)  -> (artifact id: '4be8473b1ebaaa6b4d2620536f7551d5') in 0.025601 seconds 
========================================================================
Received Import Request.
  Time since last request: 0.000019 seconds.
  path: Assets/Import/UI/Puzzle stage & settings GUI Pack/Image_blue/text/music.png
  artifactKey: Guid(40eb2ae1af28725408e29962e7815e4e) Importer(815301076,1909f56bfc062723c751e8b465ee728b)
Start importing Assets/Import/UI/Puzzle stage & settings GUI Pack/Image_blue/text/music.png using Guid(40eb2ae1af28725408e29962e7815e4e) Importer(815301076,1909f56bfc062723c751e8b465ee728b)  -> (artifact id: '76427418e2f599b9eac12c056bcba31a') in 0.057280 seconds 
========================================================================
Received Import Request.
  Time since last request: 0.000018 seconds.
  path: Assets/Import/UI/Puzzle stage & settings GUI Pack/Image_blue/text/7.png
  artifactKey: Guid(c06628bb5a3857f47a0cc57c0900bf9b) Importer(815301076,1909f56bfc062723c751e8b465ee728b)
Start importing Assets/Import/UI/Puzzle stage & settings GUI Pack/Image_blue/text/7.png using Guid(c06628bb5a3857f47a0cc57c0900bf9b) Importer(815301076,1909f56bfc062723c751e8b465ee728b)  -> (artifact id: '8dac51aca683aecaf2bbed8d08c2db30') in 0.136278 seconds 
========================================================================
Received Import Request.
  Time since last request: 0.000020 seconds.
  path: Assets/Import/UI/Puzzle stage & settings GUI Pack/Image_blue/text/6.png
  artifactKey: Guid(7efdbf078e412f242b7e4b9bc86bea49) Importer(815301076,1909f56bfc062723c751e8b465ee728b)
Start importing Assets/Import/UI/Puzzle stage & settings GUI Pack/Image_blue/text/6.png using Guid(7efdbf078e412f242b7e4b9bc86bea49) Importer(815301076,1909f56bfc062723c751e8b465ee728b)  -> (artifact id: '7327f43cdb127da0a7c87f765395f996') in 0.079847 seconds 
========================================================================
Received Import Request.
  Time since last request: 10.482289 seconds.
  path: Assets/Import/UI/Puzzle stage & settings GUI Pack/Image_green/s_button/friend.png
  artifactKey: Guid(cf162ff623e27d54e96fb05b138e234e) Importer(815301076,1909f56bfc062723c751e8b465ee728b)
Start importing Assets/Import/UI/Puzzle stage & settings GUI Pack/Image_green/s_button/friend.png using Guid(cf162ff623e27d54e96fb05b138e234e) Importer(815301076,1909f56bfc062723c751e8b465ee728b)  -> (artifact id: '248361bb8451599d11d1ba19522edfa8') in 0.280264 seconds 
========================================================================
Received Import Request.
  Time since last request: 0.000026 seconds.
  path: Assets/Import/UI/Puzzle stage & settings GUI Pack/Image_green/s_button/ranking.png
  artifactKey: Guid(1ab27d4068177094995e429818ef58df) Importer(815301076,1909f56bfc062723c751e8b465ee728b)
Start importing Assets/Import/UI/Puzzle stage & settings GUI Pack/Image_green/s_button/ranking.png using Guid(1ab27d4068177094995e429818ef58df) Importer(815301076,1909f56bfc062723c751e8b465ee728b)  -> (artifact id: '5ae4aae2aa6382803d67c22fc922011b') in 0.306156 seconds 
========================================================================
Received Import Request.
  Time since last request: 0.000030 seconds.
  path: Assets/Import/UI/Puzzle stage & settings GUI Pack/Image_green/s_button/music1.png
  artifactKey: Guid(1f2fa2c7f0a706a45a21d856572e5e80) Importer(815301076,1909f56bfc062723c751e8b465ee728b)
Start importing Assets/Import/UI/Puzzle stage & settings GUI Pack/Image_green/s_button/music1.png using Guid(1f2fa2c7f0a706a45a21d856572e5e80) Importer(815301076,1909f56bfc062723c751e8b465ee728b)  -> (artifact id: 'a8c64b8196edfd71847ab032ed2d6dda') in 0.379829 seconds 
========================================================================
Received Import Request.
  Time since last request: 0.000022 seconds.
  path: Assets/Import/UI/Puzzle stage & settings GUI Pack/Image_green/s_button/post.png
  artifactKey: Guid(ac8990fabcb224c43b009fb05a9baab3) Importer(815301076,1909f56bfc062723c751e8b465ee728b)
Start importing Assets/Import/UI/Puzzle stage & settings GUI Pack/Image_green/s_button/post.png using Guid(ac8990fabcb224c43b009fb05a9baab3) Importer(815301076,1909f56bfc062723c751e8b465ee728b)  -> (artifact id: 'b673af6ade3319f96e6f1276f87f5e30') in 0.365728 seconds 
========================================================================
Received Import Request.
  Time since last request: 7.583660 seconds.
  path: Assets/Import/UI/Puzzle stage & settings GUI Pack/Image_blue/s_button/friend.png
  artifactKey: Guid(a75980e548b0f8a4db7ef2e64c5ebd50) Importer(815301076,1909f56bfc062723c751e8b465ee728b)
Start importing Assets/Import/UI/Puzzle stage & settings GUI Pack/Image_blue/s_button/friend.png using Guid(a75980e548b0f8a4db7ef2e64c5ebd50) Importer(815301076,1909f56bfc062723c751e8b465ee728b)  -> (artifact id: '2f202a016e1dcb67b2af3e6ddb7de20b') in 0.216536 seconds 
========================================================================
Received Import Request.
  Time since last request: 0.000020 seconds.
  path: Assets/Import/UI/Puzzle stage & settings GUI Pack/Image_blue/s_button/menu.png
  artifactKey: Guid(bb59b455d7b4b394eae3c792f439ac44) Importer(815301076,1909f56bfc062723c751e8b465ee728b)
Start importing Assets/Import/UI/Puzzle stage & settings GUI Pack/Image_blue/s_button/menu.png using Guid(bb59b455d7b4b394eae3c792f439ac44) Importer(815301076,1909f56bfc062723c751e8b465ee728b)  -> (artifact id: '63763fd4b0e34cee2dbb1875a3a5e7c6') in 0.297156 seconds 
========================================================================
Received Import Request.
  Time since last request: 0.000024 seconds.
  path: Assets/Import/UI/Puzzle stage & settings GUI Pack/Image_blue/s_button/play.png
  artifactKey: Guid(6847525e8631f414fad73f2bb8408389) Importer(815301076,1909f56bfc062723c751e8b465ee728b)
Start importing Assets/Import/UI/Puzzle stage & settings GUI Pack/Image_blue/s_button/play.png using Guid(6847525e8631f414fad73f2bb8408389) Importer(815301076,1909f56bfc062723c751e8b465ee728b)  -> (artifact id: '84ef74668e340eae7bc6dbc9648d6bbc') in 0.152415 seconds 
========================================================================
Received Import Request.
  Time since last request: 0.001139 seconds.
  path: Assets/Import/UI/Puzzle stage & settings GUI Pack/Image_blue/s_button/shop.png
  artifactKey: Guid(63f091fd3bbfd7a4f883d710a078b876) Importer(815301076,1909f56bfc062723c751e8b465ee728b)
Start importing Assets/Import/UI/Puzzle stage & settings GUI Pack/Image_blue/s_button/shop.png using Guid(63f091fd3bbfd7a4f883d710a078b876) Importer(815301076,1909f56bfc062723c751e8b465ee728b)  -> (artifact id: 'c52002ac5d23f1436d1edf5c66478b24') in 0.155003 seconds 
========================================================================
Received Import Request.
  Time since last request: 22.635825 seconds.
  path: Assets/Import/UI/Puzzle stage & settings GUI Pack/Image_green/text/2.png
  artifactKey: Guid(53e151e56013b7146b7096aa0845eb83) Importer(815301076,1909f56bfc062723c751e8b465ee728b)
Start importing Assets/Import/UI/Puzzle stage & settings GUI Pack/Image_green/text/2.png using Guid(53e151e56013b7146b7096aa0845eb83) Importer(815301076,1909f56bfc062723c751e8b465ee728b)  -> (artifact id: '8301b6bd03c5f5f2917e49cc06ddc5b4') in 0.123954 seconds 
========================================================================
Received Import Request.
  Time since last request: 0.000026 seconds.
  path: Assets/Import/UI/Puzzle stage & settings GUI Pack/Image_green/text/9.png
  artifactKey: Guid(0744cd0684b9ebf4198b23e8c555df43) Importer(815301076,1909f56bfc062723c751e8b465ee728b)
Start importing Assets/Import/UI/Puzzle stage & settings GUI Pack/Image_green/text/9.png using Guid(0744cd0684b9ebf4198b23e8c555df43) Importer(815301076,1909f56bfc062723c751e8b465ee728b)  -> (artifact id: '65d195700b52d65264cfd4e1024d3dad') in 0.039222 seconds 
========================================================================
Received Import Request.
  Time since last request: 0.000024 seconds.
  path: Assets/Import/UI/Puzzle stage & settings GUI Pack/Image_green/text/speed.png
  artifactKey: Guid(5e95711fdc3365e488481923dd5c383a) Importer(815301076,1909f56bfc062723c751e8b465ee728b)
Start importing Assets/Import/UI/Puzzle stage & settings GUI Pack/Image_green/text/speed.png using Guid(5e95711fdc3365e488481923dd5c383a) Importer(815301076,1909f56bfc062723c751e8b465ee728b)  -> (artifact id: '3e2442b3791c302126d9e48d5fda5641') in 0.100321 seconds 
Editor requested this worker to shutdown with reason: Scaling down because of idle timeout
AssetImportWorkerClient::OnTransportError - code=2 error=End of file
AssetImportWorker is now disconnected from the server
Process exiting
Exiting without the bug reporter. Application will terminate with return code 0