Using pre-set license
Built from '2021.3/staging' branch; Version is '2021.3.5f1 (40eb3a945986) revision 4254522'; Using compiler version '192829333'; Build Type 'Release'
OS: 'Windows 11  (10.0.22000) 64bit Education' Language: 'ko' Physical Memory: 16310 MB
BatchMode: 1, IsHumanControllingUs: 0, StartBugReporterOnCrash: 0, Is64bit: 1, IsPro: 1

COMMAND LINE ARGUMENTS:
C:\Program Files\Unity\Hub\Editor\2021.3.5f1\Editor\Unity.exe
-adb2
-batchMode
-noUpm
-name
AssetImportWorker4
-projectPath
D:/GitHub/Tile
-logFile
Logs/AssetImportWorker4.log
-srvPort
62624
Successfully changed project path to: D:/GitHub/Tile
D:/GitHub/Tile
[UnityMemory] Configuration Parameters - Can be set up in boot.config
    "memorysetup-bucket-allocator-granularity=16"
    "memorysetup-bucket-allocator-bucket-count=8"
    "memorysetup-bucket-allocator-block-size=33554432"
    "memorysetup-bucket-allocator-block-count=8"
    "memorysetup-main-allocator-block-size=16777216"
    "memorysetup-thread-allocator-block-size=16777216"
    "memorysetup-gfx-main-allocator-block-size=16777216"
    "memorysetup-gfx-thread-allocator-block-size=16777216"
    "memorysetup-cache-allocator-block-size=4194304"
    "memorysetup-typetree-allocator-block-size=2097152"
    "memorysetup-profiler-bucket-allocator-granularity=16"
    "memorysetup-profiler-bucket-allocator-bucket-count=8"
    "memorysetup-profiler-bucket-allocator-block-size=33554432"
    "memorysetup-profiler-bucket-allocator-block-count=8"
    "memorysetup-profiler-allocator-block-size=16777216"
    "memorysetup-profiler-editor-allocator-block-size=1048576"
    "memorysetup-temp-allocator-size-main=16777216"
    "memorysetup-job-temp-allocator-block-size=2097152"
    "memorysetup-job-temp-allocator-block-size-background=1048576"
    "memorysetup-job-temp-allocator-reduction-small-platforms=262144"
    "memorysetup-temp-allocator-size-background-worker=32768"
    "memorysetup-temp-allocator-size-job-worker=262144"
    "memorysetup-temp-allocator-size-preload-manager=33554432"
    "memorysetup-temp-allocator-size-nav-mesh-worker=65536"
    "memorysetup-temp-allocator-size-audio-worker=65536"
    "memorysetup-temp-allocator-size-cloud-worker=32768"
    "memorysetup-temp-allocator-size-gi-baking-worker=262144"
    "memorysetup-temp-allocator-size-gfx=262144"
Refreshing native plugins compatible for Editor in 235.82 ms, found 5 plugins.
Preloading 0 native plugins for Editor in 0.00 ms.
Initialize engine version: 2021.3.5f1 (40eb3a945986)
[Subsystems] Discovering subsystems at path C:/Program Files/Unity/Hub/Editor/2021.3.5f1/Editor/Data/Resources/UnitySubsystems
[Subsystems] Discovering subsystems at path D:/GitHub/Tile/Assets
GfxDevice: creating device client; threaded=0; jobified=0
Direct3D:
    Version:  Direct3D 11.0 [level 11.1]
    Renderer: NVIDIA GeForce RTX 3060 Ti (ID=0x2486)
    Vendor:   NVIDIA
    VRAM:     8050 MB
    Driver:   31.0.15.1694
Initialize mono
Mono path[0] = 'C:/Program Files/Unity/Hub/Editor/2021.3.5f1/Editor/Data/Managed'
Mono path[1] = 'C:/Program Files/Unity/Hub/Editor/2021.3.5f1/Editor/Data/MonoBleedingEdge/lib/mono/unityjit-win32'
Mono config path = 'C:/Program Files/Unity/Hub/Editor/2021.3.5f1/Editor/Data/MonoBleedingEdge/etc'
Using monoOptions --debugger-agent=transport=dt_socket,embedding=1,server=y,suspend=n,address=127.0.0.1:56548
Begin MonoManager ReloadAssembly
Registering precompiled unity dll's ...
Register platform support module: C:/Program Files/Unity/Hub/Editor/2021.3.5f1/Editor/Data/PlaybackEngines/WindowsStandaloneSupport/UnityEditor.WindowsStandalone.Extensions.dll
Registered in 0.003517 seconds.
Native extension for WindowsStandalone target not found
Refreshing native plugins compatible for Editor in 85.59 ms, found 5 plugins.
Preloading 0 native plugins for Editor in 0.00 ms.
Mono: successfully reloaded assembly
- Completed reload, in  0.613 seconds
Domain Reload Profiling:
	ReloadAssembly (614ms)
		BeginReloadAssembly (79ms)
			ExecutionOrderSort (0ms)
			DisableScriptedObjects (0ms)
			BackupInstance (0ms)
			ReleaseScriptingObjects (0ms)
			CreateAndSetChildDomain (1ms)
		EndReloadAssembly (441ms)
			LoadAssemblies (78ms)
			RebuildTransferFunctionScriptingTraits (0ms)
			SetupTypeCache (86ms)
			ReleaseScriptCaches (0ms)
			RebuildScriptCaches (24ms)
			SetupLoadedEditorAssemblies (281ms)
				LogAssemblyErrors (0ms)
				InitializePlatformSupportModulesInManaged (7ms)
				SetLoadedEditorAssemblies (0ms)
				RefreshPlugins (86ms)
				BeforeProcessingInitializeOnLoad (1ms)
				ProcessInitializeOnLoadAttributes (120ms)
				ProcessInitializeOnLoadMethodAttributes (67ms)
				AfterProcessingInitializeOnLoad (0ms)
				EditorAssembliesLoaded (0ms)
			ExecutionOrderSort2 (0ms)
			AwakeInstancesAfterBackupRestoration (0ms)
Platform modules already initialized, skipping
Registering precompiled user dll's ...
Registered in 0.038739 seconds.
Begin MonoManager ReloadAssembly
Symbol file LoadedFromMemory doesn't match image D:\GitHub\Tile\Library\PackageCache\com.unity.visualscripting@1.7.8\Editor\VisualScripting.Core\Dependencies\YamlDotNet\Unity.VisualScripting.YamlDotNet.dll
Symbol file LoadedFromMemory doesn't match image D:\GitHub\Tile\Library\PackageCache\com.unity.visualscripting@1.7.8\Editor\VisualScripting.Core\Dependencies\DotNetZip\Unity.VisualScripting.IonicZip.dll
Native extension for WindowsStandalone target not found
Refreshing native plugins compatible for Editor in 0.82 ms, found 5 plugins.
Preloading 0 native plugins for Editor in 0.00 ms.
Mono: successfully reloaded assembly
- Completed reload, in  2.150 seconds
Domain Reload Profiling:
	ReloadAssembly (2151ms)
		BeginReloadAssembly (109ms)
			ExecutionOrderSort (0ms)
			DisableScriptedObjects (5ms)
			BackupInstance (0ms)
			ReleaseScriptingObjects (0ms)
			CreateAndSetChildDomain (23ms)
		EndReloadAssembly (1928ms)
			LoadAssemblies (558ms)
			RebuildTransferFunctionScriptingTraits (0ms)
			SetupTypeCache (250ms)
			ReleaseScriptCaches (1ms)
			RebuildScriptCaches (61ms)
			SetupLoadedEditorAssemblies (1002ms)
				LogAssemblyErrors (0ms)
				InitializePlatformSupportModulesInManaged (5ms)
				SetLoadedEditorAssemblies (0ms)
				RefreshPlugins (1ms)
				BeforeProcessingInitializeOnLoad (94ms)
				ProcessInitializeOnLoadAttributes (868ms)
				ProcessInitializeOnLoadMethodAttributes (31ms)
				AfterProcessingInitializeOnLoad (3ms)
				EditorAssembliesLoaded (0ms)
			ExecutionOrderSort2 (0ms)
			AwakeInstancesAfterBackupRestoration (21ms)
Platform modules already initialized, skipping
========================================================================
Worker process is ready to serve import requests
Launched and connected shader compiler UnityShaderCompiler.exe after 0.08 seconds
Refreshing native plugins compatible for Editor in 0.93 ms, found 5 plugins.
Preloading 0 native plugins for Editor in 0.00 ms.
Unloading 3697 Unused Serialized files (Serialized files now loaded: 0)
Unloading 42 unused Assets / (1.3 MB). Loaded Objects now: 4140.
Memory consumption went from 137.8 MB to 136.5 MB.
Total: 3.145700 ms (FindLiveObjects: 0.267800 ms CreateObjectMapping: 0.116000 ms MarkObjects: 2.462600 ms  DeleteObjects: 0.298500 ms)

AssetImportParameters requested are different than current active one (requested -> active):
  custom:video-decoder-ogg-theora: a1e56fd34408186e4bbccfd4996cb3dc -> 
  custom:container-muxer-webm: aa71ff27fc2769a1b78a27578f13a17b -> 
  custom:container-demuxer-webm: 4f35f7cbe854078d1ac9338744f61a02 -> 
  custom:video-encoder-webm-vp8: eb34c28f22e8b96e1ab97ce403110664 -> 
  custom:video-codec-MediaFoundation-h265: 746d11721c4dcdbdad8f713fa42b33f4 -> 
  custom:audio-encoder-webm-vorbis: bf7c407c2cedff20999df2af8eb42d56 -> 
  custom:framework-win-MediaFoundation: 216162199b28c13a410421893ffa2e32 -> 
  custom:container-demuxer-ogg: 62fdf1f143b41e24485cea50d1cbac27 -> 
  custom:video-decoder-webm-vp8: 9c59270c3fd7afecdb556c50c9e8de78 -> 
  custom:audio-decoder-ogg-vorbis: bf7c407c2cedff20999df2af8eb42d56 -> 
========================================================================
Received Import Request.
  Time since last request: 12110.667944 seconds.
  path: Assets/Import/UI
  artifactKey: Guid(94f7727dd5145704aa87c9409f3f44e3) Importer(815301076,1909f56bfc062723c751e8b465ee728b)
Start importing Assets/Import/UI using Guid(94f7727dd5145704aa87c9409f3f44e3) Importer(815301076,1909f56bfc062723c751e8b465ee728b)  -> (artifact id: '02b23e199a012f8d699a7a616c425c53') in 0.013873 seconds 
========================================================================
Received Import Request.
  Time since last request: 24.304994 seconds.
  path: Assets/Import/CasualGameBGM05
  artifactKey: Guid(598df2b8aa7e0b54e8a3450f5baa32c5) Importer(815301076,1909f56bfc062723c751e8b465ee728b)
Start importing Assets/Import/CasualGameBGM05 using Guid(598df2b8aa7e0b54e8a3450f5baa32c5) Importer(815301076,1909f56bfc062723c751e8b465ee728b)  -> (artifact id: '7bd17145aac0699481d9a59786543ac8') in 0.005277 seconds 
========================================================================
Received Import Request.
  Time since last request: 9.208542 seconds.
  path: Assets/Import
  artifactKey: Guid(93707d76a683235419950c1370a6824e) Importer(815301076,1909f56bfc062723c751e8b465ee728b)
Start importing Assets/Import using Guid(93707d76a683235419950c1370a6824e) Importer(815301076,1909f56bfc062723c751e8b465ee728b)  -> (artifact id: '033c9aa80a5d6d342f39db1d4b3dd7a9') in 0.006614 seconds 
========================================================================
Received Import Request.
  Time since last request: 3.393947 seconds.
  path: Assets/Import/Map
  artifactKey: Guid(b5411938197c4ac4d8a8430dcde05324) Importer(815301076,1909f56bfc062723c751e8b465ee728b)
Start importing Assets/Import/Map using Guid(b5411938197c4ac4d8a8430dcde05324) Importer(815301076,1909f56bfc062723c751e8b465ee728b)  -> (artifact id: '4852d26e95c63aee03ad635f43404be9') in 0.004772 seconds 
========================================================================
Received Import Request.
  Time since last request: 12.508225 seconds.
  path: Assets/Import/InGame
  artifactKey: Guid(8859643c3aaf2bc4abd4990ba5e9fd59) Importer(815301076,1909f56bfc062723c751e8b465ee728b)
Start importing Assets/Import/InGame using Guid(8859643c3aaf2bc4abd4990ba5e9fd59) Importer(815301076,1909f56bfc062723c751e8b465ee728b)  -> (artifact id: 'a7a9d725cad46ec1c89f4707bbafc2f1') in 0.006360 seconds 
========================================================================
Received Import Request.
  Time since last request: 14.489474 seconds.
  path: Assets/Import/UI/Puzzle stage & settings GUI Pack
  artifactKey: Guid(59cd2c59861bef443ae60cd06e389d28) Importer(815301076,1909f56bfc062723c751e8b465ee728b)
Start importing Assets/Import/UI/Puzzle stage & settings GUI Pack using Guid(59cd2c59861bef443ae60cd06e389d28) Importer(815301076,1909f56bfc062723c751e8b465ee728b)  -> (artifact id: '9b5393659bc06e263962a477ba685771') in 0.006554 seconds 
========================================================================
Received Import Request.
  Time since last request: 427.379809 seconds.
  path: Assets/Import/UI/Puzzle stage & settings GUI Pack/Image_purple/+.png
  artifactKey: Guid(cb1269b815d452547a35ac09eb689c77) Importer(815301076,1909f56bfc062723c751e8b465ee728b)
Start importing Assets/Import/UI/Puzzle stage & settings GUI Pack/Image_purple/+.png using Guid(cb1269b815d452547a35ac09eb689c77) Importer(815301076,1909f56bfc062723c751e8b465ee728b)  -> (artifact id: 'd85d7fcf054da734a3f879c536392407') in 0.225718 seconds 
========================================================================
Received Import Request.
  Time since last request: 0.001474 seconds.
  path: Assets/Import/UI/Puzzle stage & settings GUI Pack/Image_purple/goods.png
  artifactKey: Guid(800f01761e2f00f44ba66b2a3e43ff02) Importer(815301076,1909f56bfc062723c751e8b465ee728b)
Start importing Assets/Import/UI/Puzzle stage & settings GUI Pack/Image_purple/goods.png using Guid(800f01761e2f00f44ba66b2a3e43ff02) Importer(815301076,1909f56bfc062723c751e8b465ee728b)  -> (artifact id: '44fbc30bac6d4470fbdf398e8aaa17d4') in 0.110283 seconds 
========================================================================
Received Import Request.
  Time since last request: 0.000021 seconds.
  path: Assets/Import/UI/Puzzle stage & settings GUI Pack/Image_purple/goods jelly.png
  artifactKey: Guid(c85d29e8447ea6f44b3e759626bea0bc) Importer(815301076,1909f56bfc062723c751e8b465ee728b)
Start importing Assets/Import/UI/Puzzle stage & settings GUI Pack/Image_purple/goods jelly.png using Guid(c85d29e8447ea6f44b3e759626bea0bc) Importer(815301076,1909f56bfc062723c751e8b465ee728b)  -> (artifact id: 'a2ddb3af87a098641110d819b14c6d57') in 0.156037 seconds 
========================================================================
Received Import Request.
  Time since last request: 0.000023 seconds.
  path: Assets/Import/UI/Puzzle stage & settings GUI Pack/Image_purple/off.png
  artifactKey: Guid(56b1250cf36035148bfba5b94b37a17e) Importer(815301076,1909f56bfc062723c751e8b465ee728b)
Start importing Assets/Import/UI/Puzzle stage & settings GUI Pack/Image_purple/off.png using Guid(56b1250cf36035148bfba5b94b37a17e) Importer(815301076,1909f56bfc062723c751e8b465ee728b)  -> (artifact id: '06debc954d51ce37c1b5441705754050') in 0.096629 seconds 
========================================================================
Received Import Request.
  Time since last request: 0.000032 seconds.
  path: Assets/Import/UI/Puzzle stage & settings GUI Pack/Image_purple/line.png
  artifactKey: Guid(d18ba0fffc267c343b27ea5e9d256807) Importer(815301076,1909f56bfc062723c751e8b465ee728b)
Start importing Assets/Import/UI/Puzzle stage & settings GUI Pack/Image_purple/line.png using Guid(d18ba0fffc267c343b27ea5e9d256807) Importer(815301076,1909f56bfc062723c751e8b465ee728b)  -> (artifact id: '3e22f4078f325b97f127d0a64480c59b') in 0.031567 seconds 
========================================================================
Received Import Request.
  Time since last request: 0.000021 seconds.
  path: Assets/Import/UI/Puzzle stage & settings GUI Pack/Image_purple/box.png
  artifactKey: Guid(83fce0d829b19e54981bcaec8dfe8fdb) Importer(815301076,1909f56bfc062723c751e8b465ee728b)
Start importing Assets/Import/UI/Puzzle stage & settings GUI Pack/Image_purple/box.png using Guid(83fce0d829b19e54981bcaec8dfe8fdb) Importer(815301076,1909f56bfc062723c751e8b465ee728b)  -> (artifact id: 'e40982e1ae09ea4ce05b57cca64e87dc') in 0.388792 seconds 
========================================================================
Received Import Request.
  Time since last request: 0.640352 seconds.
  path: Assets/Import/UI/Puzzle stage & settings GUI Pack/Image_pink/+.png
  artifactKey: Guid(ed98146e191ebea478de2e678fc43516) Importer(815301076,1909f56bfc062723c751e8b465ee728b)
Start importing Assets/Import/UI/Puzzle stage & settings GUI Pack/Image_pink/+.png using Guid(ed98146e191ebea478de2e678fc43516) Importer(815301076,1909f56bfc062723c751e8b465ee728b)  -> (artifact id: '6ab5126c24f622940e34d78b8d637c35') in 0.115721 seconds 
========================================================================
Received Import Request.
  Time since last request: 0.000021 seconds.
  path: Assets/Import/UI/Puzzle stage & settings GUI Pack/Image_pink/bar.png
  artifactKey: Guid(58267d4e77b520746aabf2cba97a595c) Importer(815301076,1909f56bfc062723c751e8b465ee728b)
Start importing Assets/Import/UI/Puzzle stage & settings GUI Pack/Image_pink/bar.png using Guid(58267d4e77b520746aabf2cba97a595c) Importer(815301076,1909f56bfc062723c751e8b465ee728b)  -> (artifact id: '8458b7e2ec491744b09941349c5d8561') in 0.039044 seconds 
========================================================================
Received Import Request.
  Time since last request: 0.000040 seconds.
  path: Assets/Import/UI/Puzzle stage & settings GUI Pack/Image_pink/on.png
  artifactKey: Guid(48e03af7987219448a4764f26becddbd) Importer(815301076,1909f56bfc062723c751e8b465ee728b)
Start importing Assets/Import/UI/Puzzle stage & settings GUI Pack/Image_pink/on.png using Guid(48e03af7987219448a4764f26becddbd) Importer(815301076,1909f56bfc062723c751e8b465ee728b)  -> (artifact id: 'c32b409e777971e94e10f44f156343a6') in 0.197348 seconds 
========================================================================
Received Import Request.
  Time since last request: 0.010218 seconds.
  path: Assets/Import/UI/Puzzle stage & settings GUI Pack/Image_pink/candy bar.png
  artifactKey: Guid(ccf15d81a2920354aa2f8854783a95d6) Importer(815301076,1909f56bfc062723c751e8b465ee728b)
Start importing Assets/Import/UI/Puzzle stage & settings GUI Pack/Image_pink/candy bar.png using Guid(ccf15d81a2920354aa2f8854783a95d6) Importer(815301076,1909f56bfc062723c751e8b465ee728b)  -> (artifact id: '929e53bcdd846a2f072db61d3b887362') in 0.028500 seconds 
========================================================================
Received Import Request.
  Time since last request: 0.000019 seconds.
  path: Assets/Import/UI/Puzzle stage & settings GUI Pack/Image_pink/jelly.png
  artifactKey: Guid(5d10556eacfce5344b8d87e5d203f4bf) Importer(815301076,1909f56bfc062723c751e8b465ee728b)
Start importing Assets/Import/UI/Puzzle stage & settings GUI Pack/Image_pink/jelly.png using Guid(5d10556eacfce5344b8d87e5d203f4bf) Importer(815301076,1909f56bfc062723c751e8b465ee728b)  -> (artifact id: 'de35835328b2edd13c4bfd1241bbd41e') in 0.093571 seconds 
========================================================================
Received Import Request.
  Time since last request: 0.000018 seconds.
  path: Assets/Import/UI/Puzzle stage & settings GUI Pack/Image_pink/goods jelly.png
  artifactKey: Guid(572ba9107d10daa4595876bd0514c1f6) Importer(815301076,1909f56bfc062723c751e8b465ee728b)
Start importing Assets/Import/UI/Puzzle stage & settings GUI Pack/Image_pink/goods jelly.png using Guid(572ba9107d10daa4595876bd0514c1f6) Importer(815301076,1909f56bfc062723c751e8b465ee728b)  -> (artifact id: 'db96bb8f98ad359cd0ea66aef672df7d') in 0.179284 seconds 
========================================================================
Received Import Request.
  Time since last request: 0.000039 seconds.
  path: Assets/Import/UI/Puzzle stage & settings GUI Pack/Image_red/line.png
  artifactKey: Guid(b7d15dce14a31754e9d444d941f099fe) Importer(815301076,1909f56bfc062723c751e8b465ee728b)
Start importing Assets/Import/UI/Puzzle stage & settings GUI Pack/Image_red/line.png using Guid(b7d15dce14a31754e9d444d941f099fe) Importer(815301076,1909f56bfc062723c751e8b465ee728b)  -> (artifact id: '9cd24af027e67a05af2762b01daa8e32') in 0.049313 seconds 
========================================================================
Received Import Request.
  Time since last request: 0.000024 seconds.
  path: Assets/Import/UI/Puzzle stage & settings GUI Pack/Image_red/goods.png
  artifactKey: Guid(bdf47ca946cc642428b02b383b44e309) Importer(815301076,1909f56bfc062723c751e8b465ee728b)
Start importing Assets/Import/UI/Puzzle stage & settings GUI Pack/Image_red/goods.png using Guid(bdf47ca946cc642428b02b383b44e309) Importer(815301076,1909f56bfc062723c751e8b465ee728b)  -> (artifact id: 'fd3af5428be24bcc7e4ed63fd7e26993') in 0.124806 seconds 
========================================================================
Received Import Request.
  Time since last request: 0.000028 seconds.
  path: Assets/Import/UI/Puzzle stage & settings GUI Pack/Image_red/bar.png
  artifactKey: Guid(b0add21f966f0cd498a4880b53be17d8) Importer(815301076,1909f56bfc062723c751e8b465ee728b)
Start importing Assets/Import/UI/Puzzle stage & settings GUI Pack/Image_red/bar.png using Guid(b0add21f966f0cd498a4880b53be17d8) Importer(815301076,1909f56bfc062723c751e8b465ee728b)  -> (artifact id: '692215e68fc8f04482ce91cc84ec354c') in 0.058821 seconds 
========================================================================
Received Import Request.
  Time since last request: 0.000024 seconds.
  path: Assets/Import/UI/Puzzle stage & settings GUI Pack/Image_red/box.png
  artifactKey: Guid(9c1e15ce258b75b479c38de4b37da8dd) Importer(815301076,1909f56bfc062723c751e8b465ee728b)
Start importing Assets/Import/UI/Puzzle stage & settings GUI Pack/Image_red/box.png using Guid(9c1e15ce258b75b479c38de4b37da8dd) Importer(815301076,1909f56bfc062723c751e8b465ee728b)  -> (artifact id: 'b7a21b6894e9388140b9d8f2c97d942f') in 0.302224 seconds 
========================================================================
Received Import Request.
  Time since last request: 0.000025 seconds.
  path: Assets/Import/UI/Puzzle stage & settings GUI Pack/Image_red/goods coin.png
  artifactKey: Guid(40824727f84f86b49b379f1ed9a1f7ad) Importer(815301076,1909f56bfc062723c751e8b465ee728b)
Start importing Assets/Import/UI/Puzzle stage & settings GUI Pack/Image_red/goods coin.png using Guid(40824727f84f86b49b379f1ed9a1f7ad) Importer(815301076,1909f56bfc062723c751e8b465ee728b)  -> (artifact id: '4d1c73e56df9dbe97cf9f2400f78e4e4') in 0.134739 seconds 
========================================================================
Received Import Request.
  Time since last request: 0.000029 seconds.
  path: Assets/Import/UI/Puzzle stage & settings GUI Pack/Image_red/bar box.png
  artifactKey: Guid(9a8035426c3220a4cbae8c7830c7632b) Importer(815301076,1909f56bfc062723c751e8b465ee728b)
Start importing Assets/Import/UI/Puzzle stage & settings GUI Pack/Image_red/bar box.png using Guid(9a8035426c3220a4cbae8c7830c7632b) Importer(815301076,1909f56bfc062723c751e8b465ee728b)  -> (artifact id: '231dbd598ba276a0a826d4f0c887ac82') in 0.070354 seconds 
========================================================================
Received Import Request.
  Time since last request: 0.000019 seconds.
  path: Assets/Import/UI/Puzzle stage & settings GUI Pack/Image_pink/line.png
  artifactKey: Guid(2be0bc8852a5d2c46b4dc305af67bf78) Importer(815301076,1909f56bfc062723c751e8b465ee728b)
Start importing Assets/Import/UI/Puzzle stage & settings GUI Pack/Image_pink/line.png using Guid(2be0bc8852a5d2c46b4dc305af67bf78) Importer(815301076,1909f56bfc062723c751e8b465ee728b)  -> (artifact id: 'c1aa5f9a2d61fa66ded030734f4824b9') in 0.158086 seconds 
========================================================================
Received Import Request.
  Time since last request: 0.000025 seconds.
  path: Assets/Import/UI/Puzzle stage & settings GUI Pack/Image_red/goods jelly.png
  artifactKey: Guid(0b7d24aa5c71add4dbfdd85f131667f3) Importer(815301076,1909f56bfc062723c751e8b465ee728b)
Start importing Assets/Import/UI/Puzzle stage & settings GUI Pack/Image_red/goods jelly.png using Guid(0b7d24aa5c71add4dbfdd85f131667f3) Importer(815301076,1909f56bfc062723c751e8b465ee728b)  -> (artifact id: '551ac9b5a07cefc3cc94a02ab5733335') in 0.135358 seconds 
Editor requested this worker to shutdown with reason: Scaling down because of idle timeout
AssetImportWorker is now disconnected from the server
Process exiting
Exiting without the bug reporter. Application will terminate with return code 0