Using pre-set license
Built from '2021.3/staging' branch; Version is '2021.3.5f1 (40eb3a945986) revision 4254522'; Using compiler version '192829333'; Build Type 'Release'
OS: 'Windows 11  (10.0.22000) 64bit Education' Language: 'ko' Physical Memory: 16310 MB
BatchMode: 1, IsHumanControllingUs: 0, StartBugReporterOnCrash: 0, Is64bit: 1, IsPro: 1

COMMAND LINE ARGUMENTS:
C:\Program Files\Unity\Hub\Editor\2021.3.5f1\Editor\Unity.exe
-adb2
-batchMode
-noUpm
-name
AssetImportWorker0
-projectPath
C:/Users/user/Documents/GitHub/Tile
-logFile
Logs/AssetImportWorker0.log
-srvPort
51169
Successfully changed project path to: C:/Users/user/Documents/GitHub/Tile
C:/Users/user/Documents/GitHub/Tile
[UnityMemory] Configuration Parameters - Can be set up in boot.config
    "memorysetup-bucket-allocator-granularity=16"
    "memorysetup-bucket-allocator-bucket-count=8"
    "memorysetup-bucket-allocator-block-size=33554432"
    "memorysetup-bucket-allocator-block-count=8"
    "memorysetup-main-allocator-block-size=16777216"
    "memorysetup-thread-allocator-block-size=16777216"
    "memorysetup-gfx-main-allocator-block-size=16777216"
    "memorysetup-gfx-thread-allocator-block-size=16777216"
    "memorysetup-cache-allocator-block-size=4194304"
    "memorysetup-typetree-allocator-block-size=2097152"
    "memorysetup-profiler-bucket-allocator-granularity=16"
    "memorysetup-profiler-bucket-allocator-bucket-count=8"
    "memorysetup-profiler-bucket-allocator-block-size=33554432"
    "memorysetup-profiler-bucket-allocator-block-count=8"
    "memorysetup-profiler-allocator-block-size=16777216"
    "memorysetup-profiler-editor-allocator-block-size=1048576"
    "memorysetup-temp-allocator-size-main=16777216"
    "memorysetup-job-temp-allocator-block-size=2097152"
    "memorysetup-job-temp-allocator-block-size-background=1048576"
    "memorysetup-job-temp-allocator-reduction-small-platforms=262144"
    "memorysetup-temp-allocator-size-background-worker=32768"
    "memorysetup-temp-allocator-size-job-worker=262144"
    "memorysetup-temp-allocator-size-preload-manager=33554432"
    "memorysetup-temp-allocator-size-nav-mesh-worker=65536"
    "memorysetup-temp-allocator-size-audio-worker=65536"
    "memorysetup-temp-allocator-size-cloud-worker=32768"
    "memorysetup-temp-allocator-size-gi-baking-worker=262144"
    "memorysetup-temp-allocator-size-gfx=262144"
Refreshing native plugins compatible for Editor in 86.22 ms, found 5 plugins.
Preloading 0 native plugins for Editor in 0.00 ms.
Initialize engine version: 2021.3.5f1 (40eb3a945986)
[Subsystems] Discovering subsystems at path C:/Program Files/Unity/Hub/Editor/2021.3.5f1/Editor/Data/Resources/UnitySubsystems
[Subsystems] Discovering subsystems at path C:/Users/user/Documents/GitHub/Tile/Assets
GfxDevice: creating device client; threaded=0; jobified=0
Direct3D:
    Version:  Direct3D 11.0 [level 11.1]
    Renderer: NVIDIA GeForce RTX 3060 Ti (ID=0x2486)
    Vendor:   NVIDIA
    VRAM:     8050 MB
    Driver:   31.0.15.1659
Initialize mono
Mono path[0] = 'C:/Program Files/Unity/Hub/Editor/2021.3.5f1/Editor/Data/Managed'
Mono path[1] = 'C:/Program Files/Unity/Hub/Editor/2021.3.5f1/Editor/Data/MonoBleedingEdge/lib/mono/unityjit-win32'
Mono config path = 'C:/Program Files/Unity/Hub/Editor/2021.3.5f1/Editor/Data/MonoBleedingEdge/etc'
Using monoOptions --debugger-agent=transport=dt_socket,embedding=1,server=y,suspend=n,address=127.0.0.1:56728
Begin MonoManager ReloadAssembly
Registering precompiled unity dll's ...
Register platform support module: C:/Program Files/Unity/Hub/Editor/2021.3.5f1/Editor/Data/PlaybackEngines/WindowsStandaloneSupport/UnityEditor.WindowsStandalone.Extensions.dll
Registered in 0.007221 seconds.
Native extension for WindowsStandalone target not found
Refreshing native plugins compatible for Editor in 86.24 ms, found 5 plugins.
Preloading 0 native plugins for Editor in 0.00 ms.
Mono: successfully reloaded assembly
- Completed reload, in  0.621 seconds
Domain Reload Profiling:
	ReloadAssembly (622ms)
		BeginReloadAssembly (79ms)
			ExecutionOrderSort (0ms)
			DisableScriptedObjects (0ms)
			BackupInstance (0ms)
			ReleaseScriptingObjects (0ms)
			CreateAndSetChildDomain (1ms)
		EndReloadAssembly (434ms)
			LoadAssemblies (76ms)
			RebuildTransferFunctionScriptingTraits (0ms)
			SetupTypeCache (89ms)
			ReleaseScriptCaches (0ms)
			RebuildScriptCaches (25ms)
			SetupLoadedEditorAssemblies (269ms)
				LogAssemblyErrors (0ms)
				InitializePlatformSupportModulesInManaged (8ms)
				SetLoadedEditorAssemblies (0ms)
				RefreshPlugins (86ms)
				BeforeProcessingInitializeOnLoad (2ms)
				ProcessInitializeOnLoadAttributes (121ms)
				ProcessInitializeOnLoadMethodAttributes (51ms)
				AfterProcessingInitializeOnLoad (0ms)
				EditorAssembliesLoaded (0ms)
			ExecutionOrderSort2 (0ms)
			AwakeInstancesAfterBackupRestoration (0ms)
Platform modules already initialized, skipping
Registering precompiled user dll's ...
Registered in 0.009811 seconds.
Begin MonoManager ReloadAssembly
Symbol file LoadedFromMemory doesn't match image C:\Users\user\Documents\GitHub\Tile\Library\PackageCache\com.unity.visualscripting@1.7.8\Editor\VisualScripting.Core\Dependencies\YamlDotNet\Unity.VisualScripting.YamlDotNet.dll
Symbol file LoadedFromMemory doesn't match image C:\Users\user\Documents\GitHub\Tile\Library\PackageCache\com.unity.visualscripting@1.7.8\Editor\VisualScripting.Core\Dependencies\DotNetZip\Unity.VisualScripting.IonicZip.dll
Native extension for WindowsStandalone target not found
Refreshing native plugins compatible for Editor in 0.73 ms, found 5 plugins.
Preloading 0 native plugins for Editor in 0.00 ms.
Mono: successfully reloaded assembly
- Completed reload, in  1.052 seconds
Domain Reload Profiling:
	ReloadAssembly (1052ms)
		BeginReloadAssembly (114ms)
			ExecutionOrderSort (0ms)
			DisableScriptedObjects (6ms)
			BackupInstance (0ms)
			ReleaseScriptingObjects (0ms)
			CreateAndSetChildDomain (21ms)
		EndReloadAssembly (820ms)
			LoadAssemblies (91ms)
			RebuildTransferFunctionScriptingTraits (0ms)
			SetupTypeCache (240ms)
			ReleaseScriptCaches (1ms)
			RebuildScriptCaches (53ms)
			SetupLoadedEditorAssemblies (388ms)
				LogAssemblyErrors (0ms)
				InitializePlatformSupportModulesInManaged (6ms)
				SetLoadedEditorAssemblies (0ms)
				RefreshPlugins (1ms)
				BeforeProcessingInitializeOnLoad (99ms)
				ProcessInitializeOnLoadAttributes (242ms)
				ProcessInitializeOnLoadMethodAttributes (30ms)
				AfterProcessingInitializeOnLoad (9ms)
				EditorAssembliesLoaded (0ms)
			ExecutionOrderSort2 (0ms)
			AwakeInstancesAfterBackupRestoration (13ms)
Platform modules already initialized, skipping
========================================================================
Worker process is ready to serve import requests
Launched and connected shader compiler UnityShaderCompiler.exe after 0.12 seconds
Refreshing native plugins compatible for Editor in 0.80 ms, found 5 plugins.
Preloading 0 native plugins for Editor in 0.00 ms.
Unloading 3651 Unused Serialized files (Serialized files now loaded: 0)
Unloading 42 unused Assets / (1.3 MB). Loaded Objects now: 4093.
Memory consumption went from 134.6 MB to 133.2 MB.
Total: 5.158100 ms (FindLiveObjects: 1.036000 ms CreateObjectMapping: 0.108700 ms MarkObjects: 3.296600 ms  DeleteObjects: 0.715300 ms)

AssetImportParameters requested are different than current active one (requested -> active):
  custom:video-decoder-ogg-theora: a1e56fd34408186e4bbccfd4996cb3dc -> 
  custom:container-muxer-webm: aa71ff27fc2769a1b78a27578f13a17b -> 
  custom:container-demuxer-webm: 4f35f7cbe854078d1ac9338744f61a02 -> 
  custom:video-encoder-webm-vp8: eb34c28f22e8b96e1ab97ce403110664 -> 
  custom:video-codec-MediaFoundation-h265: 746d11721c4dcdbdad8f713fa42b33f4 -> 
  custom:audio-encoder-webm-vorbis: bf7c407c2cedff20999df2af8eb42d56 -> 
  custom:framework-win-MediaFoundation: 216162199b28c13a410421893ffa2e32 -> 
  custom:container-demuxer-ogg: 62fdf1f143b41e24485cea50d1cbac27 -> 
  custom:video-decoder-webm-vp8: 9c59270c3fd7afecdb556c50c9e8de78 -> 
  custom:audio-decoder-ogg-vorbis: bf7c407c2cedff20999df2af8eb42d56 -> 
========================================================================
Received Import Request.
  Time since last request: 167540.800796 seconds.
  path: Assets/Scripts/MapManager.cs
  artifactKey: Guid(4c2201efa6fe7534ea37d6ae34c637ab) Importer(815301076,1909f56bfc062723c751e8b465ee728b)
Start importing Assets/Scripts/MapManager.cs using Guid(4c2201efa6fe7534ea37d6ae34c637ab) Importer(815301076,1909f56bfc062723c751e8b465ee728b)  -> (artifact id: 'b48984c3e86c47eeae3d75f9da6fb310') in 0.066914 seconds 
========================================================================
Received Prepare
Registering precompiled user dll's ...
Registered in 0.008840 seconds.
Begin MonoManager ReloadAssembly
Symbol file LoadedFromMemory doesn't match image C:\Users\user\Documents\GitHub\Tile\Library\PackageCache\com.unity.visualscripting@1.7.8\Editor\VisualScripting.Core\Dependencies\YamlDotNet\Unity.VisualScripting.YamlDotNet.dll
Symbol file LoadedFromMemory doesn't match image C:\Users\user\Documents\GitHub\Tile\Library\PackageCache\com.unity.visualscripting@1.7.8\Editor\VisualScripting.Core\Dependencies\DotNetZip\Unity.VisualScripting.IonicZip.dll
Native extension for WindowsStandalone target not found
Refreshing native plugins compatible for Editor in 0.84 ms, found 5 plugins.
Preloading 0 native plugins for Editor in 0.00 ms.
Mono: successfully reloaded assembly
- Completed reload, in  1.093 seconds
Domain Reload Profiling:
	ReloadAssembly (1093ms)
		BeginReloadAssembly (148ms)
			ExecutionOrderSort (0ms)
			DisableScriptedObjects (5ms)
			BackupInstance (0ms)
			ReleaseScriptingObjects (0ms)
			CreateAndSetChildDomain (39ms)
		EndReloadAssembly (835ms)
			LoadAssemblies (100ms)
			RebuildTransferFunctionScriptingTraits (0ms)
			SetupTypeCache (223ms)
			ReleaseScriptCaches (1ms)
			RebuildScriptCaches (53ms)
			SetupLoadedEditorAssemblies (402ms)
				LogAssemblyErrors (0ms)
				InitializePlatformSupportModulesInManaged (17ms)
				SetLoadedEditorAssemblies (0ms)
				RefreshPlugins (1ms)
				BeforeProcessingInitializeOnLoad (109ms)
				ProcessInitializeOnLoadAttributes (236ms)
				ProcessInitializeOnLoadMethodAttributes (29ms)
				AfterProcessingInitializeOnLoad (9ms)
				EditorAssembliesLoaded (0ms)
			ExecutionOrderSort2 (0ms)
			AwakeInstancesAfterBackupRestoration (13ms)
Platform modules already initialized, skipping
Refreshing native plugins compatible for Editor in 2.56 ms, found 5 plugins.
Preloading 0 native plugins for Editor in 0.00 ms.
Unloading 3612 Unused Serialized files (Serialized files now loaded: 0)
Unloading 35 unused Assets / (1.3 MB). Loaded Objects now: 4096.
Memory consumption went from 131.1 MB to 129.8 MB.
Total: 5.917500 ms (FindLiveObjects: 0.316900 ms CreateObjectMapping: 0.121900 ms MarkObjects: 5.183100 ms  DeleteObjects: 0.294900 ms)

AssetImportParameters requested are different than current active one (requested -> active):
  custom:video-decoder-ogg-theora: a1e56fd34408186e4bbccfd4996cb3dc -> 
  custom:container-muxer-webm: aa71ff27fc2769a1b78a27578f13a17b -> 
  custom:container-demuxer-webm: 4f35f7cbe854078d1ac9338744f61a02 -> 
  custom:video-encoder-webm-vp8: eb34c28f22e8b96e1ab97ce403110664 -> 
  custom:video-codec-MediaFoundation-h265: 746d11721c4dcdbdad8f713fa42b33f4 -> 
  custom:audio-encoder-webm-vorbis: bf7c407c2cedff20999df2af8eb42d56 -> 
  custom:framework-win-MediaFoundation: 216162199b28c13a410421893ffa2e32 -> 
  custom:container-demuxer-ogg: 62fdf1f143b41e24485cea50d1cbac27 -> 
  custom:video-decoder-webm-vp8: 9c59270c3fd7afecdb556c50c9e8de78 -> 
  custom:audio-decoder-ogg-vorbis: bf7c407c2cedff20999df2af8eb42d56 -> 
========================================================================
Received Import Request.
  Time since last request: 6.807405 seconds.
  path: Assets/Import/HYPEPOLY - Isometric Tiles Standart Lite/Prefabs/Material 0/LittleStone 3.prefab
  artifactKey: Guid(4f2bfcd4d48b1304f87f0eb55c22b2ad) Importer(815301076,1909f56bfc062723c751e8b465ee728b)
Start importing Assets/Import/HYPEPOLY - Isometric Tiles Standart Lite/Prefabs/Material 0/LittleStone 3.prefab using Guid(4f2bfcd4d48b1304f87f0eb55c22b2ad) Importer(815301076,1909f56bfc062723c751e8b465ee728b)  -> (artifact id: '3f6b5d0d1f83bb0bc4244cd69644ac6a') in 0.123133 seconds 
========================================================================
Received Import Request.
  Time since last request: 0.000019 seconds.
  path: Assets/Import/HYPEPOLY - Isometric Tiles Standart Lite/Prefabs/Material 0/BigStone 1.prefab
  artifactKey: Guid(bff151e1d30ee48468a63710c35596a9) Importer(815301076,1909f56bfc062723c751e8b465ee728b)
Start importing Assets/Import/HYPEPOLY - Isometric Tiles Standart Lite/Prefabs/Material 0/BigStone 1.prefab using Guid(bff151e1d30ee48468a63710c35596a9) Importer(815301076,1909f56bfc062723c751e8b465ee728b)  -> (artifact id: '4d1bf7e470451bbe4cc612a7f8ba25b9') in 0.017002 seconds 
========================================================================
Received Import Request.
  Time since last request: 0.000019 seconds.
  path: Assets/Import/HYPEPOLY - Isometric Tiles Standart Lite/Prefabs/Material 0/Tile Bot 2.prefab
  artifactKey: Guid(b24af410a59a0cc4c8f01f3ad358b943) Importer(815301076,1909f56bfc062723c751e8b465ee728b)
Start importing Assets/Import/HYPEPOLY - Isometric Tiles Standart Lite/Prefabs/Material 0/Tile Bot 2.prefab using Guid(b24af410a59a0cc4c8f01f3ad358b943) Importer(815301076,1909f56bfc062723c751e8b465ee728b)  -> (artifact id: 'edb9ab847435cb7878f04ae11cbdf9d6') in 0.018280 seconds 
========================================================================
Received Import Request.
  Time since last request: 0.000018 seconds.
  path: Assets/Import/HYPEPOLY - Isometric Tiles Standart Lite/Prefabs/Material 0/Tile Top 1.prefab
  artifactKey: Guid(845ad39e51a0a464a864825f760d85e0) Importer(815301076,1909f56bfc062723c751e8b465ee728b)
Start importing Assets/Import/HYPEPOLY - Isometric Tiles Standart Lite/Prefabs/Material 0/Tile Top 1.prefab using Guid(845ad39e51a0a464a864825f760d85e0) Importer(815301076,1909f56bfc062723c751e8b465ee728b)  -> (artifact id: 'b019a3820fedf1d70b6a99a9bafe0bc5') in 0.025018 seconds 
========================================================================
Received Import Request.
  Time since last request: 0.000017 seconds.
  path: Assets/Import/HYPEPOLY - Isometric Tiles Standart Lite/Prefabs/Material 0/Bush 1.prefab
  artifactKey: Guid(404505804505bc346bd277b3ff0dc1e4) Importer(815301076,1909f56bfc062723c751e8b465ee728b)
Start importing Assets/Import/HYPEPOLY - Isometric Tiles Standart Lite/Prefabs/Material 0/Bush 1.prefab using Guid(404505804505bc346bd277b3ff0dc1e4) Importer(815301076,1909f56bfc062723c751e8b465ee728b)  -> (artifact id: 'ba068b8f7c384be3ae917c6dc0ae2b37') in 0.022346 seconds 
========================================================================
Received Import Request.
  Time since last request: 0.000027 seconds.
  path: Assets/Import/HYPEPOLY - Isometric Tiles Standart Lite/Prefabs/Material 0/Tile Decor.prefab
  artifactKey: Guid(e5a6cf8986afb0543949930ead35cbf9) Importer(815301076,1909f56bfc062723c751e8b465ee728b)
Start importing Assets/Import/HYPEPOLY - Isometric Tiles Standart Lite/Prefabs/Material 0/Tile Decor.prefab using Guid(e5a6cf8986afb0543949930ead35cbf9) Importer(815301076,1909f56bfc062723c751e8b465ee728b)  -> (artifact id: 'f473486ae042b77f7fdfea99deb1e829') in 0.040462 seconds 
========================================================================
Received Import Request.
  Time since last request: 0.002019 seconds.
  path: Assets/Import/HYPEPOLY - Isometric Tiles Standart Lite/Prefabs/Material 0/LittleStone 1.prefab
  artifactKey: Guid(5119d5f0634b90c4fa893861654e81b3) Importer(815301076,1909f56bfc062723c751e8b465ee728b)
Start importing Assets/Import/HYPEPOLY - Isometric Tiles Standart Lite/Prefabs/Material 0/LittleStone 1.prefab using Guid(5119d5f0634b90c4fa893861654e81b3) Importer(815301076,1909f56bfc062723c751e8b465ee728b)  -> (artifact id: 'fbe1c4ee0e92915ff3bf7eb2f0fda245') in 0.013018 seconds 
========================================================================
Received Import Request.
  Time since last request: 0.000019 seconds.
  path: Assets/Import/HYPEPOLY - Isometric Tiles Standart Lite/Prefabs/Material 0/Tree 2.prefab
  artifactKey: Guid(b84103262dbd8cd48a0d67046bee6366) Importer(815301076,1909f56bfc062723c751e8b465ee728b)
Start importing Assets/Import/HYPEPOLY - Isometric Tiles Standart Lite/Prefabs/Material 0/Tree 2.prefab using Guid(b84103262dbd8cd48a0d67046bee6366) Importer(815301076,1909f56bfc062723c751e8b465ee728b)  -> (artifact id: '97ab351a46c28523416db91ee5d4058f') in 0.016756 seconds 
========================================================================
Received Import Request.
  Time since last request: 0.000017 seconds.
  path: Assets/Import/HYPEPOLY - Isometric Tiles Standart Lite/Prefabs/Material 0/Grass.prefab
  artifactKey: Guid(e8d2ccbee098ec94a954a38c4f953c91) Importer(815301076,1909f56bfc062723c751e8b465ee728b)
Start importing Assets/Import/HYPEPOLY - Isometric Tiles Standart Lite/Prefabs/Material 0/Grass.prefab using Guid(e8d2ccbee098ec94a954a38c4f953c91) Importer(815301076,1909f56bfc062723c751e8b465ee728b)  -> (artifact id: '6ef4de59416f2bf365b75f57a5ac4d6e') in 0.018760 seconds 
========================================================================
Received Import Request.
  Time since last request: 0.000020 seconds.
  path: Assets/Import/HYPEPOLY - Isometric Tiles Standart Lite/Prefabs/Material 0/Tree 1.prefab
  artifactKey: Guid(d26323b6796b9124cbb1d69c674adc29) Importer(815301076,1909f56bfc062723c751e8b465ee728b)
Start importing Assets/Import/HYPEPOLY - Isometric Tiles Standart Lite/Prefabs/Material 0/Tree 1.prefab using Guid(d26323b6796b9124cbb1d69c674adc29) Importer(815301076,1909f56bfc062723c751e8b465ee728b)  -> (artifact id: 'e9176a9cff5a894ede64452b77d8034d') in 0.021535 seconds 
========================================================================
Received Import Request.
  Time since last request: 0.000018 seconds.
  path: Assets/Import/HYPEPOLY - Isometric Tiles Standart Lite/Prefabs/Material 0/BigStone 2.prefab
  artifactKey: Guid(326d053bdd1aa3a438922c178fec8b73) Importer(815301076,1909f56bfc062723c751e8b465ee728b)
Start importing Assets/Import/HYPEPOLY - Isometric Tiles Standart Lite/Prefabs/Material 0/BigStone 2.prefab using Guid(326d053bdd1aa3a438922c178fec8b73) Importer(815301076,1909f56bfc062723c751e8b465ee728b)  -> (artifact id: '46982548332a5530ccbae0efbb5853e0') in 0.016554 seconds 
========================================================================
Received Import Request.
  Time since last request: 0.000016 seconds.
  path: Assets/Import/HYPEPOLY - Isometric Tiles Standart Lite/Prefabs/Material 0/Nameplate.prefab
  artifactKey: Guid(ed6de85b9226e3146b5f62ffb3b4a1fd) Importer(815301076,1909f56bfc062723c751e8b465ee728b)
Start importing Assets/Import/HYPEPOLY - Isometric Tiles Standart Lite/Prefabs/Material 0/Nameplate.prefab using Guid(ed6de85b9226e3146b5f62ffb3b4a1fd) Importer(815301076,1909f56bfc062723c751e8b465ee728b)  -> (artifact id: '806c8caa147af375791e1ad6cebb263a') in 0.023227 seconds 
Editor requested this worker to shutdown with reason: Scaling down because of idle timeout
AssetImportWorker is now disconnected from the server
Process exiting
Exiting without the bug reporter. Application will terminate with return code 0