Using pre-set license
Built from '2021.3/staging' branch; Version is '2021.3.4f1 (cb45f9cae8b7) revision 13321721'; Using compiler version '192829333'; Build Type 'Release'
OS: 'Windows 10  (10.0.19043) 64bit Core' Language: 'ko' Physical Memory: 32637 MB
BatchMode: 1, IsHumanControllingUs: 0, StartBugReporterOnCrash: 0, Is64bit: 1, IsPro: 1

COMMAND LINE ARGUMENTS:
C:\Program Files\Unity\Hub\Editor\2021.3.4f1\Editor\Unity.exe
-adb2
-batchMode
-noUpm
-name
AssetImportWorker4
-projectPath
C:/Users/user/Documents/ms/Tile
-logFile
Logs/AssetImportWorker4.log
-srvPort
59437
Successfully changed project path to: C:/Users/user/Documents/ms/Tile
C:/Users/user/Documents/ms/Tile
[UnityMemory] Configuration Parameters - Can be set up in boot.config
    "memorysetup-bucket-allocator-granularity=16"
    "memorysetup-bucket-allocator-bucket-count=8"
    "memorysetup-bucket-allocator-block-size=33554432"
    "memorysetup-bucket-allocator-block-count=8"
    "memorysetup-main-allocator-block-size=16777216"
    "memorysetup-thread-allocator-block-size=16777216"
    "memorysetup-gfx-main-allocator-block-size=16777216"
    "memorysetup-gfx-thread-allocator-block-size=16777216"
    "memorysetup-cache-allocator-block-size=4194304"
    "memorysetup-typetree-allocator-block-size=2097152"
    "memorysetup-profiler-bucket-allocator-granularity=16"
    "memorysetup-profiler-bucket-allocator-bucket-count=8"
    "memorysetup-profiler-bucket-allocator-block-size=33554432"
    "memorysetup-profiler-bucket-allocator-block-count=8"
    "memorysetup-profiler-allocator-block-size=16777216"
    "memorysetup-profiler-editor-allocator-block-size=1048576"
    "memorysetup-temp-allocator-size-main=16777216"
    "memorysetup-job-temp-allocator-block-size=2097152"
    "memorysetup-job-temp-allocator-block-size-background=1048576"
    "memorysetup-job-temp-allocator-reduction-small-platforms=262144"
    "memorysetup-temp-allocator-size-background-worker=32768"
    "memorysetup-temp-allocator-size-job-worker=262144"
    "memorysetup-temp-allocator-size-preload-manager=33554432"
    "memorysetup-temp-allocator-size-nav-mesh-worker=65536"
    "memorysetup-temp-allocator-size-audio-worker=65536"
    "memorysetup-temp-allocator-size-cloud-worker=32768"
    "memorysetup-temp-allocator-size-gi-baking-worker=262144"
    "memorysetup-temp-allocator-size-gfx=262144"
Refreshing native plugins compatible for Editor in 131.97 ms, found 6 plugins.
Preloading 0 native plugins for Editor in 0.00 ms.
Initialize engine version: 2021.3.4f1 (cb45f9cae8b7)
[Subsystems] Discovering subsystems at path C:/Program Files/Unity/Hub/Editor/2021.3.4f1/Editor/Data/Resources/UnitySubsystems
[Subsystems] Discovering subsystems at path C:/Users/user/Documents/ms/Tile/Assets
GfxDevice: creating device client; threaded=0; jobified=0
Direct3D:
    Version:  Direct3D 11.0 [level 11.1]
    Renderer: NVIDIA GeForce RTX 3060 (ID=0x2487)
    Vendor:   NVIDIA
    VRAM:     12137 MB
    Driver:   30.0.15.1215
Initialize mono
Mono path[0] = 'C:/Program Files/Unity/Hub/Editor/2021.3.4f1/Editor/Data/Managed'
Mono path[1] = 'C:/Program Files/Unity/Hub/Editor/2021.3.4f1/Editor/Data/MonoBleedingEdge/lib/mono/unityjit-win32'
Mono config path = 'C:/Program Files/Unity/Hub/Editor/2021.3.4f1/Editor/Data/MonoBleedingEdge/etc'
Using monoOptions --debugger-agent=transport=dt_socket,embedding=1,server=y,suspend=n,address=127.0.0.1:56940
Begin MonoManager ReloadAssembly
Registering precompiled unity dll's ...
Register platform support module: C:/Program Files/Unity/Hub/Editor/2021.3.4f1/Editor/Data/PlaybackEngines/WindowsStandaloneSupport/UnityEditor.WindowsStandalone.Extensions.dll
Registered in 0.007033 seconds.
Native extension for WindowsStandalone target not found
Refreshing native plugins compatible for Editor in 124.76 ms, found 6 plugins.
Preloading 0 native plugins for Editor in 0.00 ms.
Mono: successfully reloaded assembly
- Completed reload, in  0.833 seconds
Domain Reload Profiling:
	ReloadAssembly (834ms)
		BeginReloadAssembly (90ms)
			ExecutionOrderSort (0ms)
			DisableScriptedObjects (0ms)
			BackupInstance (0ms)
			ReleaseScriptingObjects (0ms)
			CreateAndSetChildDomain (1ms)
		EndReloadAssembly (599ms)
			LoadAssemblies (87ms)
			RebuildTransferFunctionScriptingTraits (0ms)
			SetupTypeCache (142ms)
			ReleaseScriptCaches (0ms)
			RebuildScriptCaches (36ms)
			SetupLoadedEditorAssemblies (354ms)
				LogAssemblyErrors (0ms)
				InitializePlatformSupportModulesInManaged (10ms)
				SetLoadedEditorAssemblies (0ms)
				RefreshPlugins (125ms)
				BeforeProcessingInitializeOnLoad (2ms)
				ProcessInitializeOnLoadAttributes (158ms)
				ProcessInitializeOnLoadMethodAttributes (59ms)
				AfterProcessingInitializeOnLoad (0ms)
				EditorAssembliesLoaded (0ms)
			ExecutionOrderSort2 (0ms)
			AwakeInstancesAfterBackupRestoration (0ms)
Platform modules already initialized, skipping
Registering precompiled user dll's ...
Registered in 0.007396 seconds.
Begin MonoManager ReloadAssembly
Symbol file LoadedFromMemory doesn't match image C:\Users\user\Documents\ms\Tile\Library\PackageCache\com.unity.visualscripting@1.7.8\Editor\VisualScripting.Core\Dependencies\YamlDotNet\Unity.VisualScripting.YamlDotNet.dll
Symbol file LoadedFromMemory doesn't match image C:\Users\user\Documents\ms\Tile\Library\PackageCache\com.unity.visualscripting@1.7.8\Editor\VisualScripting.Core\Dependencies\DotNetZip\Unity.VisualScripting.IonicZip.dll
Native extension for WindowsStandalone target not found
Refreshing native plugins compatible for Editor in 0.74 ms, found 6 plugins.
Preloading 0 native plugins for Editor in 0.00 ms.
Mono: successfully reloaded assembly
- Completed reload, in  1.365 seconds
Domain Reload Profiling:
	ReloadAssembly (1366ms)
		BeginReloadAssembly (145ms)
			ExecutionOrderSort (0ms)
			DisableScriptedObjects (8ms)
			BackupInstance (0ms)
			ReleaseScriptingObjects (0ms)
			CreateAndSetChildDomain (24ms)
		EndReloadAssembly (1064ms)
			LoadAssemblies (109ms)
			RebuildTransferFunctionScriptingTraits (0ms)
			SetupTypeCache (347ms)
			ReleaseScriptCaches (1ms)
			RebuildScriptCaches (65ms)
			SetupLoadedEditorAssemblies (499ms)
				LogAssemblyErrors (0ms)
				InitializePlatformSupportModulesInManaged (7ms)
				SetLoadedEditorAssemblies (1ms)
				RefreshPlugins (1ms)
				BeforeProcessingInitializeOnLoad (139ms)
				ProcessInitializeOnLoadAttributes (306ms)
				ProcessInitializeOnLoadMethodAttributes (36ms)
				AfterProcessingInitializeOnLoad (9ms)
				EditorAssembliesLoaded (0ms)
			ExecutionOrderSort2 (0ms)
			AwakeInstancesAfterBackupRestoration (8ms)
Platform modules already initialized, skipping
========================================================================
Worker process is ready to serve import requests
Launched and connected shader compiler UnityShaderCompiler.exe after 0.04 seconds
Refreshing native plugins compatible for Editor in 0.68 ms, found 6 plugins.
Preloading 0 native plugins for Editor in 0.00 ms.
Unloading 3643 Unused Serialized files (Serialized files now loaded: 0)
Unloading 46 unused Assets / (1.3 MB). Loaded Objects now: 4080.
Memory consumption went from 133.9 MB to 132.6 MB.
Total: 4.152800 ms (FindLiveObjects: 0.307700 ms CreateObjectMapping: 0.166400 ms MarkObjects: 3.400200 ms  DeleteObjects: 0.277000 ms)

AssetImportParameters requested are different than current active one (requested -> active):
  custom:video-decoder-ogg-theora: a1e56fd34408186e4bbccfd4996cb3dc -> 
  custom:container-muxer-webm: aa71ff27fc2769a1b78a27578f13a17b -> 
  custom:container-demuxer-webm: 4f35f7cbe854078d1ac9338744f61a02 -> 
  custom:video-encoder-webm-vp8: eb34c28f22e8b96e1ab97ce403110664 -> 
  custom:audio-encoder-webm-vorbis: bf7c407c2cedff20999df2af8eb42d56 -> 
  custom:framework-win-MediaFoundation: 216162199b28c13a410421893ffa2e32 -> 
  custom:container-demuxer-ogg: 62fdf1f143b41e24485cea50d1cbac27 -> 
  custom:video-decoder-webm-vp8: 9c59270c3fd7afecdb556c50c9e8de78 -> 
  custom:audio-decoder-ogg-vorbis: bf7c407c2cedff20999df2af8eb42d56 -> 
========================================================================
Received Import Request.
  Time since last request: 1215153.915095 seconds.
  path: Assets/Import/HYPEPOLY - Isometric Tiles Standart Lite/Prefabs/Material 3/Tile Bot 2.prefab
  artifactKey: Guid(2b582500fd59acd4085691333e639f9b) Importer(815301076,1909f56bfc062723c751e8b465ee728b)
Start importing Assets/Import/HYPEPOLY - Isometric Tiles Standart Lite/Prefabs/Material 3/Tile Bot 2.prefab using Guid(2b582500fd59acd4085691333e639f9b) Importer(815301076,1909f56bfc062723c751e8b465ee728b)  -> (artifact id: '996787c1993f44a2c5e02bea34efabfb') in 0.158919 seconds 
========================================================================
Received Import Request.
  Time since last request: 13.237756 seconds.
  path: Assets/Import/HYPEPOLY - Isometric Tiles Standart Lite/Prefabs/Material 2
  artifactKey: Guid(2dc2e4761a33bc54bb9cd143960fda51) Importer(815301076,1909f56bfc062723c751e8b465ee728b)
Start importing Assets/Import/HYPEPOLY - Isometric Tiles Standart Lite/Prefabs/Material 2 using Guid(2dc2e4761a33bc54bb9cd143960fda51) Importer(815301076,1909f56bfc062723c751e8b465ee728b)  -> (artifact id: 'e048494f478b7e5ac1e05693d72452a1') in 0.020411 seconds 
========================================================================
Received Import Request.
  Time since last request: 0.013311 seconds.
  path: Assets/Import/HYPEPOLY - Isometric Tiles Standart Lite/Prefabs/Material 2/BigStone 1.prefab
  artifactKey: Guid(4fe91b70223fc4d4cb3214cdd8a2491f) Importer(815301076,1909f56bfc062723c751e8b465ee728b)
Start importing Assets/Import/HYPEPOLY - Isometric Tiles Standart Lite/Prefabs/Material 2/BigStone 1.prefab using Guid(4fe91b70223fc4d4cb3214cdd8a2491f) Importer(815301076,1909f56bfc062723c751e8b465ee728b)  -> (artifact id: '6dc2464e1d39bce8b554a0fc18e4a662') in 0.019738 seconds 
========================================================================
Received Import Request.
  Time since last request: 0.000023 seconds.
  path: Assets/Import/HYPEPOLY - Isometric Tiles Standart Lite/Prefabs/Material 2/Bridge.prefab
  artifactKey: Guid(1cc150c5bdde0df49a3caf03a7ca92a4) Importer(815301076,1909f56bfc062723c751e8b465ee728b)
Start importing Assets/Import/HYPEPOLY - Isometric Tiles Standart Lite/Prefabs/Material 2/Bridge.prefab using Guid(1cc150c5bdde0df49a3caf03a7ca92a4) Importer(815301076,1909f56bfc062723c751e8b465ee728b)  -> (artifact id: '9c770d83b974bcbb37a2fa87141a328b') in 0.017205 seconds 
========================================================================
Received Import Request.
  Time since last request: 62.432351 seconds.
  path: Assets/Import/HYPEPOLY - Isometric Tiles Standart Lite/Prefabs/Material 1/Bridge.prefab
  artifactKey: Guid(1d1058df629c5c4408231811c948d198) Importer(815301076,1909f56bfc062723c751e8b465ee728b)
Start importing Assets/Import/HYPEPOLY - Isometric Tiles Standart Lite/Prefabs/Material 1/Bridge.prefab using Guid(1d1058df629c5c4408231811c948d198) Importer(815301076,1909f56bfc062723c751e8b465ee728b)  -> (artifact id: 'b0a573afae4e06e52501f0ed67fcf421') in 0.021819 seconds 
========================================================================
Received Import Request.
  Time since last request: 1.994798 seconds.
  path: Assets/Import/HYPEPOLY - Isometric Tiles Standart Lite/Prefabs/Material 3/Bridge.prefab
  artifactKey: Guid(0913a1f184fed024e9572382be52ab0e) Importer(815301076,1909f56bfc062723c751e8b465ee728b)
Start importing Assets/Import/HYPEPOLY - Isometric Tiles Standart Lite/Prefabs/Material 3/Bridge.prefab using Guid(0913a1f184fed024e9572382be52ab0e) Importer(815301076,1909f56bfc062723c751e8b465ee728b)  -> (artifact id: '1478187513cd197a2cb3d31d2cd717b9') in 0.019374 seconds 
========================================================================
Received Import Request.
  Time since last request: 2.148909 seconds.
  path: Assets/Import/HYPEPOLY - Isometric Tiles Standart Lite/Prefabs/Material 1/Tile Bot 2.prefab
  artifactKey: Guid(913953e878c063b4a9ad2ff0d36ad279) Importer(815301076,1909f56bfc062723c751e8b465ee728b)
Start importing Assets/Import/HYPEPOLY - Isometric Tiles Standart Lite/Prefabs/Material 1/Tile Bot 2.prefab using Guid(913953e878c063b4a9ad2ff0d36ad279) Importer(815301076,1909f56bfc062723c751e8b465ee728b)  -> (artifact id: '58e8bf3d1278f5ec9d7d84664ecfa9e3') in 0.017292 seconds 
========================================================================
Received Import Request.
  Time since last request: 0.000028 seconds.
  path: Assets/Import/HYPEPOLY - Isometric Tiles Standart Lite/Prefabs/Material 1/Tile Top 2.prefab
  artifactKey: Guid(3dd970b60e1b094408f229d12a1b15d7) Importer(815301076,1909f56bfc062723c751e8b465ee728b)
Start importing Assets/Import/HYPEPOLY - Isometric Tiles Standart Lite/Prefabs/Material 1/Tile Top 2.prefab using Guid(3dd970b60e1b094408f229d12a1b15d7) Importer(815301076,1909f56bfc062723c751e8b465ee728b)  -> (artifact id: 'ceb9818912be9e3a3e83bee248b4d14f') in 0.016721 seconds 
========================================================================
Received Import Request.
  Time since last request: 0.000040 seconds.
  path: Assets/Import/HYPEPOLY - Isometric Tiles Standart Lite/Prefabs/Material 1/Tree 2.prefab
  artifactKey: Guid(a56ab5fba436dbd46836d7b577ed3deb) Importer(815301076,1909f56bfc062723c751e8b465ee728b)
Start importing Assets/Import/HYPEPOLY - Isometric Tiles Standart Lite/Prefabs/Material 1/Tree 2.prefab using Guid(a56ab5fba436dbd46836d7b577ed3deb) Importer(815301076,1909f56bfc062723c751e8b465ee728b)  -> (artifact id: '37fd9e216235f6bc4f8928eaa4e39dd4') in 0.015752 seconds 
========================================================================
Received Import Request.
  Time since last request: 16.048097 seconds.
  path: Assets/Import/HYPEPOLY - Isometric Tiles Standart Lite/Tile Mat .prefab
  artifactKey: Guid(930510b27ec6e8948953f7251a484c17) Importer(815301076,1909f56bfc062723c751e8b465ee728b)
Start importing Assets/Import/HYPEPOLY - Isometric Tiles Standart Lite/Tile Mat .prefab using Guid(930510b27ec6e8948953f7251a484c17) Importer(815301076,1909f56bfc062723c751e8b465ee728b)  -> (artifact id: '4953f4fd8950291516a0200f4f62502f') in 0.023305 seconds 
========================================================================
Received Import Request.
  Time since last request: 724.938378 seconds.
  path: Assets/Import/HYPEPOLY - Isometric Tiles Standart Lite/Prefabs/Material 1/BigStone 1.prefab
  artifactKey: Guid(732d7ec0007cad446bea6c7d9ec74ffd) Importer(815301076,1909f56bfc062723c751e8b465ee728b)
Start importing Assets/Import/HYPEPOLY - Isometric Tiles Standart Lite/Prefabs/Material 1/BigStone 1.prefab using Guid(732d7ec0007cad446bea6c7d9ec74ffd) Importer(815301076,1909f56bfc062723c751e8b465ee728b)  -> (artifact id: '7781c254d9c1871669ad7c01c7cab79f') in 0.026147 seconds 
========================================================================
Received Import Request.
  Time since last request: 0.000030 seconds.
  path: Assets/Import/HYPEPOLY - Isometric Tiles Standart Lite/Prefabs/Material 1/Branch 1.prefab
  artifactKey: Guid(fa9faab0d3696534c8c0c5dc263af4c2) Importer(815301076,1909f56bfc062723c751e8b465ee728b)
Start importing Assets/Import/HYPEPOLY - Isometric Tiles Standart Lite/Prefabs/Material 1/Branch 1.prefab using Guid(fa9faab0d3696534c8c0c5dc263af4c2) Importer(815301076,1909f56bfc062723c751e8b465ee728b)  -> (artifact id: '9446dda6154f57d79cf7f5fda64e1b8d') in 0.020217 seconds 
========================================================================
Received Import Request.
  Time since last request: 0.000026 seconds.
  path: Assets/Import/HYPEPOLY - Isometric Tiles Standart Lite/Prefabs/Material 1/Branch 2.prefab
  artifactKey: Guid(60d6627e5fcd645459ca9a892e1f1a80) Importer(815301076,1909f56bfc062723c751e8b465ee728b)
Start importing Assets/Import/HYPEPOLY - Isometric Tiles Standart Lite/Prefabs/Material 1/Branch 2.prefab using Guid(60d6627e5fcd645459ca9a892e1f1a80) Importer(815301076,1909f56bfc062723c751e8b465ee728b)  -> (artifact id: '8a8baa95212b5fb960b2a46735b906ed') in 0.025537 seconds 
========================================================================
Received Import Request.
  Time since last request: 2.824844 seconds.
  path: Assets/Import/HYPEPOLY - Isometric Tiles Standart Lite/Prefabs/Material 3/BigStone 1.prefab
  artifactKey: Guid(6c9f227395a05d046a1f60838bbc5be2) Importer(815301076,1909f56bfc062723c751e8b465ee728b)
Start importing Assets/Import/HYPEPOLY - Isometric Tiles Standart Lite/Prefabs/Material 3/BigStone 1.prefab using Guid(6c9f227395a05d046a1f60838bbc5be2) Importer(815301076,1909f56bfc062723c751e8b465ee728b)  -> (artifact id: '21f9cf0b9ebb0ae605649bcddac68bd4') in 0.021062 seconds 
========================================================================
Received Import Request.
  Time since last request: 0.000027 seconds.
  path: Assets/Import/HYPEPOLY - Isometric Tiles Standart Lite/Prefabs/Material 3/Branch 1.prefab
  artifactKey: Guid(495a56af0699279498c48f4191d9f93c) Importer(815301076,1909f56bfc062723c751e8b465ee728b)
Start importing Assets/Import/HYPEPOLY - Isometric Tiles Standart Lite/Prefabs/Material 3/Branch 1.prefab using Guid(495a56af0699279498c48f4191d9f93c) Importer(815301076,1909f56bfc062723c751e8b465ee728b)  -> (artifact id: '2340e3f754add1411c2670fe886f3a4f') in 0.024717 seconds 
========================================================================
Received Import Request.
  Time since last request: 1148.195423 seconds.
  path: Assets/Import/HYPEPOLY - Isometric Tiles Standart Lite/Prefabs/Material 2/Fence.prefab
  artifactKey: Guid(760a160301010754c8406349710830ce) Importer(815301076,1909f56bfc062723c751e8b465ee728b)
Start importing Assets/Import/HYPEPOLY - Isometric Tiles Standart Lite/Prefabs/Material 2/Fence.prefab using Guid(760a160301010754c8406349710830ce) Importer(815301076,1909f56bfc062723c751e8b465ee728b)  -> (artifact id: 'f9e86835e2afa1d0d00f1503d255f07b') in 0.024258 seconds 
========================================================================
Received Import Request.
  Time since last request: 4.397690 seconds.
  path: Assets/Import/HYPEPOLY - Isometric Tiles Standart Lite/Prefabs/Material 2/Fence.prefab
  artifactKey: Guid(760a160301010754c8406349710830ce) Importer(815301076,1909f56bfc062723c751e8b465ee728b)
Start importing Assets/Import/HYPEPOLY - Isometric Tiles Standart Lite/Prefabs/Material 2/Fence.prefab using Guid(760a160301010754c8406349710830ce) Importer(815301076,1909f56bfc062723c751e8b465ee728b)  -> (artifact id: '6e1329a04ac4326faec1b75c0a219e11') in 0.016015 seconds 
========================================================================
Received Import Request.
  Time since last request: 3.201060 seconds.
  path: Assets/Import/HYPEPOLY - Isometric Tiles Standart Lite/Prefabs/Material 2/Fence.prefab
  artifactKey: Guid(760a160301010754c8406349710830ce) Importer(815301076,1909f56bfc062723c751e8b465ee728b)
Start importing Assets/Import/HYPEPOLY - Isometric Tiles Standart Lite/Prefabs/Material 2/Fence.prefab using Guid(760a160301010754c8406349710830ce) Importer(815301076,1909f56bfc062723c751e8b465ee728b)  -> (artifact id: 'f196cadabe1d991189ce3457aacc42b3') in 0.015114 seconds 
========================================================================
Received Import Request.
  Time since last request: 8.267959 seconds.
  path: Assets/Import/HYPEPOLY - Isometric Tiles Standart Lite/Prefabs/Material 2/Fence.prefab
  artifactKey: Guid(760a160301010754c8406349710830ce) Importer(815301076,1909f56bfc062723c751e8b465ee728b)
Start importing Assets/Import/HYPEPOLY - Isometric Tiles Standart Lite/Prefabs/Material 2/Fence.prefab using Guid(760a160301010754c8406349710830ce) Importer(815301076,1909f56bfc062723c751e8b465ee728b)  -> (artifact id: '7b3ceb8ea2cf8526e0f5f2ff0080d849') in 0.020333 seconds 
========================================================================
Received Import Request.
  Time since last request: 8.457947 seconds.
  path: Assets/Import/HYPEPOLY - Isometric Tiles Standart Lite/Prefabs/Material 2/Fence.prefab
  artifactKey: Guid(760a160301010754c8406349710830ce) Importer(815301076,1909f56bfc062723c751e8b465ee728b)
Start importing Assets/Import/HYPEPOLY - Isometric Tiles Standart Lite/Prefabs/Material 2/Fence.prefab using Guid(760a160301010754c8406349710830ce) Importer(815301076,1909f56bfc062723c751e8b465ee728b)  -> (artifact id: '4c1b8f3b4dc05b9100062eb377d78362') in 0.017692 seconds 
========================================================================
Received Import Request.
  Time since last request: 102.332340 seconds.
  path: Assets/Import/HYPEPOLY - Isometric Tiles Standart Lite/Prefabs/Material 2/Fence.prefab
  artifactKey: Guid(760a160301010754c8406349710830ce) Importer(815301076,1909f56bfc062723c751e8b465ee728b)
Start importing Assets/Import/HYPEPOLY - Isometric Tiles Standart Lite/Prefabs/Material 2/Fence.prefab using Guid(760a160301010754c8406349710830ce) Importer(815301076,1909f56bfc062723c751e8b465ee728b)  -> (artifact id: 'a815f9f2ccaa13b0bfd262e54ba3d720') in 0.015095 seconds 
========================================================================
Received Import Request.
  Time since last request: 3.198783 seconds.
  path: Assets/Import/HYPEPOLY - Isometric Tiles Standart Lite/Prefabs/Material 2/Fence.prefab
  artifactKey: Guid(760a160301010754c8406349710830ce) Importer(815301076,1909f56bfc062723c751e8b465ee728b)
Start importing Assets/Import/HYPEPOLY - Isometric Tiles Standart Lite/Prefabs/Material 2/Fence.prefab using Guid(760a160301010754c8406349710830ce) Importer(815301076,1909f56bfc062723c751e8b465ee728b)  -> (artifact id: '830981695232cf90a3f7d0430aac863a') in 0.010781 seconds 
========================================================================
Received Import Request.
  Time since last request: 1123.940293 seconds.
  path: Assets/Import/HYPEPOLY - Isometric Tiles Standart Lite/Prefabs/Material 2/Tree 1.prefab
  artifactKey: Guid(3c35546a5208df9409b96c23d4121d80) Importer(815301076,1909f56bfc062723c751e8b465ee728b)
Start importing Assets/Import/HYPEPOLY - Isometric Tiles Standart Lite/Prefabs/Material 2/Tree 1.prefab using Guid(3c35546a5208df9409b96c23d4121d80) Importer(815301076,1909f56bfc062723c751e8b465ee728b)  -> (artifact id: '7534acda3ce1a57ef6372ee66cffaa7a') in 0.028337 seconds 
========================================================================
Received Import Request.
  Time since last request: 1.470788 seconds.
  path: Assets/Import/HYPEPOLY - Isometric Tiles Standart Lite/Prefabs/Material 2/Tree 1.prefab
  artifactKey: Guid(3c35546a5208df9409b96c23d4121d80) Importer(815301076,1909f56bfc062723c751e8b465ee728b)
Start importing Assets/Import/HYPEPOLY - Isometric Tiles Standart Lite/Prefabs/Material 2/Tree 1.prefab using Guid(3c35546a5208df9409b96c23d4121d80) Importer(815301076,1909f56bfc062723c751e8b465ee728b)  -> (artifact id: '201d510c3c7cca6b321e5853e606dd96') in 0.017273 seconds 
========================================================================
Received Import Request.
  Time since last request: 6.719227 seconds.
  path: Assets/Import/HYPEPOLY - Isometric Tiles Standart Lite/Prefabs/Material 2/Tree 1.prefab
  artifactKey: Guid(3c35546a5208df9409b96c23d4121d80) Importer(815301076,1909f56bfc062723c751e8b465ee728b)
Start importing Assets/Import/HYPEPOLY - Isometric Tiles Standart Lite/Prefabs/Material 2/Tree 1.prefab using Guid(3c35546a5208df9409b96c23d4121d80) Importer(815301076,1909f56bfc062723c751e8b465ee728b)  -> (artifact id: '9403fbfddc239aafb3c3cb5c43ca618a') in 0.016895 seconds 
========================================================================
Received Import Request.
  Time since last request: 11.438023 seconds.
  path: Assets/Import/HYPEPOLY - Isometric Tiles Standart Lite/Prefabs/Material 2/Tree 2.prefab
  artifactKey: Guid(1d0d62047c0ad0d469d62127fbd1e23d) Importer(815301076,1909f56bfc062723c751e8b465ee728b)
Start importing Assets/Import/HYPEPOLY - Isometric Tiles Standart Lite/Prefabs/Material 2/Tree 2.prefab using Guid(1d0d62047c0ad0d469d62127fbd1e23d) Importer(815301076,1909f56bfc062723c751e8b465ee728b)  -> (artifact id: '48b4f873dde14ef4426dd9ed9a8e4f82') in 0.011780 seconds 
